<?xml version="1.0" encoding="utf-8"?><testsuites name="pytest tests"><testsuite name="pytest" errors="0" failures="0" skipped="0" tests="15" time="4.671" timestamp="2026-05-02T05:12:32.235728+00:00" hostname="agent-env-d18ffc68-6865-4910-bcea-395826c8d1cd"><testcase classname="backend.tests.test_final_aaa_games.TestGinRummy" name="test_start" time="1.035" /><testcase classname="backend.tests.test_final_aaa_games.TestGinRummy" name="test_draw_then_discard_advances_turn" time="0.145" /><testcase classname="backend.tests.test_final_aaa_games.TestGinRummy" name="test_knock_with_high_deadwood_rejected" time="0.146" /><testcase classname="backend.tests.test_final_aaa_games.TestRummy" name="test_start_4p" time="0.053" /><testcase classname="backend.tests.test_final_aaa_games.TestRummy" name="test_start_2p" time="0.049" /><testcase classname="backend.tests.test_final_aaa_games.TestRummy" name="test_draw_discard_cycle" time="0.149" /><testcase classname="backend.tests.test_final_aaa_games.TestRummy" name="test_declare_rejected_when_invalid" time="0.145" /><testcase classname="backend.tests.test_final_aaa_games.TestWar" name="test_start" time="0.048" /><testcase classname="backend.tests.test_final_aaa_games.TestWar" name="test_play_round" time="0.051" /><testcase classname="backend.tests.test_final_aaa_games.TestWar" name="test_match_finishes" time="2.499" /><testcase classname="backend.tests.test_final_aaa_games.TestRegressionPriorAAA" name="test_start_returns_200[/api/spades-practice/start]" time="0.059" /><testcase classname="backend.tests.test_final_aaa_games.TestRegressionPriorAAA" name="test_start_returns_200[/api/bid-whist-practice/start]" time="0.050" /><testcase classname="backend.tests.test_final_aaa_games.TestRegressionPriorAAA" name="test_start_returns_200[/api/hearts-practice/start]" time="0.053" /><testcase classname="backend.tests.test_final_aaa_games.TestRegressionPriorAAA" name="test_start_returns_200[/api/crazy-eights-practice/start]" time="0.050" /><testcase classname="backend.tests.test_final_aaa_games.TestRegressionPriorAAA" name="test_start_returns_200[/api/go-fish-practice/start]" time="0.048" /></testsuite></testsuites>