<?xml version="1.0" encoding="utf-8"?><testsuites name="pytest tests"><testsuite name="pytest" errors="0" failures="0" skipped="1" tests="14" time="1.887" timestamp="2026-04-21T03:20:07.559948+00:00" hostname="agent-env-d18ffc68-6865-4910-bcea-395826c8d1cd"><testcase classname="tests.test_four_new_card_games_integration.TestSpadesPractice" name="test_start_deals_13_cards_and_bidding_phase" time="0.910" /><testcase classname="tests.test_four_new_card_games_integration.TestSpadesPractice" name="test_bid_then_ai_bids_and_advance_to_playing" time="0.050" /><testcase classname="tests.test_four_new_card_games_integration.TestSpadesPractice" name="test_play_one_card_advances" time="0.105" /><testcase classname="tests.test_four_new_card_games_integration.TestBlackjackUniversal" name="test_start_creates_seats" time="0.058" /><testcase classname="tests.test_four_new_card_games_integration.TestBlackjackUniversal" name="test_bet_deals_cards_and_phase_playing" time="0.051" /><testcase classname="tests.test_four_new_card_games_integration.TestBlackjackUniversal" name="test_action_stand_progresses_and_settles" time="0.055"><skipped type="pytest.skip" message="hand already settled (natural blackjack)">/app/backend/tests/test_four_new_card_games_integration.py:110: hand already settled (natural blackjack)</skipped></testcase><testcase classname="tests.test_four_new_card_games_integration.TestPokerPractice" name="test_start_creates_4_seats_blinds_posted" time="0.049" /><testcase classname="tests.test_four_new_card_games_integration.TestPokerPractice" name="test_action_call_or_check" time="0.052" /><testcase classname="tests.test_four_new_card_games_integration.TestPokerPractice" name="test_fold_returns_ok" time="0.098" /><testcase classname="tests.test_four_new_card_games_integration.TestRummyPractice" name="test_start_deals_10_cards" time="0.049" /><testcase classname="tests.test_four_new_card_games_integration.TestRummyPractice" name="test_draw_stock_adds_card" time="0.047" /><testcase classname="tests.test_four_new_card_games_integration.TestRummyPractice" name="test_discard_switches_to_bot_then_back_to_user" time="0.105" /><testcase classname="tests.test_four_new_card_games_integration.TestRegressions" name="test_baccarat_routes_reachable" time="0.051" /><testcase classname="tests.test_four_new_card_games_integration.TestRegressions" name="test_admin_vault_login" time="0.124" /></testsuite></testsuites>