<?xml version="1.0" encoding="utf-8"?><testsuites name="pytest tests"><testsuite name="pytest" errors="0" failures="1" skipped="0" tests="10" time="2.826" timestamp="2026-05-01T16:00:04.681707+00:00" hostname="agent-env-d18ffc68-6865-4910-bcea-395826c8d1cd"><testcase classname="backend.tests.test_iter_jan_2026_genius_cap_enforcement" name="test_user_remaining_drops_to_5_after_seed" time="0.512" /><testcase classname="backend.tests.test_iter_jan_2026_genius_cap_enforcement" name="test_purchase_over_cap_rejected_400" time="0.191" /><testcase classname="backend.tests.test_iter_jan_2026_genius_cap_enforcement" name="test_purchase_succeeds_when_admin_lifts_cap" time="0.263" /><testcase classname="backend.tests.test_iter_jan_2026_genius_cap.TestGeniusCapPublic" name="test_public_shape" time="0.108" /><testcase classname="backend.tests.test_iter_jan_2026_genius_cap.TestGeniusCapPublic" name="test_genius_sold_matches_db" time="0.146"><failure message="AssertionError: genius_sold mismatch: API returned 0 but DB has 5 Genius chairs purchased. Likely caused by `status: active` filter in aggregation excluding all docs.&#10;assert 0 == 5">backend/tests/test_iter_jan_2026_genius_cap.py:76: in test_genius_sold_matches_db
    assert api_sold == actual_sold, (
E   AssertionError: genius_sold mismatch: API returned 0 but DB has 5 Genius chairs purchased. Likely caused by `status: active` filter in aggregation excluding all docs.
E   assert 0 == 5</failure></testcase><testcase classname="backend.tests.test_iter_jan_2026_genius_cap.TestGeniusCapPublic" name="test_authed_user_remaining" time="0.227" /><testcase classname="backend.tests.test_iter_jan_2026_genius_cap.TestEconomicsExposesCap" name="test_economics_exposes_new_fields" time="0.141" /><testcase classname="backend.tests.test_iter_jan_2026_genius_cap.TestAdminToggle" name="test_non_admin_blocked" time="0.138" /><testcase classname="backend.tests.test_iter_jan_2026_genius_cap.TestAdminToggle" name="test_admin_lift_then_reengage" time="0.390" /><testcase classname="backend.tests.test_iter_jan_2026_genius_cap.TestCapMath" name="test_remaining_consistent_with_phase" time="0.469" /></testsuite></testsuites>