<?xml version="1.0" encoding="utf-8"?><testsuites name="pytest tests"><testsuite name="pytest" errors="0" failures="1" skipped="0" tests="14" time="1.788" timestamp="2026-05-15T17:03:27.722912+00:00" hostname="agent-env-d18ffc68-6865-4910-bcea-395826c8d1cd"><testcase classname="tests.test_high_roller_mvp.TestTiers" name="test_tiers_public_locked_pricing" time="0.228" /><testcase classname="tests.test_high_roller_mvp.TestEligibility" name="test_eligibility_initial_false" time="0.071" /><testcase classname="tests.test_high_roller_mvp.TestCheckout" name="test_checkout_valid_tier_returns_url" time="0.496" /><testcase classname="tests.test_high_roller_mvp.TestCheckout" name="test_checkout_invalid_tier_400" time="0.073" /><testcase classname="tests.test_high_roller_mvp.TestBlackjackVipGate" name="test_deal_without_vip_returns_403" time="0.062" /><testcase classname="tests.test_high_roller_mvp.TestVipGrantAndDeal" name="test_eligibility_flips_to_true" time="0.200" /><testcase classname="tests.test_high_roller_mvp.TestVipGrantAndDeal" name="test_deal_below_min_returns_400" time="0.072" /><testcase classname="tests.test_high_roller_mvp.TestVipGrantAndDeal" name="test_deal_at_min_returns_200_with_vip_chrome" time="0.080" /><testcase classname="tests.test_high_roller_mvp.TestGrantIdempotency" name="test_grant_idempotent_on_same_session" time="0.004" /><testcase classname="tests.test_high_roller_mvp.TestStandardBlackjackIsolation" name="test_standard_blackjack_still_enforces_50_floor" time="0.064" /><testcase classname="tests.test_high_roller_mvp.TestStandardBlackjackIsolation" name="test_standard_blackjack_accepts_50" time="0.067" /><testcase classname="tests.test_high_roller_mvp.TestScaleCacheNoop" name="test_cache_get_no_raise_without_redis" time="0.001" /><testcase classname="tests.test_high_roller_mvp.TestCloudflareLiveInputs" name="test_live_inputs_endpoint_responds" time="0.069"><failure message="AssertionError: Cloudflare endpoint 5xx (cache fallback broken): Internal Server Error&#10;assert 500 &lt; 500&#10; +  where 500 = &lt;Response [500]&gt;.status_code">tests/test_high_roller_mvp.py:254: in test_live_inputs_endpoint_responds
    assert r.status_code &lt; 500, f"Cloudflare endpoint 5xx (cache fallback broken): {r.text}"
E   AssertionError: Cloudflare endpoint 5xx (cache fallback broken): Internal Server Error
E   assert 500 &lt; 500
E    +  where 500 = &lt;Response [500]&gt;.status_code</failure></testcase><testcase classname="tests.test_high_roller_mvp.TestStripeWebhookVipPrefix" name="test_vip_prefix_routes_to_apply_vip_grant" time="0.192" /></testsuite></testsuites>