<?xml version="1.0" encoding="utf-8"?><testsuites name="pytest tests"><testsuite name="pytest" errors="0" failures="0" skipped="0" tests="31" time="4.286" timestamp="2026-04-27T18:03:44.190179+00:00" hostname="agent-env-d18ffc68-6865-4910-bcea-395826c8d1cd"><testcase classname="backend.tests.test_iter_jan_2026_big_wheel_apex_solana_lifespan.TestBigWheelLounge" name="test_stats_public_baseline" time="0.828" /><testcase classname="backend.tests.test_iter_jan_2026_big_wheel_apex_solana_lifespan.TestBigWheelLounge" name="test_lobbies_public_shape" time="0.064" /><testcase classname="backend.tests.test_iter_jan_2026_big_wheel_apex_solana_lifespan.TestBigWheelLounge" name="test_leaderboard_public_shape_empty_safe" time="0.059" /><testcase classname="backend.tests.test_iter_jan_2026_big_wheel_apex_solana_lifespan.TestBigWheelLounge" name="test_leaderboard_period_days_bounds" time="0.234" /><testcase classname="backend.tests.test_iter_jan_2026_big_wheel_apex_solana_lifespan.TestBigWheelLounge" name="test_create_big_wheel_game_updates_stats" time="0.534" /><testcase classname="backend.tests.test_iter_jan_2026_big_wheel_apex_solana_lifespan.TestApexWishlist" name="test_400_when_neither_user_nor_email" time="0.064" /><testcase classname="backend.tests.test_iter_jan_2026_big_wheel_apex_solana_lifespan.TestApexWishlist" name="test_anonymous_with_email_creates_row" time="0.060" /><testcase classname="backend.tests.test_iter_jan_2026_big_wheel_apex_solana_lifespan.TestApexWishlist" name="test_count_reflects_new_row" time="0.078" /><testcase classname="backend.tests.test_iter_jan_2026_big_wheel_apex_solana_lifespan.TestApexWishlist" name="test_idempotent_update_on_repeat" time="0.190" /><testcase classname="backend.tests.test_iter_jan_2026_big_wheel_apex_solana_lifespan.TestApexWishlist" name="test_chairs_wanted_bounds" time="0.123" /><testcase classname="backend.tests.test_iter_jan_2026_big_wheel_apex_solana_lifespan.TestApexWishlist" name="test_admin_wishlist_unauth_401" time="0.068" /><testcase classname="backend.tests.test_iter_jan_2026_big_wheel_apex_solana_lifespan.TestApexWishlist" name="test_admin_wishlist_authed" time="0.164" /><testcase classname="backend.tests.test_iter_jan_2026_big_wheel_apex_solana_lifespan.TestMilestoneRecap" name="test_unauth_401" time="0.053" /><testcase classname="backend.tests.test_iter_jan_2026_big_wheel_apex_solana_lifespan.TestMilestoneRecap" name="test_recap_authed_default" time="0.063" /><testcase classname="backend.tests.test_iter_jan_2026_big_wheel_apex_solana_lifespan.TestMilestoneRecap" name="test_recap_period_days_bounds" time="0.099" /><testcase classname="backend.tests.test_iter_jan_2026_big_wheel_apex_solana_lifespan.TestSolanaNetwork" name="test_fees_unauth_401" time="0.055" /><testcase classname="backend.tests.test_iter_jan_2026_big_wheel_apex_solana_lifespan.TestSolanaNetwork" name="test_tps_unauth_401" time="0.060" /><testcase classname="backend.tests.test_iter_jan_2026_big_wheel_apex_solana_lifespan.TestSolanaNetwork" name="test_fees_authed_devnet" time="0.207" /><testcase classname="backend.tests.test_iter_jan_2026_big_wheel_apex_solana_lifespan.TestSolanaNetwork" name="test_tps_authed_devnet_real_data" time="0.260" /><testcase classname="backend.tests.test_iter_jan_2026_big_wheel_apex_solana_lifespan.TestSolanaNetwork" name="test_tps_samples_clamped" time="0.174" /><testcase classname="backend.tests.test_iter_jan_2026_big_wheel_apex_solana_lifespan.TestLifespanSpreadTest" name="test_route_lives[/api/health-expected_codes0]" time="0.078" /><testcase classname="backend.tests.test_iter_jan_2026_big_wheel_apex_solana_lifespan.TestLifespanSpreadTest" name="test_route_lives[/api/chairs/phase-expected_codes1]" time="0.058" /><testcase classname="backend.tests.test_iter_jan_2026_big_wheel_apex_solana_lifespan.TestLifespanSpreadTest" name="test_route_lives[/api/economy/health-expected_codes2]" time="0.079" /><testcase classname="backend.tests.test_iter_jan_2026_big_wheel_apex_solana_lifespan.TestLifespanSpreadTest" name="test_route_lives[/api/founders-pass/tiers-expected_codes3]" time="0.069" /><testcase classname="backend.tests.test_iter_jan_2026_big_wheel_apex_solana_lifespan.TestLifespanSpreadTest" name="test_route_lives[/api/multiplayer/stats-expected_codes4]" time="0.073" /><testcase classname="backend.tests.test_iter_jan_2026_big_wheel_apex_solana_lifespan.TestLifespanSpreadTest" name="test_route_lives[/api/spades/rulesets-expected_codes5]" time="0.055" /><testcase classname="backend.tests.test_iter_jan_2026_big_wheel_apex_solana_lifespan.TestLifespanSpreadTest" name="test_route_lives[/api/apex/status-expected_codes6]" time="0.055" /><testcase classname="backend.tests.test_iter_jan_2026_big_wheel_apex_solana_lifespan.TestLifespanSpreadTest" name="test_route_lives[/api/admin/audit/feed-expected_codes7]" time="0.062" /><testcase classname="backend.tests.test_iter_jan_2026_big_wheel_apex_solana_lifespan.TestLifespanSpreadTest" name="test_route_lives[/api/preferences/table-style-expected_codes8]" time="0.059" /><testcase classname="backend.tests.test_iter_jan_2026_big_wheel_apex_solana_lifespan.TestLifespanSpreadTest" name="test_route_lives[/api/coins/leaderboard-expected_codes9]" time="0.085" /><testcase classname="backend.tests.test_iter_jan_2026_big_wheel_apex_solana_lifespan.TestLifespanSpreadTest" name="test_backend_health_responsive" time="0.065" /></testsuite></testsuites>