<?xml version="1.0" encoding="utf-8"?><testsuites name="pytest tests"><testsuite name="pytest" errors="2" failures="0" skipped="0" tests="2" time="6.256" timestamp="2026-04-23T06:07:00.298811+00:00" hostname="agent-env-d18ffc68-6865-4910-bcea-395826c8d1cd"><testcase classname="" name="tests.test_iter103_audit" time="0.000"><error message="collection failure">E   KeyError: 'REACT_APP_BACKEND_URL'</error></testcase><testcase classname="" name="tests.test_practice" time="0.000"><error message="collection failure">E   AttributeError: 'NoneType' object has no attribute 'rstrip'</error></testcase></testsuite></testsuites>