<?xml version="1.0" encoding="utf-8"?><testsuites name="pytest tests"><testsuite name="pytest" errors="0" failures="4" skipped="1" tests="20" time="2.518" timestamp="2026-04-24T22:57:40.719109+00:00" hostname="agent-env-d18ffc68-6865-4910-bcea-395826c8d1cd"><testcase classname="tests.test_iter118_system_audit" name="test_a1_demo_login" time="0.867" /><testcase classname="tests.test_iter118_system_audit" name="test_a2_real_login" time="0.303" /><testcase classname="tests.test_iter118_system_audit" name="test_a3_auth_me" time="0.100" /><testcase classname="tests.test_iter118_system_audit" name="test_a4_bidwhist_start" time="0.055"><failure message="AssertionError: 422 {&quot;detail&quot;:[{&quot;type&quot;:&quot;missing&quot;,&quot;loc&quot;:[&quot;body&quot;,&quot;partner_id&quot;],&quot;msg&quot;:&quot;Field required&quot;,&quot;input&quot;:{},&quot;url&quot;:&quot;https://errors.pydantic.dev/2.12/v/missing&quot;},{&quot;type&quot;:&quot;missing&quot;,&quot;loc&quot;:[&quot;body&quot;,&quot;opponent1_id&quot;],&quot;msg&quot;:&quot;Field required&quot;,&quot;input&quot;:{},&quot;url&quot;:&quot;https://errors.pydantic.dev/2.12/v/missing&quot;},{&quot;type&quot;:&quot;missing&quot;,&quot;loc&quot;&#10;assert 422 in (200, 201)&#10; +  where 422 = &lt;Response [422]&gt;.status_code">tests/test_iter118_system_audit.py:64: in test_a4_bidwhist_start
    assert r.status_code in (200, 201), f"{r.status_code} {r.text[:300]}"
E   AssertionError: 422 {"detail":[{"type":"missing","loc":["body","partner_id"],"msg":"Field required","input":{},"url":"https://errors.pydantic.dev/2.12/v/missing"},{"type":"missing","loc":["body","opponent1_id"],"msg":"Field required","input":{},"url":"https://errors.pydantic.dev/2.12/v/missing"},{"type":"missing","loc"
E   assert 422 in (200, 201)
E    +  where 422 = &lt;Response [422]&gt;.status_code</failure></testcase><testcase classname="tests.test_iter118_system_audit" name="test_a5_bidwhist_game_state" time="0.000"><skipped type="pytest.skip" message="A4 failed">/app/backend/tests/test_iter118_system_audit.py:75: A4 failed</skipped></testcase><testcase classname="tests.test_iter118_system_audit" name="test_a6_bidwhist_practice_start" time="0.271"><failure message="Failed: None worked: [('/bid-whist-practice/start', 500), ('/bid-whist/practice/start', 404), ('/practice/bid_whist/start', 404)]">tests/test_iter118_system_audit.py:93: in test_a6_bidwhist_practice_start
    pytest.fail(f"None worked: {tried}")
E   Failed: None worked: [('/bid-whist-practice/start', 500), ('/bid-whist/practice/start', 404), ('/practice/bid_whist/start', 404)]</failure></testcase><testcase classname="tests.test_iter118_system_audit" name="test_a7_practice_start[poker]" time="0.078" /><testcase classname="tests.test_iter118_system_audit" name="test_a7_practice_start[hearts]" time="0.049" /><testcase classname="tests.test_iter118_system_audit" name="test_a7_practice_start[spades]" time="0.051" /><testcase classname="tests.test_iter118_system_audit" name="test_a7_practice_start[blackjack]" time="0.052" /><testcase classname="tests.test_iter118_system_audit" name="test_a7_practice_start[rummy]" time="0.049" /><testcase classname="tests.test_iter118_system_audit" name="test_a7_practice_start[gin_rummy]" time="0.046"><failure message="AssertionError: gin_rummy -&gt; 400 {&quot;detail&quot;:&quot;Game type gin_rummy not supported for practice mode&quot;}&#10;assert 400 in (200, 201)&#10; +  where 400 = &lt;Response [400]&gt;.status_code">tests/test_iter118_system_audit.py:103: in test_a7_practice_start
    assert r.status_code in (200, 201), f"{game_type} -&gt; {r.status_code} {r.text[:200]}"
E   AssertionError: gin_rummy -&gt; 400 {"detail":"Game type gin_rummy not supported for practice mode"}
E   assert 400 in (200, 201)
E    +  where 400 = &lt;Response [400]&gt;.status_code</failure></testcase><testcase classname="tests.test_iter118_system_audit" name="test_a7_practice_start[go_fish]" time="0.048" /><testcase classname="tests.test_iter118_system_audit" name="test_a7_practice_start[crazy_eights]" time="0.050" /><testcase classname="tests.test_iter118_system_audit" name="test_a7_practice_start[war]" time="0.049"><failure message="AssertionError: war -&gt; 400 {&quot;detail&quot;:&quot;Game type war not supported for practice mode&quot;}&#10;assert 400 in (200, 201)&#10; +  where 400 = &lt;Response [400]&gt;.status_code">tests/test_iter118_system_audit.py:103: in test_a7_practice_start
    assert r.status_code in (200, 201), f"{game_type} -&gt; {r.status_code} {r.text[:200]}"
E   AssertionError: war -&gt; 400 {"detail":"Game type war not supported for practice mode"}
E   assert 400 in (200, 201)
E    +  where 400 = &lt;Response [400]&gt;.status_code</failure></testcase><testcase classname="tests.test_iter118_system_audit" name="test_a8_health_endpoints" time="0.143" /><testcase classname="tests.test_iter118_system_audit" name="test_a9_socketio_handshake" time="0.048" /><testcase classname="tests.test_iter118_system_audit" name="test_games_catalog[/games]" time="0.051" /><testcase classname="tests.test_iter118_system_audit" name="test_games_catalog[/multiplayer/games]" time="0.059" /><testcase classname="tests.test_iter118_system_audit" name="test_games_catalog[/matchmaking/games]" time="0.046" /></testsuite></testsuites>