<?xml version="1.0" encoding="utf-8"?><testsuites name="pytest tests"><testsuite name="pytest" errors="1" failures="1" skipped="0" tests="10" time="4.638" timestamp="2026-05-02T20:28:32.019237+00:00" hostname="agent-env-d18ffc68-6865-4910-bcea-395826c8d1cd"><testcase classname="tests.test_iter_jan2026_beta_stripe_pinochle.TestBetaFeedback" name="test_submit_feedback" time="2.594" /><testcase classname="tests.test_iter_jan2026_beta_stripe_pinochle.TestBetaFeedback" name="test_admin_list_feedback_contains_submission" time="0.118"><error message="failed on setup with &quot;AssertionError: vault-auth failed: 422 {&quot;detail&quot;:[{&quot;type&quot;:&quot;missing&quot;,&quot;loc&quot;:[&quot;body&quot;,&quot;code&quot;],&quot;msg&quot;:&quot;Field required&quot;,&quot;input&quot;:{&quot;password&quot;:&quot;GlobalVibez_Founder_2025!&quot;,&quot;totp_code&quot;:&quot;000000&quot;},&quot;url&quot;:&quot;https://errors.pydantic.dev/2.12/v/missing&quot;}]}&#10;assert 422 == 200&#10; +  where 422 = &lt;Response [422]&gt;.status_code&quot;">tests/test_iter_jan2026_beta_stripe_pinochle.py:35: in admin_session
    assert r.status_code == 200, f"vault-auth failed: {r.status_code} {r.text[:200]}"
E   AssertionError: vault-auth failed: 422 {"detail":[{"type":"missing","loc":["body","code"],"msg":"Field required","input":{"password":"GlobalVibez_Founder_2025!","totp_code":"000000"},"url":"https://errors.pydantic.dev/2.12/v/missing"}]}
E   assert 422 == 200
E    +  where 422 = &lt;Response [422]&gt;.status_code</error></testcase><testcase classname="tests.test_iter_jan2026_beta_stripe_pinochle.TestBetaFeedback" name="test_feedback_requires_auth" time="0.142" /><testcase classname="tests.test_iter_jan2026_beta_stripe_pinochle.TestHungryVibesSponsorship" name="test_checkout_creates_stripe_session" time="0.658" /><testcase classname="tests.test_iter_jan2026_beta_stripe_pinochle.TestHungryVibesSponsorship" name="test_verify_rejects_invalid_session" time="0.279"><failure message="AssertionError: expected 400/403/404/503 for invalid session, got 500: Internal Server Error&#10;assert 500 in (400, 403, 404, 503)&#10; +  where 500 = &lt;Response [500]&gt;.status_code">tests/test_iter_jan2026_beta_stripe_pinochle.py:114: in test_verify_rejects_invalid_session
    assert r.status_code in (400, 403, 404, 503), \
E   AssertionError: expected 400/403/404/503 for invalid session, got 500: Internal Server Error
E   assert 500 in (400, 403, 404, 503)
E    +  where 500 = &lt;Response [500]&gt;.status_code</failure></testcase><testcase classname="tests.test_iter_jan2026_beta_stripe_pinochle.TestPinochlePractice" name="test_full_cycle" time="0.391" /><testcase classname="tests.test_iter_jan2026_beta_stripe_pinochle.TestPinochlePractice" name="test_start_requires_auth" time="0.130" /><testcase classname="tests.test_iter_jan2026_beta_stripe_pinochle.TestAAAGameRoutesRegression" name="test_endpoint_not_500[/api/spades-practice/start-POST-body0]" time="0.068" /><testcase classname="tests.test_iter_jan2026_beta_stripe_pinochle.TestAAAGameRoutesRegression" name="test_endpoint_not_500[/api/hearts-practice/start-POST-body1]" time="0.060" /><testcase classname="tests.test_iter_jan2026_beta_stripe_pinochle.TestAAAGameRoutesRegression" name="test_endpoint_not_500[/api/crazy-eights/start-POST-body2]" time="0.052" /></testsuite></testsuites>