<?xml version="1.0" encoding="utf-8"?><testsuites name="pytest tests"><testsuite name="pytest" errors="0" failures="0" skipped="0" tests="10" time="3.356" timestamp="2026-04-29T05:30:20.990882+00:00" hostname="agent-env-d18ffc68-6865-4910-bcea-395826c8d1cd"><testcase classname="backend.tests.test_iter_jan_2026_phantom_sweep_perf.TestSweepBalance" name="test_401_without_admin" time="2.204" /><testcase classname="backend.tests.test_iter_jan_2026_phantom_sweep_perf.TestSweepBalance" name="test_400_invalid_address" time="0.215" /><testcase classname="backend.tests.test_iter_jan_2026_phantom_sweep_perf.TestSweepBalance" name="test_200_valid_address" time="0.235" /><testcase classname="backend.tests.test_iter_jan_2026_phantom_sweep_perf.TestSweepInstructions" name="test_401_without_admin" time="0.061" /><testcase classname="backend.tests.test_iter_jan_2026_phantom_sweep_perf.TestSweepInstructions" name="test_400_when_old_equals_current" time="0.046" /><testcase classname="backend.tests.test_iter_jan_2026_phantom_sweep_perf.TestSweepInstructions" name="test_400_invalid_address" time="0.046" /><testcase classname="backend.tests.test_iter_jan_2026_phantom_sweep_perf.TestSweepInstructions" name="test_200_valid_different_wallet" time="0.254" /><testcase classname="backend.tests.test_iter_jan_2026_phantom_sweep_perf.TestPerfSnapshot" name="test_401_without_admin" time="0.053" /><testcase classname="backend.tests.test_iter_jan_2026_phantom_sweep_perf.TestPerfSnapshot" name="test_200_with_admin_and_sort" time="0.047" /><testcase classname="backend.tests.test_iter_jan_2026_phantom_sweep_perf.TestSolanaIndexerStatus" name="test_treasury_wallet_in_env" time="0.053" /></testsuite></testsuites>