<?xml version="1.0" encoding="utf-8"?><testsuites name="pytest tests"><testsuite name="pytest" errors="0" failures="0" skipped="0" tests="26" time="3.081" timestamp="2026-04-21T13:21:00.732803+00:00" hostname="agent-env-d18ffc68-6865-4910-bcea-395826c8d1cd"><testcase classname="tests.unit.test_tournament_engine.TestScoreRound" name="test_spades_made_bid_gets_boost" time="0.001" /><testcase classname="tests.unit.test_tournament_engine.TestScoreRound" name="test_spades_score_clamped" time="0.000" /><testcase classname="tests.unit.test_tournament_engine.TestScoreRound" name="test_blackjack_pnl_positive_above_500" time="0.000" /><testcase classname="tests.unit.test_tournament_engine.TestScoreRound" name="test_blackjack_pnl_negative_below_500" time="0.000" /><testcase classname="tests.unit.test_tournament_engine.TestScoreRound" name="test_blackjack_pnl_zero_is_midpoint" time="0.000" /><testcase classname="tests.unit.test_tournament_engine.TestScoreRound" name="test_poker_doubling_stack_caps" time="0.000" /><testcase classname="tests.unit.test_tournament_engine.TestScoreRound" name="test_poker_negative_clamped" time="0.000" /><testcase classname="tests.unit.test_tournament_engine.TestScoreRound" name="test_rummy_gin_gets_bonus" time="0.000" /><testcase classname="tests.unit.test_tournament_engine.TestScoreRound" name="test_rummy_deadwood_penalty" time="0.000" /><testcase classname="tests.unit.test_tournament_engine.TestScoreRound" name="test_bid_whist_made_bid_rewards" time="0.000" /><testcase classname="tests.unit.test_tournament_engine.TestScoreRound" name="test_bid_whist_downtown_multiplier" time="0.000" /><testcase classname="tests.unit.test_tournament_engine.TestScoreRound" name="test_unknown_scoring_returns_zero" time="0.000" /><testcase classname="tests.unit.test_tournament_engine.TestBotSim" name="test_bot_score_in_range" time="0.000" /><testcase classname="tests.unit.test_tournament_engine.TestBotSim" name="test_bot_score_harder_is_higher_on_average" time="0.000" /><testcase classname="tests.unit.test_tournament_engine.TestScheduler" name="test_daily_next_slot_is_future" time="0.000" /><testcase classname="tests.unit.test_tournament_engine.TestScheduler" name="test_daily_after_time_rolls_over" time="0.000" /><testcase classname="tests.unit.test_tournament_engine.TestScheduler" name="test_every_n_hours" time="0.000" /><testcase classname="tests.unit.test_tournament_engine.TestScheduler" name="test_weekly_saturday" time="0.000" /><testcase classname="tests.unit.test_tournament_engine.TestScheduler" name="test_invalid_cron_returns_none" time="0.000" /><testcase classname="tests.unit.test_card_royale_http" name="test_templates_endpoint_lists_pytest_template" time="0.007" /><testcase classname="tests.unit.test_card_royale_http" name="test_active_lists_our_tournament" time="0.002" /><testcase classname="tests.unit.test_card_royale_http" name="test_auth_required_for_enter" time="0.001" /><testcase classname="tests.unit.test_card_royale_http" name="test_details_endpoint" time="0.002" /><testcase classname="tests.unit.test_card_royale_http" name="test_full_entry_flow_with_header_auth" time="0.010" /><testcase classname="tests.unit.test_card_royale_http" name="test_finalize_requires_admin" time="0.001" /><testcase classname="tests.unit.test_card_royale_http" name="test_finalize_distributes_prizes" time="0.008" /></testsuite></testsuites>