<?xml version="1.0" encoding="utf-8"?><testsuites name="pytest tests"><testsuite name="pytest" errors="0" failures="0" skipped="0" tests="30" time="4.387" timestamp="2026-04-20T20:10:19.756183+00:00" hostname="agent-env-d18ffc68-6865-4910-bcea-395826c8d1cd"><testcase classname="backend.tests.test_admin_vault_and_viberidez.TestVaultLogin" name="test_vault_login_success" time="0.283" /><testcase classname="backend.tests.test_admin_vault_and_viberidez.TestVaultLogin" name="test_vault_login_wrong_password" time="0.116" /><testcase classname="backend.tests.test_admin_vault_and_viberidez.TestCoreAdminEndpoints" name="test_core_endpoint_with_vault_cookie[/api/admin/master-stats]" time="0.197" /><testcase classname="backend.tests.test_admin_vault_and_viberidez.TestCoreAdminEndpoints" name="test_core_endpoint_with_vault_cookie[/api/admin/token-velocity]" time="0.058" /><testcase classname="backend.tests.test_admin_vault_and_viberidez.TestCoreAdminEndpoints" name="test_core_endpoint_with_vault_cookie[/api/admin/live-activity]" time="0.054" /><testcase classname="backend.tests.test_admin_vault_and_viberidez.TestCoreAdminEndpoints" name="test_core_endpoint_with_vault_cookie[/api/admin/high-value-alerts]" time="0.051" /><testcase classname="backend.tests.test_admin_vault_and_viberidez.TestCoreAdminEndpoints" name="test_core_endpoint_with_vault_cookie[/api/admin/system-health]" time="0.055" /><testcase classname="backend.tests.test_admin_vault_and_viberidez.TestCoreAdminEndpoints" name="test_core_endpoint_with_vault_cookie[/api/admin/all-users]" time="0.104" /><testcase classname="backend.tests.test_admin_vault_and_viberidez.TestCoreAdminEndpoints" name="test_core_endpoint_with_vault_cookie[/api/admin/financial-overview]" time="0.054" /><testcase classname="backend.tests.test_admin_vault_and_viberidez.TestCoreAdminEndpoints" name="test_core_endpoint_with_vault_cookie[/api/admin/activity-feed]" time="0.056" /><testcase classname="backend.tests.test_admin_vault_and_viberidez.TestCoreAdminEndpoints" name="test_core_endpoint_with_vault_cookie[/api/admin/streamer-leaderboard]" time="0.054" /><testcase classname="backend.tests.test_admin_vault_and_viberidez.TestCoreAdminEndpoints" name="test_core_endpoint_with_vault_cookie[/api/admin/pending-payouts]" time="0.048" /><testcase classname="backend.tests.test_admin_vault_and_viberidez.TestCoreAdminEndpoints" name="test_core_endpoint_with_vault_cookie[/api/admin/announcements]" time="0.050" /><testcase classname="backend.tests.test_admin_vault_and_viberidez.TestNewV1AdminEndpoints" name="test_v1_endpoint_with_vault_cookie[/api/v1/admin/staff-list]" time="0.059" /><testcase classname="backend.tests.test_admin_vault_and_viberidez.TestNewV1AdminEndpoints" name="test_v1_endpoint_with_vault_cookie[/api/v1/admin/audit-logs]" time="0.051" /><testcase classname="backend.tests.test_admin_vault_and_viberidez.TestNewV1AdminEndpoints" name="test_v1_endpoint_with_vault_cookie[/api/v1/admin/audit-stats]" time="0.054" /><testcase classname="backend.tests.test_admin_vault_and_viberidez.TestNewV1AdminEndpoints" name="test_v1_endpoint_with_vault_cookie[/api/v1/admin/pending-payouts]" time="0.050" /><testcase classname="backend.tests.test_admin_vault_and_viberidez.TestNewV1AdminEndpoints" name="test_v1_endpoint_with_vault_cookie[/api/v1/admin/revenue-summary]" time="0.072" /><testcase classname="backend.tests.test_admin_vault_and_viberidez.TestNewV1AdminEndpoints" name="test_v1_endpoint_with_vault_cookie[/api/v1/admin/payout-history]" time="0.064" /><testcase classname="backend.tests.test_admin_vault_and_viberidez.TestBearerAuthRegression" name="test_bearer_user_can_access_v1_staff_list" time="0.335" /><testcase classname="backend.tests.test_admin_vault_and_viberidez.TestNoAuth" name="test_no_auth_returns_401[/api/v1/admin/staff-list]" time="0.120" /><testcase classname="backend.tests.test_admin_vault_and_viberidez.TestNoAuth" name="test_no_auth_returns_401[/api/v1/admin/audit-logs]" time="0.140" /><testcase classname="backend.tests.test_admin_vault_and_viberidez.TestNoAuth" name="test_no_auth_returns_401[/api/v1/admin/audit-stats]" time="0.161" /><testcase classname="backend.tests.test_admin_vault_and_viberidez.TestNoAuth" name="test_no_auth_returns_401[/api/v1/admin/pending-payouts]" time="0.115" /><testcase classname="backend.tests.test_admin_vault_and_viberidez.TestNoAuth" name="test_no_auth_returns_401[/api/v1/admin/revenue-summary]" time="0.133" /><testcase classname="backend.tests.test_admin_vault_and_viberidez.TestNoAuth" name="test_no_auth_returns_401[/api/v1/admin/payout-history]" time="0.126" /><testcase classname="backend.tests.test_admin_vault_and_viberidez.TestVibeRidezFlow" name="test_request_ride_creates_hail" time="0.305" /><testcase classname="backend.tests.test_admin_vault_and_viberidez.TestVibeRidezFlow" name="test_list_pending_hails" time="0.375" /><testcase classname="backend.tests.test_admin_vault_and_viberidez.TestVibeRidezFlow" name="test_claim_hail_and_double_claim" time="0.662" /><testcase classname="backend.tests.test_admin_vault_and_viberidez.TestVibeRidezFlow" name="test_provider_is_vibe_ridez_not_mock" time="0.293" /></testsuite></testsuites>