<?xml version="1.0" encoding="utf-8"?><testsuites name="pytest tests"><testsuite name="pytest" errors="0" failures="0" skipped="1" tests="11" time="1.699" timestamp="2026-04-22T03:16:50.159935+00:00" hostname="agent-env-d18ffc68-6865-4910-bcea-395826c8d1cd"><testcase classname="backend.tests.test_iter103_audit.TestGamesRoster" name="test_games_list_endpoint" time="0.529" /><testcase classname="backend.tests.test_iter103_audit.TestGamesRoster" name="test_total_game_count_at_least_34" time="0.051" /><testcase classname="backend.tests.test_iter103_audit.TestAuthGates" name="test_games_my_active_requires_auth" time="0.106" /><testcase classname="backend.tests.test_iter103_audit.TestAuthGates" name="test_vanishing_send_requires_auth" time="0.107" /><testcase classname="backend.tests.test_iter103_audit.TestAuthGates" name="test_vanishing_open_requires_auth" time="0.113" /><testcase classname="backend.tests.test_iter103_audit.TestVanishingAuthed" name="test_vanishing_send_with_session" time="0.107" /><testcase classname="backend.tests.test_iter103_audit.TestHttpMultiplayer" name="test_join_queue_chess" time="0.151" /><testcase classname="backend.tests.test_iter103_audit.TestHttpMultiplayer" name="test_check_match_after_join" time="0.099" /><testcase classname="backend.tests.test_iter103_audit.TestCardRoyale" name="test_list_tournaments" time="0.148" /><testcase classname="backend.tests.test_iter103_audit.TestLeaderboard" name="test_vibez_leaderboard_public" time="0.052" /><testcase classname="backend.tests.test_iter103_audit.TestWouldYouRather" name="test_wyr_prompts_endpoint" time="0.167"><skipped type="pytest.skip" message="No WYR prompts endpoint found at common paths — UI may seed locally">/app/backend/tests/test_iter103_audit.py:148: No WYR prompts endpoint found at common paths — UI may seed locally</skipped></testcase></testsuite></testsuites>