<?xml version="1.0" encoding="utf-8"?><testsuites name="pytest tests"><testsuite name="pytest" errors="0" failures="0" skipped="0" tests="9" time="25.025" timestamp="2026-04-26T23:51:48.845936+00:00" hostname="agent-env-d18ffc68-6865-4910-bcea-395826c8d1cd"><testcase classname="backend.tests.test_iter_global_vibez_dsg_2026_01_part2.TestDriverMeOnboarding" name="test_unauthed_returns_401" time="0.247" /><testcase classname="backend.tests.test_iter_global_vibez_dsg_2026_01_part2.TestDriverMeOnboarding" name="test_authed_no_registration_returns_null" time="0.315" /><testcase classname="backend.tests.test_iter_global_vibez_dsg_2026_01_part2.TestDriverMeOnboarding" name="test_authed_driver_registered_returns_row" time="0.109" /><testcase classname="backend.tests.test_iter_global_vibez_dsg_2026_01_part2.TestDriverStatePersistence" name="test_escrow_survives_restart_and_complete_releases" time="12.181" /><testcase classname="backend.tests.test_iter_global_vibez_dsg_2026_01_part2.TestDriverStatePersistence" name="test_hydrate_idempotence_after_second_restart" time="11.558" /><testcase classname="backend.tests.test_iter_global_vibez_dsg_2026_01_part2.TestSolanaIndexerAdmin" name="test_status_returns_payload" time="0.061" /><testcase classname="backend.tests.test_iter_global_vibez_dsg_2026_01_part2.TestSolanaIndexerAdmin" name="test_manual_credit_unknown_returns_404" time="0.053" /><testcase classname="backend.tests.test_iter_global_vibez_dsg_2026_01_part2.TestSolanaIndexerAdmin" name="test_manual_credit_happy_path_then_404_on_repeat" time="0.174" /><testcase classname="backend.tests.test_iter_global_vibez_dsg_2026_01_part2.TestCompleteAuthGate" name="test_complete_without_auth_for_real_rider_id_returns_403" time="0.243" /></testsuite></testsuites>