<?xml version="1.0" encoding="utf-8"?><testsuites name="pytest tests"><testsuite name="pytest" errors="0" failures="0" skipped="0" tests="3" time="1.308" timestamp="2026-04-24T06:30:18.453051+00:00" hostname="agent-env-d18ffc68-6865-4910-bcea-395826c8d1cd"><testcase classname="tests.test_games.TestPracticeGameStart" name="test_start_uno_game" time="0.298" /><testcase classname="tests.test_games.TestGameMoves" name="test_uno_play_card" time="0.740" /><testcase classname="tests.test_games.TestAllGameTypes" name="test_start_all_games[uno]" time="0.164" /></testsuite></testsuites>