<?xml version="1.0" encoding="utf-8"?><testsuites name="pytest tests"><testsuite name="pytest" errors="0" failures="0" skipped="0" tests="12" time="4.264" timestamp="2026-04-22T13:32:27.011605+00:00" hostname="agent-env-d18ffc68-6865-4910-bcea-395826c8d1cd"><testcase classname="tests.test_iter106_voice_pair_and_recent_wins.TestMiningRecentWins" name="test_public_no_auth_default" time="0.278" /><testcase classname="tests.test_iter106_voice_pair_and_recent_wins.TestMiningRecentWins" name="test_limit_cap_at_50" time="0.148" /><testcase classname="tests.test_iter106_voice_pair_and_recent_wins.TestMiningRecentWins" name="test_limit_default_20" time="0.120" /><testcase classname="tests.test_iter106_voice_pair_and_recent_wins.TestMiningRecentWins" name="test_window_hours_accepted" time="0.124" /><testcase classname="tests.test_iter106_voice_pair_and_recent_wins.TestVoicePair" name="test_create_pair_room_shape" time="0.125" /><testcase classname="tests.test_iter106_voice_pair_and_recent_wins.TestVoicePair" name="test_pair_code_uniqueness_5_rapid_creates" time="0.613" /><testcase classname="tests.test_iter106_voice_pair_and_recent_wins.TestVoicePair" name="test_join_full_flow" time="0.590" /><testcase classname="tests.test_iter106_voice_pair_and_recent_wins.TestVoicePair" name="test_get_room_404_and_200" time="0.354" /><testcase classname="tests.test_iter106_voice_pair_and_recent_wins.TestVoicePair" name="test_set_lang_403_and_200" time="0.367" /><testcase classname="tests.test_iter106_voice_pair_and_recent_wins.TestVoicePair" name="test_send_guards" time="0.674" /><testcase classname="tests.test_iter106_voice_pair_and_recent_wins.TestVoicePair" name="test_inbox_guards" time="0.447" /><testcase classname="tests.test_iter106_voice_pair_and_recent_wins.TestVoicePair" name="test_leave_idempotent" time="0.346" /></testsuite></testsuites>