<?xml version="1.0" encoding="utf-8"?><testsuites name="pytest tests"><testsuite name="pytest" errors="0" failures="0" skipped="0" tests="13" time="2.776" timestamp="2026-04-29T14:40:27.576360+00:00" hostname="agent-env-d18ffc68-6865-4910-bcea-395826c8d1cd"><testcase classname="backend.tests.test_iter_jan_2026_perf_alert_qr_sdk.TestPerfAlert" name="test_status_unauth_401" time="0.172" /><testcase classname="backend.tests.test_iter_jan_2026_perf_alert_qr_sdk.TestPerfAlert" name="test_status_with_cookie" time="0.233" /><testcase classname="backend.tests.test_iter_jan_2026_perf_alert_qr_sdk.TestPerfAlert" name="test_test_fire_unauth_401" time="0.124" /><testcase classname="backend.tests.test_iter_jan_2026_perf_alert_qr_sdk.TestPerfAlert" name="test_test_fire_503_when_not_configured" time="0.065" /><testcase classname="backend.tests.test_iter_jan_2026_perf_alert_qr_sdk.TestSquadsRpc" name="test_unauth_401" time="0.121" /><testcase classname="backend.tests.test_iter_jan_2026_perf_alert_qr_sdk.TestSquadsRpc" name="test_with_cookie_returns_rpc" time="0.052" /><testcase classname="backend.tests.test_iter_jan_2026_perf_alert_qr_sdk.TestSquadsRpc" name="test_squads_rpc_not_in_public_surface" time="0.302" /><testcase classname="backend.tests.test_iter_jan_2026_perf_alert_qr_sdk.TestRegression" name="test_public_status" time="0.230" /><testcase classname="backend.tests.test_iter_jan_2026_perf_alert_qr_sdk.TestRegression" name="test_admin_squads_status" time="0.415" /><testcase classname="backend.tests.test_iter_jan_2026_perf_alert_qr_sdk.TestRegression" name="test_admin_dashboard_with_squads" time="0.199" /><testcase classname="backend.tests.test_iter_jan_2026_perf_alert_qr_sdk.TestRegression" name="test_sweep_balance" time="0.600" /><testcase classname="backend.tests.test_iter_jan_2026_perf_alert_qr_sdk.TestRegression" name="test_sweep_instructions" time="0.058" /><testcase classname="backend.tests.test_iter_jan_2026_perf_alert_qr_sdk.TestRegression" name="test_perf_snapshot" time="0.126" /></testsuite></testsuites>