<?xml version="1.0" encoding="utf-8"?><testsuites name="pytest tests"><testsuite name="pytest" errors="0" failures="0" skipped="0" tests="15" time="5.998" timestamp="2026-05-22T20:43:39.939370+00:00" hostname="agent-env-d18ffc68-6865-4910-bcea-395826c8d1cd"><testcase classname="backend.tests.test_viberidez_cargo_e2e" name="test_constants_match_spec" time="1.358" /><testcase classname="backend.tests.test_viberidez_cargo_e2e" name="test_inventory_upsert_requires_auth" time="0.132" /><testcase classname="backend.tests.test_viberidez_cargo_e2e" name="test_order_requires_auth" time="0.140" /><testcase classname="backend.tests.test_viberidez_cargo_e2e" name="test_admin_assign_driver_requires_admin" time="0.554" /><testcase classname="backend.tests.test_viberidez_cargo_e2e" name="test_admin_settlements_requires_admin" time="0.450" /><testcase classname="backend.tests.test_viberidez_cargo_e2e" name="test_inventory_list_returns_upserted" time="0.704" /><testcase classname="backend.tests.test_viberidez_cargo_e2e" name="test_inventory_advertisable_only_filters" time="0.582" /><testcase classname="backend.tests.test_viberidez_cargo_e2e" name="test_order_creates_manifest_and_decrements_inventory" time="0.585" /><testcase classname="backend.tests.test_viberidez_cargo_e2e" name="test_order_my_orders_lists_placed" time="0.070" /><testcase classname="backend.tests.test_viberidez_cargo_e2e" name="test_order_out_of_stock_handled" time="0.483" /><testcase classname="backend.tests.test_viberidez_cargo_e2e" name="test_pickup_with_wrong_plaintext_rejects" time="0.061" /><testcase classname="backend.tests.test_viberidez_cargo_e2e" name="test_driver_assignments_endpoint_no_plaintext_leak" time="0.559" /><testcase classname="backend.tests.test_viberidez_cargo_e2e" name="test_driver_manifest_endpoint_never_returns_hashes" time="0.065" /><testcase classname="backend.tests.test_viberidez_cargo_e2e" name="test_handover_blocked_before_pickup" time="0.073" /><testcase classname="backend.tests.test_viberidez_cargo_e2e" name="test_return_rejected_when_not_delivered" time="0.072" /></testsuite></testsuites>