<?xml version="1.0" encoding="utf-8"?><testsuites name="pytest tests"><testsuite name="pytest" errors="0" failures="0" skipped="0" tests="7" time="2.712" timestamp="2026-05-05T05:10:02.339557+00:00" hostname="agent-env-d18ffc68-6865-4910-bcea-395826c8d1cd"><testcase classname="tests.test_iter_feb18_2026_beta_redeploy_final" name="test_beta_tester_login[betatester1@globalvibez.com]" time="1.179" /><testcase classname="tests.test_iter_feb18_2026_beta_redeploy_final" name="test_beta_tester_login[betatester2@globalvibez.com]" time="0.273" /><testcase classname="tests.test_iter_feb18_2026_beta_redeploy_final" name="test_beta_tester_login[betatester3@globalvibez.com]" time="0.273" /><testcase classname="tests.test_iter_feb18_2026_beta_redeploy_final" name="test_demo_login" time="0.058" /><testcase classname="tests.test_iter_feb18_2026_beta_redeploy_final" name="test_new_signup" time="0.276" /><testcase classname="tests.test_iter_feb18_2026_beta_redeploy_final" name="test_beta_waitlist_public_submit" time="0.313" /><testcase classname="tests.test_iter_feb18_2026_beta_redeploy_final" name="test_beta_tester_wrong_password" time="0.269" /></testsuite></testsuites>