<?xml version="1.0" encoding="utf-8"?><testsuites name="pytest tests"><testsuite name="pytest" errors="0" failures="0" skipped="0" tests="14" time="3.472" timestamp="2026-05-11T19:21:35.826199+00:00" hostname="agent-env-d18ffc68-6865-4910-bcea-395826c8d1cd"><testcase classname="backend.tests.test_iter_jan2026_prebeta_launch_sweep.TestEconomicEngine" name="test_snapshot" time="2.239" /><testcase classname="backend.tests.test_iter_jan2026_prebeta_launch_sweep.TestEconomicEngine" name="test_convert_10_coins" time="0.054" /><testcase classname="backend.tests.test_iter_jan2026_prebeta_launch_sweep.TestEconomicEngine" name="test_burn_rate_midpoint" time="0.056" /><testcase classname="backend.tests.test_iter_jan2026_prebeta_launch_sweep.TestEconomicEngine" name="test_constants" time="0.055" /><testcase classname="backend.tests.test_iter_jan2026_prebeta_launch_sweep.TestAgeVerification" name="test_constants" time="0.052" /><testcase classname="backend.tests.test_iter_jan2026_prebeta_launch_sweep.TestAgeVerification" name="test_refusal_reasons" time="0.048" /><testcase classname="backend.tests.test_iter_jan2026_prebeta_launch_sweep.TestAgeVerification" name="test_eligibility_alcohol_unauth" time="0.052" /><testcase classname="backend.tests.test_iter_jan2026_prebeta_launch_sweep.TestContentRights" name="test_policy" time="0.053" /><testcase classname="backend.tests.test_iter_jan2026_prebeta_launch_sweep.TestRidezNearbyDrivers" name="test_nearby" time="0.055" /><testcase classname="backend.tests.test_iter_jan2026_prebeta_launch_sweep.TestAuthFlow" name="test_login_demo_account" time="0.056" /><testcase classname="backend.tests.test_iter_jan2026_prebeta_launch_sweep.TestAuthFlow" name="test_login_betatester1" time="0.425" /><testcase classname="backend.tests.test_iter_jan2026_prebeta_launch_sweep.TestPageDependencies" name="test_restaurants_list" time="0.055" /><testcase classname="backend.tests.test_iter_jan2026_prebeta_launch_sweep.TestPageDependencies" name="test_vibe_venues_list" time="0.050" /><testcase classname="backend.tests.test_iter_jan2026_prebeta_launch_sweep.TestPageDependencies" name="test_health" time="0.049" /></testsuite></testsuites>