<?xml version="1.0" encoding="utf-8"?><testsuites name="pytest tests"><testsuite name="pytest" errors="0" failures="0" skipped="0" tests="19" time="3.472" timestamp="2026-04-09T16:22:48.676353+00:00" hostname="agent-env-d18ffc68-6865-4910-bcea-395826c8d1cd"><testcase classname="backend.tests.test_celestial_slots.TestSlotsSpinAPI" name="test_spin_success_basic" time="0.278" /><testcase classname="backend.tests.test_celestial_slots.TestSlotsSpinAPI" name="test_spin_with_minimum_bet" time="0.139" /><testcase classname="backend.tests.test_celestial_slots.TestSlotsSpinAPI" name="test_spin_with_maximum_bet" time="0.112" /><testcase classname="backend.tests.test_celestial_slots.TestSlotsSpinAPI" name="test_spin_with_auto_spin_enabled" time="0.115" /><testcase classname="backend.tests.test_celestial_slots.TestSlotsSpinAPI" name="test_spin_invalid_bet_too_low" time="0.172" /><testcase classname="backend.tests.test_celestial_slots.TestSlotsSpinAPI" name="test_spin_invalid_bet_too_high" time="0.148" /><testcase classname="backend.tests.test_celestial_slots.TestSlotsSpinAPI" name="test_spin_symbols_are_valid" time="0.118" /><testcase classname="backend.tests.test_celestial_slots.TestSlotsSpinAPI" name="test_spin_nearby_matches_structure" time="0.128" /><testcase classname="backend.tests.test_celestial_slots.TestSlotsPaytableAPI" name="test_paytable_success" time="0.146" /><testcase classname="backend.tests.test_celestial_slots.TestSlotsPaytableAPI" name="test_paytable_has_all_symbols" time="0.121" /><testcase classname="backend.tests.test_celestial_slots.TestSlotsPaytableAPI" name="test_paytable_symbol_structure" time="0.144" /><testcase classname="backend.tests.test_celestial_slots.TestSlotsPaytableAPI" name="test_paytable_celestial_crown_jackpot" time="0.110" /><testcase classname="backend.tests.test_celestial_slots.TestSlotsPaytableAPI" name="test_paytable_midnight_wild_is_wild" time="0.116" /><testcase classname="backend.tests.test_celestial_slots.TestSlotsPaytableAPI" name="test_paytable_heart_vibe_is_special" time="0.123" /><testcase classname="backend.tests.test_celestial_slots.TestSlotsPaytableAPI" name="test_paytable_dating_bonus_info" time="0.100" /><testcase classname="backend.tests.test_celestial_slots.TestSlotsStatsAPI" name="test_stats_success" time="0.117" /><testcase classname="backend.tests.test_celestial_slots.TestSlotsStatsAPI" name="test_stats_new_user" time="0.116" /><testcase classname="backend.tests.test_celestial_slots.TestSlotsDatingBonus" name="test_dating_multiplier_with_heart_vibe" time="0.962" /><testcase classname="backend.tests.test_celestial_slots.TestSlotsDatingBonus" name="test_nearby_matches_always_present" time="0.111" /></testsuite></testsuites>