<?xml version="1.0" encoding="utf-8"?><testsuites name="pytest tests"><testsuite name="pytest" errors="0" failures="0" skipped="0" tests="16" time="4.454" timestamp="2026-03-27T23:21:23.640545+00:00" hostname="agent-env-d18ffc68-6865-4910-bcea-395826c8d1cd"><testcase classname="backend.tests.test_dating.TestDatingProfileEndpoints" name="test_get_profile_me_unauthenticated" time="0.327" /><testcase classname="backend.tests.test_dating.TestDatingProfileEndpoints" name="test_get_profile_me_empty" time="0.934" /><testcase classname="backend.tests.test_dating.TestDatingProfileEndpoints" name="test_update_profile_basic" time="0.141" /><testcase classname="backend.tests.test_dating.TestDatingProfileEndpoints" name="test_update_profile_detailed" time="0.143" /><testcase classname="backend.tests.test_dating.TestDatingProfileEndpoints" name="test_get_profile_me_after_update" time="0.199" /><testcase classname="backend.tests.test_dating.TestDatingDiscoveryEndpoints" name="test_discover_profiles" time="0.103" /><testcase classname="backend.tests.test_dating.TestDatingDiscoveryEndpoints" name="test_like_profile" time="0.142" /><testcase classname="backend.tests.test_dating.TestDatingDiscoveryEndpoints" name="test_get_matches_empty" time="0.148" /><testcase classname="backend.tests.test_dating.TestDatingGameInvites" name="test_send_game_invite" time="0.117" /><testcase classname="backend.tests.test_dating.TestDatingGameInvites" name="test_get_game_invites" time="0.103" /><testcase classname="backend.tests.test_dating.TestDatingChemistry" name="test_calculate_chemistry" time="0.172" /><testcase classname="backend.tests.test_dating.TestDatingChemistry" name="test_get_icebreakers" time="0.563" /><testcase classname="backend.tests.test_dating.TestDatingPhotoUpload" name="test_upload_dating_photo_unauthenticated" time="0.137" /><testcase classname="backend.tests.test_dating.TestDatingPhotoUpload" name="test_upload_dating_photo_authenticated" time="0.118" /><testcase classname="backend.tests.test_dating.TestDatingMutualMatch" name="test_mutual_match_creates_match_record" time="0.667" /><testcase classname="backend.tests.test_dating" name="test_cleanup" time="0.331" /></testsuite></testsuites>