<?xml version="1.0" encoding="utf-8"?><testsuites name="pytest tests"><testsuite name="pytest" errors="0" failures="0" skipped="0" tests="23" time="6.765" timestamp="2026-03-29T01:08:03.374512+00:00" hostname="agent-env-d18ffc68-6865-4910-bcea-395826c8d1cd"><testcase classname="backend.tests.test_messaging_phase2.TestMessagingPhase2" name="test_send_voice_message_success" time="0.847" /><testcase classname="backend.tests.test_messaging_phase2.TestMessagingPhase2" name="test_send_voice_message_unmatched_users" time="0.112" /><testcase classname="backend.tests.test_messaging_phase2.TestMessagingPhase2" name="test_send_image_message_success" time="0.145" /><testcase classname="backend.tests.test_messaging_phase2.TestMessagingPhase2" name="test_send_image_message_unmatched_users" time="0.160" /><testcase classname="backend.tests.test_messaging_phase2.TestMessagingPhase2" name="test_send_gif_message_success" time="0.161" /><testcase classname="backend.tests.test_messaging_phase2.TestMessagingPhase2" name="test_send_gif_message_unmatched_users" time="0.165" /><testcase classname="backend.tests.test_messaging_phase2.TestMessagingPhase2" name="test_send_text_message_for_search" time="0.698" /><testcase classname="backend.tests.test_messaging_phase2.TestMessagingPhase2" name="test_add_reaction_success" time="0.121" /><testcase classname="backend.tests.test_messaging_phase2.TestMessagingPhase2" name="test_add_multiple_reactions" time="0.241" /><testcase classname="backend.tests.test_messaging_phase2.TestMessagingPhase2" name="test_add_reaction_nonexistent_message" time="0.125" /><testcase classname="backend.tests.test_messaging_phase2.TestMessagingPhase2" name="test_add_duplicate_reaction" time="0.107" /><testcase classname="backend.tests.test_messaging_phase2.TestMessagingPhase2" name="test_remove_reaction_success" time="0.112" /><testcase classname="backend.tests.test_messaging_phase2.TestMessagingPhase2" name="test_remove_nonexistent_reaction" time="0.169" /><testcase classname="backend.tests.test_messaging_phase2.TestMessagingPhase2" name="test_search_messages_success" time="0.122" /><testcase classname="backend.tests.test_messaging_phase2.TestMessagingPhase2" name="test_search_messages_only_text_type" time="0.148" /><testcase classname="backend.tests.test_messaging_phase2.TestMessagingPhase2" name="test_search_messages_with_user_filter" time="0.112" /><testcase classname="backend.tests.test_messaging_phase2.TestMessagingPhase2" name="test_search_messages_empty_results" time="0.123" /><testcase classname="backend.tests.test_messaging_phase2.TestMessagingPhase2" name="test_search_messages_case_insensitive" time="0.215" /><testcase classname="backend.tests.test_messaging_phase2.TestMessagingPhase2" name="test_endpoints_require_authentication" time="0.761" /><testcase classname="backend.tests.test_messaging_phase2.TestMessagingPhase2" name="test_verify_all_message_types_in_conversation" time="0.109" /><testcase classname="backend.tests.test_messaging_phase2.TestMessagingPhase2EdgeCases" name="test_search_with_special_characters" time="0.712" /><testcase classname="backend.tests.test_messaging_phase2.TestMessagingPhase2EdgeCases" name="test_search_with_limit" time="0.108" /><testcase classname="backend.tests.test_messaging_phase2.TestMessagingPhase2EdgeCases" name="test_reaction_with_various_emojis" time="1.095" /></testsuite></testsuites>