<?xml version="1.0" encoding="utf-8"?><testsuites name="pytest tests"><testsuite name="pytest" errors="0" failures="4" skipped="0" tests="18" time="24.520" timestamp="2026-04-03T08:03:46.963296+00:00" hostname="agent-env-d18ffc68-6865-4910-bcea-395826c8d1cd"><testcase classname="tests.test_bid_whist_grand_master.TestDemoLogin" name="test_demo_login_success" time="0.005" /><testcase classname="tests.test_bid_whist_grand_master.TestSocketIOConnection" name="test_socket_connection" time="1.048" /><testcase classname="tests.test_bid_whist_grand_master.TestBidWhistGameCreation" name="test_create_game" time="1.549" /><testcase classname="tests.test_bid_whist_grand_master.TestBidWhistGameCreation" name="test_create_duplicate_room_fails" time="2.092"><failure message="AssertionError: Should receive error for duplicate room&#10;assert False">tests/test_bid_whist_grand_master.py:161: in test_create_duplicate_room_fails
    assert error_received, "Should receive error for duplicate room"
E   AssertionError: Should receive error for duplicate room
E   assert False</failure></testcase><testcase classname="tests.test_bid_whist_grand_master.TestBidWhistJoinGame" name="test_join_game" time="2.094"><failure message="AssertionError: Player should join successfully&#10;assert False">tests/test_bid_whist_grand_master.py:211: in test_join_game
    assert player_joined, "Player should join successfully"
E   AssertionError: Player should join successfully
E   assert False</failure></testcase><testcase classname="tests.test_bid_whist_grand_master.TestBidWhistJoinGame" name="test_join_nonexistent_room_fails" time="1.547"><failure message="AssertionError: Should receive error for nonexistent room&#10;assert False">tests/test_bid_whist_grand_master.py:244: in test_join_nonexistent_room_fails
    assert error_received, "Should receive error for nonexistent room"
E   AssertionError: Should receive error for nonexistent room
E   assert False</failure></testcase><testcase classname="tests.test_bid_whist_grand_master.TestBidWhistFullGameFlow" name="test_four_player_game_start" time="4.082"><failure message="AssertionError: Hand should start with 4 players&#10;assert False">tests/test_bid_whist_grand_master.py:311: in test_four_player_game_start
    assert hand_started, "Hand should start with 4 players"
E   AssertionError: Hand should start with 4 players
E   assert False</failure></testcase><testcase classname="tests.test_bid_whist_grand_master.TestBidWhistBidding" name="test_place_bid" time="3.881" /><testcase classname="tests.test_bid_whist_grand_master.TestBidWhistBidding" name="test_pass_bid" time="3.883" /><testcase classname="tests.test_bid_whist_grand_master.TestBidWhistCardPlaying" name="test_play_card_invalid_state" time="2.048" /><testcase classname="tests.test_bid_whist_grand_master.TestBidWhistCardHistory" name="test_get_card_history" time="2.048" /><testcase classname="tests.test_bid_whist_grand_master.TestBidWhistGameLogic" name="test_create_imperial_deck_standard" time="0.001" /><testcase classname="tests.test_bid_whist_grand_master.TestBidWhistGameLogic" name="test_create_imperial_deck_tight_kitty" time="0.000" /><testcase classname="tests.test_bid_whist_grand_master.TestBidWhistGameLogic" name="test_create_grand_master_table" time="0.000" /><testcase classname="tests.test_bid_whist_grand_master.TestBidWhistGameLogic" name="test_join_grand_master_table" time="0.000" /><testcase classname="tests.test_bid_whist_grand_master.TestBidWhistGameLogic" name="test_start_grand_master_hand" time="0.000" /><testcase classname="tests.test_bid_whist_grand_master.TestBidWhistGameLogic" name="test_place_bid" time="0.000" /><testcase classname="tests.test_bid_whist_grand_master.TestBidWhistGameLogic" name="test_card_history_summary" time="0.001" /></testsuite></testsuites>