<?xml version="1.0" encoding="utf-8"?><testsuites name="pytest tests"><testsuite name="pytest" errors="0" failures="0" skipped="0" tests="15" time="19.883" timestamp="2026-04-11T04:27:40.066443+00:00" hostname="agent-env-d18ffc68-6865-4910-bcea-395826c8d1cd"><testcase classname="tests.test_chat_system.TestChatRESTAPIs" name="test_get_chat_rooms" time="0.138" /><testcase classname="tests.test_chat_system.TestChatRESTAPIs" name="test_get_online_users" time="0.120" /><testcase classname="tests.test_chat_system.TestChatRESTAPIs" name="test_get_room_history_global_lobby" time="0.128" /><testcase classname="tests.test_chat_system.TestChatRESTAPIs" name="test_get_room_history_dating_lounge" time="0.107" /><testcase classname="tests.test_chat_system.TestChatRESTAPIs" name="test_get_room_history_game_central" time="0.121" /><testcase classname="tests.test_chat_system.TestChatRESTAPIs" name="test_get_room_history_with_limit" time="0.106" /><testcase classname="tests.test_chat_system.TestChatRESTAPIs" name="test_get_room_history_nonexistent_room" time="0.128" /><testcase classname="tests.test_chat_system.TestWebSocketConnection" name="test_websocket_connection" time="0.194" /><testcase classname="tests.test_chat_system.TestWebSocketConnection" name="test_websocket_join_room" time="0.192" /><testcase classname="tests.test_chat_system.TestWebSocketConnection" name="test_websocket_send_message" time="1.648" /><testcase classname="tests.test_chat_system.TestWebSocketConnection" name="test_websocket_typing_indicator" time="0.698" /><testcase classname="tests.test_chat_system.TestWebSocketConnection" name="test_websocket_get_online_users" time="0.215" /><testcase classname="tests.test_chat_system.TestAIModeration" name="test_appropriate_message_passes" time="8.792" /><testcase classname="tests.test_chat_system.TestAIModeration" name="test_message_persistence" time="4.172" /><testcase classname="tests.test_chat_system.TestMultiUserSync" name="test_two_users_same_room" time="3.072" /></testsuite></testsuites>