<?xml version="1.0" encoding="utf-8"?><testsuites name="pytest tests"><testsuite name="pytest" errors="0" failures="0" skipped="0" tests="20" time="4.912" timestamp="2026-03-29T00:55:15.396776+00:00" hostname="agent-env-d18ffc68-6865-4910-bcea-395826c8d1cd"><testcase classname="backend.tests.test_messaging_system.TestMessagingSystem" name="test_send_message_success" time="0.651" /><testcase classname="backend.tests.test_messaging_system.TestMessagingSystem" name="test_send_message_to_unmatched_user_fails" time="0.108" /><testcase classname="backend.tests.test_messaging_system.TestMessagingSystem" name="test_send_message_unauthenticated_fails" time="0.112" /><testcase classname="backend.tests.test_messaging_system.TestMessagingSystem" name="test_get_conversations_list" time="0.125" /><testcase classname="backend.tests.test_messaging_system.TestMessagingSystem" name="test_get_conversation_history" time="0.113" /><testcase classname="backend.tests.test_messaging_system.TestMessagingSystem" name="test_get_conversation_with_unmatched_user" time="0.111" /><testcase classname="backend.tests.test_messaging_system.TestMessagingSystem" name="test_unread_count" time="0.120" /><testcase classname="backend.tests.test_messaging_system.TestMessagingSystem" name="test_unread_count_decreases_after_reading" time="0.526" /><testcase classname="backend.tests.test_messaging_system.TestMessagingSystem" name="test_set_online_status" time="0.133" /><testcase classname="backend.tests.test_messaging_system.TestMessagingSystem" name="test_set_offline_status" time="0.109" /><testcase classname="backend.tests.test_messaging_system.TestMessagingSystem" name="test_get_user_status" time="0.305" /><testcase classname="backend.tests.test_messaging_system.TestMessagingSystem" name="test_get_nonexistent_user_status" time="0.100" /><testcase classname="backend.tests.test_messaging_system.TestMessagingSystem" name="test_read_receipts_flow" time="0.352" /><testcase classname="backend.tests.test_messaging_system.TestMessagingSystem" name="test_mark_messages_as_read" time="0.218" /><testcase classname="backend.tests.test_messaging_system.TestMessagingSystem" name="test_delete_own_message" time="0.239" /><testcase classname="backend.tests.test_messaging_system.TestMessagingSystem" name="test_cannot_delete_others_message" time="0.242" /><testcase classname="backend.tests.test_messaging_system.TestMessagingSystem" name="test_multiple_messages_order" time="0.823" /><testcase classname="backend.tests.test_messaging_system.TestMessagingEdgeCases" name="test_empty_conversations_list" time="0.210" /><testcase classname="backend.tests.test_messaging_system.TestMessagingEdgeCases" name="test_unread_count_zero_for_new_user" time="0.138" /><testcase classname="backend.tests.test_messaging_system.TestMessagingEdgeCases" name="test_send_empty_message_fails" time="0.115" /></testsuite></testsuites>