<?xml version="1.0" encoding="utf-8"?><testsuites name="pytest tests"><testsuite name="pytest" errors="0" failures="0" skipped="0" tests="14" time="4.701" timestamp="2026-04-11T21:49:17.724656+00:00" hostname="agent-env-d18ffc68-6865-4910-bcea-395826c8d1cd"><testcase classname="backend.tests.test_cors_auth_fix.TestDemoLogin" name="test_demo_login_returns_token" time="0.154" /><testcase classname="backend.tests.test_cors_auth_fix.TestDemoLogin" name="test_demo_login_token_works_for_auth_me" time="0.226" /><testcase classname="backend.tests.test_cors_auth_fix.TestEmailPasswordLogin" name="test_signup_returns_token" time="0.370" /><testcase classname="backend.tests.test_cors_auth_fix.TestEmailPasswordLogin" name="test_login_returns_token" time="0.694" /><testcase classname="backend.tests.test_cors_auth_fix.TestEmailPasswordLogin" name="test_login_token_works_for_protected_routes" time="0.928" /><testcase classname="backend.tests.test_cors_auth_fix.TestProtectedRoutes" name="test_auth_me_with_bearer_token" time="0.215" /><testcase classname="backend.tests.test_cors_auth_fix.TestProtectedRoutes" name="test_profile_with_bearer_token" time="0.266" /><testcase classname="backend.tests.test_cors_auth_fix.TestProtectedRoutes" name="test_discover_with_bearer_token" time="0.224" /><testcase classname="backend.tests.test_cors_auth_fix.TestProtectedRoutes" name="test_matches_with_bearer_token" time="0.249" /><testcase classname="backend.tests.test_cors_auth_fix.TestInvalidTokenHandling" name="test_no_token_returns_401" time="0.105" /><testcase classname="backend.tests.test_cors_auth_fix.TestInvalidTokenHandling" name="test_invalid_token_returns_401" time="0.109" /><testcase classname="backend.tests.test_cors_auth_fix.TestInvalidTokenHandling" name="test_malformed_auth_header_returns_401" time="0.102" /><testcase classname="backend.tests.test_cors_auth_fix.TestTokenPersistence" name="test_token_works_for_multiple_requests" time="0.457" /><testcase classname="backend.tests.test_cors_auth_fix.TestTokenPersistence" name="test_token_works_across_different_endpoints" time="0.541" /></testsuite></testsuites>