<?xml version="1.0" encoding="utf-8"?><testsuites name="pytest tests"><testsuite name="pytest" errors="0" failures="0" skipped="0" tests="20" time="4.933" timestamp="2026-04-11T12:34:14.258245+00:00" hostname="agent-env-d18ffc68-6865-4910-bcea-395826c8d1cd"><testcase classname="backend.tests.test_private_suites.TestPrivateSuitesAPI" name="test_create_glass_suite" time="0.186" /><testcase classname="backend.tests.test_private_suites.TestPrivateSuitesAPI" name="test_create_penthouse_suite" time="0.114" /><testcase classname="backend.tests.test_private_suites.TestPrivateSuitesAPI" name="test_create_beach_suite" time="0.106" /><testcase classname="backend.tests.test_private_suites.TestPrivateSuitesAPI" name="test_create_skyline_suite" time="0.104" /><testcase classname="backend.tests.test_private_suites.TestPrivateSuitesAPI" name="test_list_all_suites" time="0.266" /><testcase classname="backend.tests.test_private_suites.TestPrivateSuitesAPI" name="test_list_suites_by_player" time="0.206" /><testcase classname="backend.tests.test_private_suites.TestPrivateSuitesAPI" name="test_get_suite_details" time="0.219" /><testcase classname="backend.tests.test_private_suites.TestPrivateSuitesAPI" name="test_get_nonexistent_suite" time="0.103" /><testcase classname="backend.tests.test_private_suites.TestPrivateSuitesAPI" name="test_send_invitation" time="0.110" /><testcase classname="backend.tests.test_private_suites.TestPrivateSuitesAPI" name="test_get_pending_invitations" time="0.218" /><testcase classname="backend.tests.test_private_suites.TestPrivateSuitesAPI" name="test_accept_invitation" time="0.213" /><testcase classname="backend.tests.test_private_suites.TestPrivateSuitesAPI" name="test_decline_invitation" time="0.227" /><testcase classname="backend.tests.test_private_suites.TestPrivateSuitesAPI" name="test_respond_nonexistent_invitation" time="0.101" /><testcase classname="backend.tests.test_private_suites.TestPrivateSuitesAPI" name="test_update_player_position" time="0.202" /><testcase classname="backend.tests.test_private_suites.TestPrivateSuitesAPI" name="test_update_position_nonexistent_suite" time="0.110" /><testcase classname="backend.tests.test_private_suites.TestPrivateSuitesAPI" name="test_log_activity" time="0.226" /><testcase classname="backend.tests.test_private_suites.TestPrivateSuitesAPI" name="test_leave_suite" time="0.213" /><testcase classname="backend.tests.test_private_suites.TestPrivateSuitesAPI" name="test_close_suite" time="0.318" /><testcase classname="backend.tests.test_private_suites.TestPrivateSuitesAPI" name="test_get_suite_analytics" time="0.430" /><testcase classname="backend.tests.test_private_suites.TestPrivateSuitesEndToEnd" name="test_full_invitation_flow" time="1.188" /></testsuite></testsuites>