<?xml version="1.0" encoding="utf-8"?><testsuites name="pytest tests"><testsuite name="pytest" errors="0" failures="7" skipped="0" tests="32" time="7.622" timestamp="2026-04-11T22:14:36.634495+00:00" hostname="agent-env-d18ffc68-6865-4910-bcea-395826c8d1cd"><testcase classname="backend.tests.test_comprehensive_features.TestAuthSystem" name="test_demo_login" time="0.391"><failure message="AssertionError: assert 'user' in {'email': 'demo@globalvibez.com', 'message': 'Demo login successful! You can now test all games.', 'name': 'Demo User', 'profile_completed': True, ...}">backend/tests/test_comprehensive_features.py:22: in test_demo_login
    assert "user" in data
E   AssertionError: assert 'user' in {'email': 'demo@globalvibez.com', 'message': 'Demo login successful! You can now test all games.', 'name': 'Demo User', 'profile_completed': True, ...}</failure></testcase><testcase classname="backend.tests.test_comprehensive_features.TestAuthSystem" name="test_auth_me_with_token" time="0.272" /><testcase classname="backend.tests.test_comprehensive_features.TestAuthSystem" name="test_auth_me_without_token" time="0.103" /><testcase classname="backend.tests.test_comprehensive_features.TestSubscriptionTiers" name="test_get_subscription_tiers" time="0.152" /><testcase classname="backend.tests.test_comprehensive_features.TestSubscriptionTiers" name="test_get_user_subscription" time="0.401" /><testcase classname="backend.tests.test_comprehensive_features.TestCryptoPayments" name="test_get_supported_currencies" time="0.111"><failure message="assert 404 == 200&#10; +  where 404 = &lt;Response [404]&gt;.status_code">backend/tests/test_comprehensive_features.py:91: in test_get_supported_currencies
    assert response.status_code == 200
E   assert 404 == 200
E    +  where 404 = &lt;Response [404]&gt;.status_code</failure></testcase><testcase classname="backend.tests.test_comprehensive_features.TestCryptoPayments" name="test_create_deposit" time="0.329"><failure message="assert 404 == 200&#10; +  where 404 = &lt;Response [404]&gt;.status_code">backend/tests/test_comprehensive_features.py:118: in test_create_deposit
    assert response.status_code == 200
E   assert 404 == 200
E    +  where 404 = &lt;Response [404]&gt;.status_code</failure></testcase><testcase classname="backend.tests.test_comprehensive_features.TestCryptoPayments" name="test_get_transaction_history" time="0.356"><failure message="assert 404 == 200&#10; +  where 404 = &lt;Response [404]&gt;.status_code">backend/tests/test_comprehensive_features.py:136: in test_get_transaction_history
    assert response.status_code == 200
E   assert 404 == 200
E    +  where 404 = &lt;Response [404]&gt;.status_code</failure></testcase><testcase classname="backend.tests.test_comprehensive_features.TestCommunitySlots" name="test_get_community_pot" time="0.107" /><testcase classname="backend.tests.test_comprehensive_features.TestCommunitySlots" name="test_join_slot_aisle" time="0.350"><failure message="assert 422 == 200&#10; +  where 422 = &lt;Response [422]&gt;.status_code">backend/tests/test_comprehensive_features.py:171: in test_join_slot_aisle
    assert response.status_code == 200
E   assert 422 == 200
E    +  where 422 = &lt;Response [422]&gt;.status_code</failure></testcase><testcase classname="backend.tests.test_comprehensive_features.TestSmartTables" name="test_get_tables" time="0.115"><failure message="assert 404 == 200&#10; +  where 404 = &lt;Response [404]&gt;.status_code">backend/tests/test_comprehensive_features.py:183: in test_get_tables
    assert response.status_code == 200
E   assert 404 == 200
E    +  where 404 = &lt;Response [404]&gt;.status_code</failure></testcase><testcase classname="backend.tests.test_comprehensive_features.TestGiftShop" name="test_get_shop_items" time="0.105"><failure message="assert 404 == 200&#10; +  where 404 = &lt;Response [404]&gt;.status_code">backend/tests/test_comprehensive_features.py:195: in test_get_shop_items
    assert response.status_code == 200
E   assert 404 == 200
E    +  where 404 = &lt;Response [404]&gt;.status_code</failure></testcase><testcase classname="backend.tests.test_comprehensive_features.TestProgression" name="test_get_achievements" time="0.328" /><testcase classname="backend.tests.test_comprehensive_features.TestProgression" name="test_get_daily_challenges" time="0.373" /><testcase classname="backend.tests.test_comprehensive_features.TestProgression" name="test_get_seasonal_events" time="0.138" /><testcase classname="backend.tests.test_comprehensive_features.TestSocialFeatures" name="test_get_friend_requests" time="0.330" /><testcase classname="backend.tests.test_comprehensive_features.TestSocialFeatures" name="test_get_friends_list" time="0.313" /><testcase classname="backend.tests.test_comprehensive_features.TestSocialFeatures" name="test_get_guilds" time="0.124" /><testcase classname="backend.tests.test_comprehensive_features.TestVIPRooms" name="test_get_vip_rooms" time="0.115" /><testcase classname="backend.tests.test_comprehensive_features.TestMessaging" name="test_get_conversations" time="0.358" /><testcase classname="backend.tests.test_comprehensive_features.TestTournaments" name="test_get_tournaments" time="0.109" /><testcase classname="backend.tests.test_comprehensive_features.TestTournaments" name="test_get_tournament_winnings" time="0.338" /><testcase classname="backend.tests.test_comprehensive_features.TestLeaderboards" name="test_get_leaderboard" time="0.117" /><testcase classname="backend.tests.test_comprehensive_features.TestLeaderboards" name="test_get_leaderboard_rewards" time="0.109" /><testcase classname="backend.tests.test_comprehensive_features.TestReferrals" name="test_get_referrals" time="0.328" /><testcase classname="backend.tests.test_comprehensive_features.TestAdminEndpoints" name="test_monitoring_system_health" time="0.237" /><testcase classname="backend.tests.test_comprehensive_features.TestAdminEndpoints" name="test_monitoring_alerts" time="0.264" /><testcase classname="backend.tests.test_comprehensive_features.TestAdminEndpoints" name="test_dynamic_pricing" time="0.211" /><testcase classname="backend.tests.test_comprehensive_features.TestAdminEndpoints" name="test_moderation_queue" time="0.103" /><testcase classname="backend.tests.test_comprehensive_features.TestAnalytics" name="test_user_analytics" time="0.359" /><testcase classname="backend.tests.test_comprehensive_features.TestNFTMarketplace" name="test_get_nft_items" time="0.106" /><testcase classname="backend.tests.test_comprehensive_features.TestBattlePass" name="test_get_battle_pass" time="0.326" /></testsuite></testsuites>