<?xml version="1.0" encoding="utf-8"?><testsuites name="pytest tests"><testsuite name="pytest" errors="0" failures="0" skipped="0" tests="18" time="6.665" timestamp="2026-04-12T00:15:31.354252+00:00" hostname="agent-env-d18ffc68-6865-4910-bcea-395826c8d1cd"><testcase classname="tests.test_dice_wallet.TestDiceGameAPI" name="test_play_dice_basic" time="0.163" /><testcase classname="tests.test_dice_wallet.TestDiceGameAPI" name="test_play_dice_with_side_bets" time="0.115" /><testcase classname="tests.test_dice_wallet.TestDiceGameAPI" name="test_play_dice_different_personalities" time="0.478" /><testcase classname="tests.test_dice_wallet.TestDiceGameAPI" name="test_dice_physics_params" time="0.115" /><testcase classname="tests.test_dice_wallet.TestDiceGameAPI" name="test_dealer_envy_leaderboard" time="0.130" /><testcase classname="tests.test_dice_wallet.TestDiceGameAPI" name="test_player_history" time="0.238" /><testcase classname="tests.test_dice_wallet.TestDiceGameAPI" name="test_side_bet_stats" time="0.119" /><testcase classname="tests.test_dice_wallet.TestWalletAPI" name="test_get_wallet_balance_new_user" time="0.109" /><testcase classname="tests.test_dice_wallet.TestWalletAPI" name="test_get_wallet_balance_existing_user" time="0.236" /><testcase classname="tests.test_dice_wallet.TestWalletAPI" name="test_get_topup_packages" time="0.105" /><testcase classname="tests.test_dice_wallet.TestWalletAPI" name="test_get_transaction_history_empty" time="0.136" /><testcase classname="tests.test_dice_wallet.TestWalletAPI" name="test_create_topup_session_valid_package" time="0.642" /><testcase classname="tests.test_dice_wallet.TestWalletAPI" name="test_create_topup_session_invalid_package" time="0.108" /><testcase classname="tests.test_dice_wallet.TestWalletAPI" name="test_check_topup_status_not_found" time="0.175" /><testcase classname="tests.test_dice_wallet.TestWalletAPI" name="test_all_packages_create_session" time="2.973" /><testcase classname="tests.test_dice_wallet.TestDiceWalletIntegration" name="test_dice_game_records_session" time="0.241" /><testcase classname="tests.test_dice_wallet.TestDiceWalletIntegration" name="test_dealer_stats_update" time="0.376" /><testcase classname="tests.test_dice_wallet.TestStripeWebhook" name="test_webhook_endpoint_exists" time="0.124" /></testsuite></testsuites>