<?xml version="1.0" encoding="utf-8"?><testsuites name="pytest tests"><testsuite name="pytest" errors="0" failures="1" skipped="0" tests="33" time="4.937" timestamp="2026-03-29T02:39:17.495692+00:00" hostname="agent-env-d18ffc68-6865-4910-bcea-395826c8d1cd"><testcase classname="backend.tests.test_trust_safety.TestReportsEndpoints" name="test_report_user_success" time="0.428" /><testcase classname="backend.tests.test_trust_safety.TestReportsEndpoints" name="test_report_user_without_auth" time="0.140" /><testcase classname="backend.tests.test_trust_safety.TestReportsEndpoints" name="test_report_content_success" time="0.117" /><testcase classname="backend.tests.test_trust_safety.TestReportsEndpoints" name="test_block_user_success" time="0.119" /><testcase classname="backend.tests.test_trust_safety.TestReportsEndpoints" name="test_block_user_duplicate" time="0.147" /><testcase classname="backend.tests.test_trust_safety.TestReportsEndpoints" name="test_get_blocked_users" time="0.128" /><testcase classname="backend.tests.test_trust_safety.TestReportsEndpoints" name="test_check_if_blocked" time="0.176" /><testcase classname="backend.tests.test_trust_safety.TestReportsEndpoints" name="test_unblock_user_success" time="0.162" /><testcase classname="backend.tests.test_trust_safety.TestReportsEndpoints" name="test_unblock_user_not_blocked" time="0.133" /><testcase classname="backend.tests.test_trust_safety.TestReportsEndpoints" name="test_get_my_reports" time="0.102" /><testcase classname="backend.tests.test_trust_safety.TestVerificationEndpoints" name="test_verification_upload_success" time="0.254" /><testcase classname="backend.tests.test_trust_safety.TestVerificationEndpoints" name="test_verification_status" time="0.118" /><testcase classname="backend.tests.test_trust_safety.TestVerificationEndpoints" name="test_verification_admin_pending" time="0.115" /><testcase classname="backend.tests.test_trust_safety.TestVerificationEndpoints" name="test_verification_admin_stats" time="0.140" /><testcase classname="backend.tests.test_trust_safety.TestVerificationEndpoints" name="test_verification_without_auth" time="0.102" /><testcase classname="backend.tests.test_trust_safety.TestRatingsEndpoints" name="test_get_driver_ratings_no_ratings" time="0.249" /><testcase classname="backend.tests.test_trust_safety.TestRatingsEndpoints" name="test_rate_ride_no_ride" time="0.212" /><testcase classname="backend.tests.test_trust_safety.TestRatingsEndpoints" name="test_rate_ride_invalid_rating" time="0.135" /><testcase classname="backend.tests.test_trust_safety.TestRatingsEndpoints" name="test_get_my_ratings_not_driver" time="0.120" /><testcase classname="backend.tests.test_trust_safety.TestRatingsEndpoints" name="test_ratings_without_auth" time="0.122" /><testcase classname="backend.tests.test_trust_safety.TestAdminEndpoints" name="test_admin_dashboard" time="0.226"><failure message="AssertionError: Admin dashboard failed: {&quot;detail&quot;:&quot;Admin access required&quot;}&#10;assert 403 == 200&#10; +  where 403 = &lt;Response [403]&gt;.status_code">backend/tests/test_trust_safety.py:327: in test_admin_dashboard
    assert response.status_code == 200, f"Admin dashboard failed: {response.text}"
E   AssertionError: Admin dashboard failed: {"detail":"Admin access required"}
E   assert 403 == 200
E    +  where 403 = &lt;Response [403]&gt;.status_code</failure></testcase><testcase classname="backend.tests.test_trust_safety.TestAdminEndpoints" name="test_admin_dashboard_without_auth" time="0.130" /><testcase classname="backend.tests.test_trust_safety.TestEndpointAuthentication" name="test_reports_user_requires_auth" time="0.101" /><testcase classname="backend.tests.test_trust_safety.TestEndpointAuthentication" name="test_reports_content_requires_auth" time="0.123" /><testcase classname="backend.tests.test_trust_safety.TestEndpointAuthentication" name="test_reports_block_requires_auth" time="0.109" /><testcase classname="backend.tests.test_trust_safety.TestEndpointAuthentication" name="test_reports_unblock_requires_auth" time="0.149" /><testcase classname="backend.tests.test_trust_safety.TestEndpointAuthentication" name="test_reports_blocked_requires_auth" time="0.107" /><testcase classname="backend.tests.test_trust_safety.TestEndpointAuthentication" name="test_reports_is_blocked_requires_auth" time="0.129" /><testcase classname="backend.tests.test_trust_safety.TestEndpointAuthentication" name="test_reports_my_reports_requires_auth" time="0.107" /><testcase classname="backend.tests.test_trust_safety.TestEndpointAuthentication" name="test_verification_upload_requires_auth" time="0.101" /><testcase classname="backend.tests.test_trust_safety.TestEndpointAuthentication" name="test_verification_status_requires_auth" time="0.105" /><testcase classname="backend.tests.test_trust_safety.TestEndpointAuthentication" name="test_ratings_ride_requires_auth" time="0.109" /><testcase classname="backend.tests.test_trust_safety.TestEndpointAuthentication" name="test_ratings_my_ratings_requires_auth" time="0.108" /></testsuite></testsuites>