<?xml version="1.0" encoding="utf-8"?><testsuites name="pytest tests"><testsuite name="pytest" errors="0" failures="0" skipped="0" tests="32" time="0.080" timestamp="2026-05-05T00:01:29.967385+00:00" hostname="agent-env-d18ffc68-6865-4910-bcea-395826c8d1cd"><testcase classname="tests.test_gisa_agent_v8" name="test_thresholds_locked" time="0.000" /><testcase classname="tests.test_gisa_agent_v8" name="test_stress_engine_runs" time="0.001" /><testcase classname="tests.test_gisa_agent_v8" name="test_visual_parity_audits_31_plus_glasshouse" time="0.000" /><testcase classname="tests.test_gisa_agent_v8" name="test_isolation_auditor_handles_no_db" time="0.000" /><testcase classname="tests.test_gisa_agent_v8" name="test_full_audit_emits_all_blocks" time="0.001" /><testcase classname="tests.test_gisa_agent_v8" name="test_isolation_only_skips_others" time="0.000" /><testcase classname="tests.test_gisa_agent_v8" name="test_write_report_emits_disk_file" time="0.003" /><testcase classname="tests.test_gisa_agent_v8" name="test_isolation_leak_dataclass" time="0.000" /><testcase classname="tests.test_localization_v2" name="test_country_matrix_locked_minimum" time="0.000" /><testcase classname="tests.test_localization_v2" name="test_japan_default_is_metric_yen_japanese" time="0.000" /><testcase classname="tests.test_localization_v2" name="test_us_default_is_imperial_usd_english" time="0.000" /><testcase classname="tests.test_localization_v2" name="test_english_dialects_include_required_regions" time="0.000" /><testcase classname="tests.test_localization_v2" name="test_spanish_dialects_include_required_regions" time="0.000" /><testcase classname="tests.test_localization_v2" name="test_tier1_autosync_tokyo" time="0.000" /><testcase classname="tests.test_localization_v2" name="test_tier1_autosync_unknown_country_falls_back_to_us" time="0.000" /><testcase classname="tests.test_localization_v2" name="test_tier2_manual_selection_us_to_mx" time="0.000" /><testcase classname="tests.test_localization_v2" name="test_tier2_manual_dialect_override" time="0.000" /><testcase classname="tests.test_localization_v2" name="test_tier2_unknown_country_raises" time="0.000" /><testcase classname="tests.test_localization_v2" name="test_list_countries_returns_full_matrix" time="0.000" /><testcase classname="tests.test_localization_v2" name="test_list_languages_includes_dialects" time="0.000" /><testcase classname="tests.test_cultural_onboarding_v2" name="test_canonical_steps_locked" time="0.000" /><testcase classname="tests.test_cultural_onboarding_v2" name="test_origin_and_vibe_step_persists" time="0.000" /><testcase classname="tests.test_cultural_onboarding_v2" name="test_linguistic_range_step_normalizes_codes" time="0.000" /><testcase classname="tests.test_cultural_onboarding_v2" name="test_dialect_step_locks_en_es" time="0.000" /><testcase classname="tests.test_cultural_onboarding_v2" name="test_cultural_values_optional" time="0.000" /><testcase classname="tests.test_cultural_onboarding_v2" name="test_complete_only_after_all_4_steps" time="0.000" /><testcase classname="tests.test_cultural_onboarding_v2" name="test_unknown_step_raises" time="0.000" /><testcase classname="tests.test_cultural_onboarding_v2" name="test_merge_step_idempotent_completed_list" time="0.000" /><testcase classname="tests.test_v8_locked_specs_intact" name="test_v7_omni_blueprint_still_present" time="0.000" /><testcase classname="tests.test_v8_locked_specs_intact" name="test_v8_gisa_audit_blueprint_locked" time="0.001" /><testcase classname="tests.test_v8_locked_specs_intact" name="test_v8_international_logic_locked" time="0.001" /><testcase classname="tests.test_v8_locked_specs_intact" name="test_v8_marketing_onesheet_locked" time="0.001" /></testsuite></testsuites>