<?xml version="1.0" encoding="utf-8"?><testsuites name="pytest tests"><testsuite name="pytest" errors="0" failures="0" skipped="0" tests="19" time="2.598" timestamp="2026-04-20T19:54:30.395009+00:00" hostname="agent-env-d18ffc68-6865-4910-bcea-395826c8d1cd"><testcase classname="tests.test_vr_physical_bridge_e2e.TestHandshake" name="test_handshake_token_shape" time="0.297" /><testcase classname="tests.test_vr_physical_bridge_e2e.TestRequestRide" name="test_valid_token_dispatches" time="0.107" /><testcase classname="tests.test_vr_physical_bridge_e2e.TestRequestRide" name="test_garbage_token_returns_403" time="0.057" /><testcase classname="tests.test_vr_physical_bridge_e2e.TestRequestRide" name="test_missing_dot_token_returns_403" time="0.048" /><testcase classname="tests.test_vr_physical_bridge_e2e.TestTeleportExit" name="test_teleport_exit_standard" time="0.053" /><testcase classname="tests.test_vr_physical_bridge_e2e.TestTeleportExit" name="test_teleport_exit_priority" time="0.055" /><testcase classname="tests.test_vr_physical_bridge_e2e.TestTeleportExit" name="test_asap_teleport_endpoint" time="0.052" /><testcase classname="tests.test_vr_physical_bridge_e2e.TestTeleportExit" name="test_teleport_exit_bad_token_403" time="0.063" /><testcase classname="tests.test_vr_physical_bridge_e2e.TestBonds" name="test_milestone_unlocks_twin_flame_at_3" time="0.202" /><testcase classname="tests.test_vr_physical_bridge_e2e.TestBonds" name="test_get_bond_returns_sorted_pair" time="0.115" /><testcase classname="tests.test_vr_physical_bridge_e2e.TestBonds" name="test_get_bond_nonexistent" time="0.055" /><testcase classname="tests.test_vr_physical_bridge_e2e.TestBonds" name="test_unknown_stat_400" time="0.051" /><testcase classname="tests.test_vr_physical_bridge_e2e.TestTeleportCosmetics" name="test_active_lazy_creates_with_digital_cubes" time="0.052" /><testcase classname="tests.test_vr_physical_bridge_e2e.TestTeleportCosmetics" name="test_check_unlock_romantic_hearts_at_10" time="0.597" /><testcase classname="tests.test_vr_physical_bridge_e2e.TestTeleportCosmetics" name="test_equip_locked_effect_403" time="0.104" /><testcase classname="tests.test_vr_physical_bridge_e2e.TestTeleportCosmetics" name="test_check_unlock_unknown_stat_400" time="0.054" /><testcase classname="tests.test_vr_physical_bridge_e2e.TestVictoryHandoff" name="test_no_streak_when_no_session" time="0.057" /><testcase classname="tests.test_vr_physical_bridge_e2e.TestVictoryHandoff" name="test_broadcast_when_streak_5_seeded" time="0.270" /><testcase classname="tests.test_vr_physical_bridge_e2e.TestRideStatusWS" name="test_ws_streams_status" time="0.218" /></testsuite></testsuites>