<?xml version="1.0" encoding="utf-8"?><testsuites name="pytest tests"><testsuite name="pytest" errors="0" failures="0" skipped="0" tests="24" time="2.984" timestamp="2026-04-27T23:46:44.800419+00:00" hostname="agent-env-d18ffc68-6865-4910-bcea-395826c8d1cd"><testcase classname="tests.api_contracts.test_contracts.TestAuth" name="test_demo_login_returns_token" time="0.251" /><testcase classname="tests.api_contracts.test_contracts.TestAuth" name="test_demo_login_fresh_creates_unique_user" time="0.113" /><testcase classname="tests.api_contracts.test_contracts.TestAuth" name="test_auth_me_with_bearer_returns_profile" time="0.055" /><testcase classname="tests.api_contracts.test_contracts.TestAuth" name="test_auth_me_without_token_is_401" time="0.116" /><testcase classname="tests.api_contracts.test_contracts.TestSpades" name="test_rulesets_returns_classic_and_big_wheel" time="0.060" /><testcase classname="tests.api_contracts.test_contracts.TestSpades" name="test_classic_has_52_no_jokers" time="0.073" /><testcase classname="tests.api_contracts.test_contracts.TestSpades" name="test_big_wheel_has_54_with_jokers_and_promoted_trumps" time="0.060" /><testcase classname="tests.api_contracts.test_contracts.TestBigWheelLounge" name="test_public_endpoint_200[stats]" time="0.077" /><testcase classname="tests.api_contracts.test_contracts.TestBigWheelLounge" name="test_public_endpoint_200[lobbies]" time="0.055" /><testcase classname="tests.api_contracts.test_contracts.TestBigWheelLounge" name="test_public_endpoint_200[leaderboard]" time="0.061" /><testcase classname="tests.api_contracts.test_contracts.TestApex" name="test_wishlist_count_is_public" time="0.065" /><testcase classname="tests.api_contracts.test_contracts.TestAdmin" name="test_vault_auth_with_correct_creds" time="0.061" /><testcase classname="tests.api_contracts.test_contracts.TestAdmin" name="test_vault_auth_rejects_bad_password" time="0.057" /><testcase classname="tests.api_contracts.test_contracts.TestAdmin" name="test_admin_protected_endpoint[/admin/master-stats-required0]" time="0.119" /><testcase classname="tests.api_contracts.test_contracts.TestAdmin" name="test_admin_protected_endpoint[/admin/live-seats-required1]" time="0.135" /><testcase classname="tests.api_contracts.test_contracts.TestAdmin" name="test_admin_protected_endpoint[/admin/milestones/recap-required2]" time="0.091" /><testcase classname="tests.api_contracts.test_contracts.TestAdmin" name="test_admin_protected_endpoint[/solana/network/tps-required3]" time="0.332" /><testcase classname="tests.api_contracts.test_contracts.TestAdmin" name="test_admin_protected_endpoint[/solana/network/fees-required4]" time="0.178" /><testcase classname="tests.api_contracts.test_contracts.TestAdmin" name="test_admin_protected_endpoint[/admin/burn-queue-required5]" time="0.075" /><testcase classname="tests.api_contracts.test_contracts.TestAdmin" name="test_admin_endpoints_are_gated" time="0.380" /><testcase classname="tests.api_contracts.test_contracts.TestManifesto" name="test_oracle_prices_public" time="0.332" /><testcase classname="tests.api_contracts.test_contracts.TestManifesto" name="test_treasury_solvency_public" time="0.063" /><testcase classname="tests.api_contracts.test_contracts.TestManifesto" name="test_hybrid_chair_status_for_demo_user" time="0.070" /><testcase classname="tests.api_contracts.test_contracts.TestHealth" name="test_root_health_or_api_health" time="0.057" /></testsuite></testsuites>