<?xml version="1.0" encoding="utf-8"?><testsuites name="pytest tests"><testsuite name="pytest" errors="0" failures="0" skipped="0" tests="6" time="60.653" timestamp="2026-04-27T20:50:12.812853+00:00" hostname="agent-env-d18ffc68-6865-4910-bcea-395826c8d1cd"><testcase classname="test_journeys" name="test_landing_page_renders" time="15.994" /><testcase classname="test_journeys" name="test_login_page_has_demo_button" time="5.576" /><testcase classname="test_journeys" name="test_demo_login_lands_on_dashboard" time="13.682" /><testcase classname="test_journeys" name="test_dashboard_shows_game_arena" time="13.017" /><testcase classname="test_journeys" name="test_admin_route_is_gated" time="5.847" /><testcase classname="test_journeys" name="test_big_wheel_lounge_public" time="6.482" /></testsuite></testsuites>