<?xml version="1.0" encoding="utf-8"?><testsuites name="pytest tests"><testsuite name="pytest" errors="0" failures="0" skipped="0" tests="2" time="2.405" timestamp="2026-05-02T13:10:35.071841+00:00" hostname="agent-env-d18ffc68-6865-4910-bcea-395826c8d1cd"><testcase classname="backend.tests.test_bid_whist_play_sequence" name="test_play_returns_play_sequence" time="2.213" /><testcase classname="backend.tests.test_bid_whist_play_sequence" name="test_other_endpoints_alive" time="0.101" /></testsuite></testsuites>