<?xml version="1.0" encoding="utf-8"?><testsuites name="pytest tests"><testsuite name="pytest" errors="0" failures="0" skipped="0" tests="12" time="3.977" timestamp="2026-05-01T23:56:35.710805+00:00" hostname="agent-env-d18ffc68-6865-4910-bcea-395826c8d1cd"><testcase classname="tests.test_cyber_casino" name="test_paytable_returns_house_rules" time="0.263" /><testcase classname="tests.test_cyber_casino" name="test_slots_commit_returns_hash_and_nonce" time="0.146" /><testcase classname="tests.test_cyber_casino" name="test_slots_spin_round_trip" time="0.593" /><testcase classname="tests.test_cyber_casino" name="test_slots_verify_replays_correctly" time="0.382" /><testcase classname="tests.test_cyber_casino" name="test_slots_rejects_underbet" time="0.252" /><testcase classname="tests.test_cyber_casino" name="test_slots_rejects_unauthenticated" time="0.133" /><testcase classname="tests.test_cyber_casino" name="test_blackjack_deal_deducts_bet" time="0.398" /><testcase classname="tests.test_cyber_casino" name="test_blackjack_full_hand_settles" time="0.380" /><testcase classname="tests.test_cyber_casino" name="test_blackjack_session_404_on_bad_id" time="0.256" /><testcase classname="tests.test_cyber_casino" name="test_blackjack_double_only_on_first_action" time="0.536" /><testcase classname="tests.test_cyber_casino" name="test_audits_requires_auth" time="0.128" /><testcase classname="tests.test_cyber_casino" name="test_audits_returns_recent_rounds" time="0.442" /></testsuite></testsuites>