<?xml version="1.0" encoding="utf-8"?><testsuites name="pytest tests"><testsuite name="pytest" errors="0" failures="0" skipped="0" tests="12" time="3.240" timestamp="2026-05-02T12:42:45.257666+00:00" hostname="agent-env-d18ffc68-6865-4910-bcea-395826c8d1cd"><testcase classname="backend.tests.test_dominoes_aaa.TestAuthGate" name="test_start_requires_auth" time="1.561" /><testcase classname="backend.tests.test_dominoes_aaa.TestAuthGate" name="test_state_requires_auth" time="0.137" /><testcase classname="backend.tests.test_dominoes_aaa.TestAuthGate" name="test_play_requires_auth" time="0.108" /><testcase classname="backend.tests.test_dominoes_aaa.TestAuthGate" name="test_draw_requires_auth" time="0.108" /><testcase classname="backend.tests.test_dominoes_aaa.TestAuthGate" name="test_pass_requires_auth" time="0.199" /><testcase classname="backend.tests.test_dominoes_aaa.TestAuthGate" name="test_next_round_requires_auth" time="0.117" /><testcase classname="backend.tests.test_dominoes_aaa.TestDominoesFlow" name="test_start_match" time="0.258" /><testcase classname="backend.tests.test_dominoes_aaa.TestDominoesFlow" name="test_state_after_start" time="0.105" /><testcase classname="backend.tests.test_dominoes_aaa.TestDominoesFlow" name="test_play_invalid_tile_returns_400" time="0.107" /><testcase classname="backend.tests.test_dominoes_aaa.TestDominoesFlow" name="test_next_round_invalid_phase_returns_400" time="0.109" /><testcase classname="backend.tests.test_dominoes_aaa.TestDominoesFlow" name="test_pass_with_playable_returns_400_or_engine_specific" time="0.112" /><testcase classname="backend.tests.test_dominoes_aaa.TestDominoesFlow" name="test_play_real_tile_or_draw" time="0.247" /></testsuite></testsuites>