<?xml version="1.0" encoding="utf-8"?><testsuites name="pytest tests"><testsuite name="pytest" errors="0" failures="0" skipped="0" tests="20" time="6.408" timestamp="2026-05-03T11:56:45.501723+00:00" hostname="agent-env-d18ffc68-6865-4910-bcea-395826c8d1cd"><testcase classname="tests.test_feb3_2026_full_regression_sweep.TestHealth" name="test_root" time="1.968" /><testcase classname="tests.test_feb3_2026_full_regression_sweep.TestHealth" name="test_health" time="0.045" /><testcase classname="tests.test_feb3_2026_full_regression_sweep.TestAuth" name="test_demo_login_returns_user_and_credits" time="0.192" /><testcase classname="tests.test_feb3_2026_full_regression_sweep.TestAuth" name="test_auth_me" time="0.048" /><testcase classname="tests.test_feb3_2026_full_regression_sweep.TestAuth" name="test_auth_session_invalid" time="0.157" /><testcase classname="tests.test_feb3_2026_full_regression_sweep.TestImports" name="test_server_app_imports" time="3.490" /><testcase classname="tests.test_feb3_2026_full_regression_sweep.TestMelds" name="test_gin_rummy_start" time="0.057" /><testcase classname="tests.test_feb3_2026_full_regression_sweep.TestMelds" name="test_rummy_start" time="0.052" /><testcase classname="tests.test_feb3_2026_full_regression_sweep.TestBaccarat" name="test_play" time="0.060" /><testcase classname="tests.test_feb3_2026_full_regression_sweep.TestBaccarat" name="test_history" time="0.051" /><testcase classname="tests.test_feb3_2026_full_regression_sweep.TestChairs" name="test_phase" time="0.052" /><testcase classname="tests.test_feb3_2026_full_regression_sweep.TestChairs" name="test_wall" time="0.052" /><testcase classname="tests.test_feb3_2026_full_regression_sweep.TestHungryVibes" name="test_merchant_menu_route_exists" time="0.048" /><testcase classname="tests.test_feb3_2026_full_regression_sweep.TestBetaFeedback" name="test_submit" time="0.055" /><testcase classname="tests.test_feb3_2026_full_regression_sweep.TestEngineSmoke" name="test_euchre" time="0.000" /><testcase classname="tests.test_feb3_2026_full_regression_sweep.TestEngineSmoke" name="test_pinochle" time="0.000" /><testcase classname="tests.test_feb3_2026_full_regression_sweep.TestEngineSmoke" name="test_hearts" time="0.000" /><testcase classname="tests.test_feb3_2026_full_regression_sweep.TestEngineSmoke" name="test_gin_rummy" time="0.000" /><testcase classname="tests.test_feb3_2026_full_regression_sweep.TestEngineSmoke" name="test_rummy" time="0.000" /><testcase classname="tests.test_feb3_2026_full_regression_sweep.TestEngineSmoke" name="test_dominoes" time="0.002" /></testsuite></testsuites>