<?xml version="1.0" encoding="utf-8"?><testsuites name="pytest tests"><testsuite name="pytest" errors="0" failures="0" skipped="0" tests="7" time="1.843" timestamp="2026-04-27T05:33:52.287728+00:00" hostname="agent-env-d18ffc68-6865-4910-bcea-395826c8d1cd"><testcase classname="test_founders_pass_extra.TestFoundersMeDetails" name="test_me_after_activation_returns_full_shape" time="0.419" /><testcase classname="test_founders_pass_extra.TestFoundersCheckout" name="test_checkout_unknown_tier_rejected" time="0.049" /><testcase classname="test_founders_pass_extra.TestFoundersCheckout" name="test_checkout_same_or_lower_tier_blocked_or_503" time="0.048" /><testcase classname="test_founders_pass_extra.TestFoundersCheckout" name="test_checkout_higher_tier_returns_503_or_url" time="0.549" /><testcase classname="test_founders_pass_extra.TestFoundersAdminStats" name="test_admin_stats_with_cookie" time="0.161" /><testcase classname="test_founders_pass_extra.TestStakeMultiplierStacking" name="test_stake_multiplier_stacks_with_surge" time="0.287" /><testcase classname="test_founders_pass_extra.TestStakeMultiplierStacking" name="test_blackjack_tier_auto_bumps_premium" time="0.266" /></testsuite></testsuites>