<?xml version="1.0" encoding="utf-8"?><testsuites name="pytest tests"><testsuite name="pytest" errors="0" failures="0" skipped="0" tests="14" time="6.080" timestamp="2026-05-15T17:32:12.267244+00:00" hostname="agent-env-d18ffc68-6865-4910-bcea-395826c8d1cd"><testcase classname="tests.test_high_roller_wave2_roulette_baccarat.TestVipRouletteGate" name="test_spin_without_vip_returns_403" time="1.191" /><testcase classname="tests.test_high_roller_wave2_roulette_baccarat.TestVipRouletteGate" name="test_server_hash_returns_vip_payload" time="0.219" /><testcase classname="tests.test_high_roller_wave2_roulette_baccarat.TestVipRouletteGate" name="test_spin_below_min_returns_400" time="0.100" /><testcase classname="tests.test_high_roller_wave2_roulette_baccarat.TestVipRouletteGate" name="test_spin_unknown_bet_type_rejected" time="0.091" /><testcase classname="tests.test_high_roller_wave2_roulette_baccarat.TestVipRouletteSpin" name="test_multi_bet_at_10k_returns_full_payload" time="0.068" /><testcase classname="tests.test_high_roller_wave2_roulette_baccarat.TestVipRouletteSpin" name="test_straight_bet_pays_35_to_1_when_hit" time="3.736" /><testcase classname="tests.test_high_roller_wave2_roulette_baccarat.TestVipBaccarat" name="test_play_without_vip_returns_403" time="0.083" /><testcase classname="tests.test_high_roller_wave2_roulette_baccarat.TestVipBaccarat" name="test_play_below_min_returns_400" time="0.070" /><testcase classname="tests.test_high_roller_wave2_roulette_baccarat.TestVipBaccarat" name="test_invalid_bet_type_rejected" time="0.074" /><testcase classname="tests.test_high_roller_wave2_roulette_baccarat.TestVipBaccarat" name="test_play_at_min_returns_full_hand" time="0.069" /><testcase classname="tests.test_high_roller_wave2_roulette_baccarat.TestVipBaccarat" name="test_banker_payout_uses_1_95_multiplier" time="0.073" /><testcase classname="tests.test_high_roller_wave2_roulette_baccarat.TestStandardEndpointIsolation" name="test_standard_roulette_spin_works_without_vip" time="0.068" /><testcase classname="tests.test_high_roller_wave2_roulette_baccarat.TestStandardEndpointIsolation" name="test_standard_baccarat_accepts_below_10000_floor" time="0.068" /><testcase classname="tests.test_high_roller_wave2_roulette_baccarat.TestStandardEndpointIsolation" name="test_standard_baccarat_rejects_25_with_50_floor_or_auth" time="0.066" /></testsuite></testsuites>