<?xml version="1.0" encoding="utf-8"?><testsuites name="pytest tests"><testsuite name="pytest" errors="0" failures="0" skipped="0" tests="45" time="3.820" timestamp="2026-05-04T01:28:00.147686+00:00" hostname="agent-env-d18ffc68-6865-4910-bcea-395826c8d1cd"><testcase classname="tests.regression_shield" name="test_fastapi_imports_cleanly" time="3.768" /><testcase classname="tests.regression_shield" name="test_euchre_engine_boots" time="0.000" /><testcase classname="tests.regression_shield" name="test_pinochle_engine_boots" time="0.000" /><testcase classname="tests.regression_shield" name="test_hearts_engine_boots" time="0.000" /><testcase classname="tests.regression_shield" name="test_gin_rummy_to_view_exposes_meld_groups" time="0.000" /><testcase classname="tests.regression_shield" name="test_rummy_to_view_exposes_meld_groups" time="0.000" /><testcase classname="tests.regression_shield" name="test_dominoes_engine_boots" time="0.000" /><testcase classname="tests.regression_shield" name="test_coming_soon_list_exists_and_is_populated" time="0.000" /><testcase classname="tests.regression_shield" name="test_privy_button_has_self_hide_guard" time="0.000" /><testcase classname="tests.regression_shield" name="test_demo_login_seeds_credits" time="0.000" /><testcase classname="tests.regression_shield" name="test_dockerfile_has_node_heap_bump" time="0.000" /><testcase classname="tests.regression_shield" name="test_hearts_pass_modal_ink_is_dark" time="0.000" /><testcase classname="tests.regression_shield" name="test_euchre_hand_visible_during_bidding" time="0.000" /><testcase classname="tests.regression_shield" name="test_pinochle_hand_visible_during_bidding" time="0.000" /><testcase classname="tests.regression_shield" name="test_baccarat_has_canonical_route" time="0.000" /><testcase classname="tests.regression_shield" name="test_baccarat_uses_vibez_coins_not_usd" time="0.000" /><testcase classname="tests.regression_shield" name="test_chair_orb_component_exists" time="0.000" /><testcase classname="tests.regression_shield" name="test_coming_soon_overlay_component_exists" time="0.000" /><testcase classname="tests.regression_shield" name="test_quick_emoji_button_component_exists" time="0.000" /><testcase classname="tests.regression_shield" name="test_hand_fan_sorts_by_suit" time="0.000" /><testcase classname="tests.regression_shield" name="test_round_modal_auto_advances_5s" time="0.000" /><testcase classname="tests.regression_shield" name="test_euchre_scoring_auto_advances" time="0.000" /><testcase classname="tests.regression_shield" name="test_pinochle_scoring_auto_advances" time="0.000" /><testcase classname="tests.regression_shield" name="test_login_card_not_globally_hoverable" time="0.000" /><testcase classname="tests.regression_shield" name="test_vibe_654_social_routes_mounted" time="0.001" /><testcase classname="tests.regression_shield" name="test_vibe_654_coliseum_component_exists" time="0.000" /><testcase classname="tests.regression_shield" name="test_vibe_654_hype_fee_is_one_coin" time="0.000" /><testcase classname="tests.regression_shield" name="test_vibe_654_sidebet_settlement_hook_wired" time="0.000" /><testcase classname="tests.regression_shield" name="test_vibe_654_solo_high_roller_route_registered" time="0.000" /><testcase classname="tests.regression_shield" name="test_card_multiplayer_routes_mounted" time="0.000" /><testcase classname="tests.regression_shield" name="test_card_mp_room_page_and_routes_exist" time="0.000" /><testcase classname="tests.regression_shield" name="test_euchre_pinochle_have_multiplayer_cta" time="0.000" /><testcase classname="tests.regression_shield" name="test_stale_http_multiplayer_card_games_redirect" time="0.000" /><testcase classname="tests.regression_shield" name="test_vibez_654_solo_accepts_credits_balance_wallet" time="0.000" /><testcase classname="tests.regression_shield" name="test_vibez_654_solo_uses_5_dice_654_rules" time="0.000" /><testcase classname="tests.regression_shield" name="test_vibez_654_prescription_wallet_fallback_works" time="0.000" /><testcase classname="tests.regression_shield" name="test_vibedice_premium_uses_real_user_id_and_table" time="0.000" /><testcase classname="tests.regression_shield" name="test_vibe654_solo_dice_tray_hides_qualifier_tiles" time="0.000" /><testcase classname="tests.regression_shield" name="test_decision_popdown_is_centered_not_top_anchored" time="0.000" /><testcase classname="tests.regression_shield" name="test_socketio_handlers_have_type_hints" time="0.007" /><testcase classname="tests.regression_shield" name="test_vibe654_play_picks_highest_balance_wallet" time="0.000" /><testcase classname="tests.regression_shield" name="test_solo_vault_decision_dock_is_side_mounted" time="0.000" /><testcase classname="tests.regression_shield" name="test_room_menu_bar_component_with_themes" time="0.000" /><testcase classname="tests.regression_shield" name="test_spades_hand_fan_scales_on_mobile" time="0.000" /><testcase classname="tests.regression_shield" name="test_aaa_top_bars_wrap_on_mobile" time="0.001" /></testsuite></testsuites>