<?xml version="1.0" encoding="utf-8"?><testsuites name="pytest tests"><testsuite name="pytest" errors="0" failures="0" skipped="0" tests="10" time="17.159" timestamp="2026-05-09T02:22:21.935424+00:00" hostname="agent-env-d18ffc68-6865-4910-bcea-395826c8d1cd"><testcase classname="tests.test_iter_beta_qa_voice_roguelite_battle.TestVoiceCoachMoveTip" name="test_move_tip_starting_position" time="4.388" /><testcase classname="tests.test_iter_beta_qa_voice_roguelite_battle.TestVoiceCoachMoveTip" name="test_move_tip_midgame" time="2.556" /><testcase classname="tests.test_iter_beta_qa_voice_roguelite_battle.TestVoiceCoachVoiceQuestion" name="test_empty_audio_returns_400" time="0.215" /><testcase classname="tests.test_iter_beta_qa_voice_roguelite_battle.TestVoiceCoachVoiceQuestion" name="test_too_large_audio_returns_413" time="0.949" /><testcase classname="tests.test_iter_beta_qa_voice_roguelite_battle.TestVoiceCoachVoiceQuestion" name="test_undecipherable_audio_returns_422_or_502" time="6.519" /><testcase classname="tests.test_iter_beta_qa_voice_roguelite_battle.TestRogueliteChess" name="test_state_unauth_returns_401" time="0.174" /><testcase classname="tests.test_iter_beta_qa_voice_roguelite_battle.TestRogueliteChess" name="test_start_authed" time="0.444" /><testcase classname="tests.test_iter_beta_qa_voice_roguelite_battle.TestRogueliteChess" name="test_state_authed" time="0.123" /><testcase classname="tests.test_iter_beta_qa_voice_roguelite_battle.TestRogueliteChess" name="test_record_result_scoring_and_lives_to_zero" time="1.331" /><testcase classname="tests.test_iter_beta_qa_voice_roguelite_battle.TestRogueliteChess" name="test_leaderboard" time="0.387" /></testsuite></testsuites>