<?xml version="1.0" encoding="utf-8"?><testsuites name="pytest tests"><testsuite name="pytest" errors="0" failures="0" skipped="1" tests="7" time="2.283" timestamp="2026-05-02T11:49:44.981711+00:00" hostname="agent-env-d18ffc68-6865-4910-bcea-395826c8d1cd"><testcase classname="tests.test_iter_jan_2026_uno_wild4_euchre.TestUnoWild4" name="test_start_shape" time="1.290" /><testcase classname="tests.test_iter_jan_2026_uno_wild4_euchre.TestUnoWild4" name="test_challenge_without_open_returns_400" time="0.102" /><testcase classname="tests.test_iter_jan_2026_uno_wild4_euchre.TestUnoWild4" name="test_wild4_play_triggers_pending_and_challenge_cycle" time="0.361" /><testcase classname="tests.test_iter_jan_2026_uno_wild4_euchre.TestEuchre" name="test_start_shape" time="0.052" /><testcase classname="tests.test_iter_jan_2026_uno_wild4_euchre.TestEuchre" name="test_pass_bid_advances_round_or_redeals" time="0.099" /><testcase classname="tests.test_iter_jan_2026_uno_wild4_euchre.TestEuchre" name="test_name_trump_upcard_suit_round2_rejected" time="0.151"><skipped type="pytest.skip" message="Could not reach user round-2 bidding deterministically">/app/backend/tests/test_iter_jan_2026_uno_wild4_euchre.py:133: Could not reach user round-2 bidding deterministically</skipped></testcase><testcase classname="tests.test_iter_jan_2026_uno_wild4_euchre.TestEuchre" name="test_play_illegal_card_returns_400" time="0.163" /></testsuite></testsuites>