<?xml version="1.0" encoding="utf-8"?><testsuites name="pytest tests"><testsuite name="pytest" errors="0" failures="0" skipped="0" tests="9" time="1.830" timestamp="2026-04-30T13:56:52.525015+00:00" hostname="agent-env-d18ffc68-6865-4910-bcea-395826c8d1cd"><testcase classname="backend.tests.test_iter_jan_2026_pre_deploy_validation" name="test_api_health" time="0.734" /><testcase classname="backend.tests.test_iter_jan_2026_pre_deploy_validation" name="test_root_health" time="0.053" /><testcase classname="backend.tests.test_iter_jan_2026_pre_deploy_validation" name="test_chairs_economics_genius_genesis" time="0.053" /><testcase classname="backend.tests.test_iter_jan_2026_pre_deploy_validation" name="test_chairs_expansion_plan_phase_rename" time="0.061" /><testcase classname="backend.tests.test_iter_jan_2026_pre_deploy_validation" name="test_chair_wall_list" time="0.067" /><testcase classname="backend.tests.test_iter_jan_2026_pre_deploy_validation" name="test_chair_wall_detail_1" time="0.062" /><testcase classname="backend.tests.test_iter_jan_2026_pre_deploy_validation" name="test_chairs_me_with_demo" time="0.198" /><testcase classname="backend.tests.test_iter_jan_2026_pre_deploy_validation" name="test_apex_status_still_works" time="0.056" /><testcase classname="backend.tests.test_iter_jan_2026_pre_deploy_validation" name="test_shareholder_vote_lifecycle" time="0.468" /></testsuite></testsuites>