<?xml version="1.0" encoding="utf-8"?><testsuites name="pytest tests"><testsuite name="pytest" errors="0" failures="0" skipped="0" tests="75" time="6.939" timestamp="2026-04-27T08:25:55.849128+00:00" hostname="agent-env-d18ffc68-6865-4910-bcea-395826c8d1cd"><testcase classname="backend.tests.test_chairs_iter_jan_2026.TestLegalPosture" name="test_phase_endpoint_no_forbidden_terms" time="0.164" /><testcase classname="backend.tests.test_chairs_iter_jan_2026.TestLegalPosture" name="test_chairs_me_no_valuation_field" time="0.196" /><testcase classname="backend.tests.test_chairs_iter_jan_2026.TestLegalPosture" name="test_leaders_no_forbidden_terms" time="0.051" /><testcase classname="backend.tests.test_chairs_iter_jan_2026.TestChairsMeSchema" name="test_chairs_me_has_required_fields" time="0.053" /><testcase classname="backend.tests.test_chairs_iter_jan_2026.TestChairsMeSchema" name="test_perks_paused_reason_when_chairs_but_no_premium" time="0.101" /><testcase classname="backend.tests.test_chairs_iter_jan_2026.TestChairLeaders" name="test_leaders_shape" time="0.051" /><testcase classname="backend.tests.test_chairs_iter_jan_2026.TestInviteFlow" name="test_validate_unknown" time="0.051" /><testcase classname="backend.tests.test_chairs_iter_jan_2026.TestInviteFlow" name="test_generate_validate_and_self_redeem_blocked" time="0.261" /><testcase classname="backend.tests.test_chairs_iter_jan_2026.TestInviteFlow" name="test_invites_mine" time="0.048" /><testcase classname="backend.tests.test_chairs_iter_jan_2026.TestChairCheckout" name="test_checkout_unauth" time="0.120" /><testcase classname="backend.tests.test_chairs_iter_jan_2026.TestChairCheckout" name="test_checkout_quantity_over_cap_422" time="0.051" /><testcase classname="backend.tests.test_chairs_iter_jan_2026.TestChairCheckout" name="test_checkout_returns_stripe_session_or_503" time="0.523" /><testcase classname="backend.tests.test_chairs_iter_jan_2026.TestAdminChairsHealth" name="test_admin_health_happy" time="0.168" /><testcase classname="backend.tests.test_chairs_iter_jan_2026.TestAdminChairsHealth" name="test_run_quarter_idempotent" time="0.092" /><testcase classname="backend.tests.test_iter_global_vibez_dsg_2026_01.TestRidezDispatchAndAutoPayout" name="test_no_drivers_branch_when_radius_empty" time="0.109" /><testcase classname="backend.tests.test_iter_global_vibez_dsg_2026_01.TestRidezDispatchAndAutoPayout" name="test_escrow_flow_credits_on_complete_only" time="0.358" /><testcase classname="backend.tests.test_iter_global_vibez_dsg_2026_01.TestDriverLocationEndpoint" name="test_unknown_driver_returns_404" time="0.045" /><testcase classname="backend.tests.test_iter_global_vibez_dsg_2026_01.TestDriverLocationEndpoint" name="test_known_driver_returns_location_payload" time="0.091" /><testcase classname="backend.tests.test_iter_global_vibez_dsg_2026_01.TestVibeSuitesMeBalance" name="test_unauthenticated_returns_401" time="0.109" /><testcase classname="backend.tests.test_iter_global_vibez_dsg_2026_01.TestVibeSuitesMeBalance" name="test_bearer_auth_returns_balance" time="0.147" /><testcase classname="backend.tests.test_iter_global_vibez_dsg_2026_01.TestVibeSuitesMeBalance" name="test_cookie_auth_returns_balance" time="0.050" /><testcase classname="backend.tests.test_iter_global_vibez_dsg_2026_01.TestCryptoPayments" name="test_platform_receive_wallet" time="0.046" /><testcase classname="backend.tests.test_iter_global_vibez_dsg_2026_01.TestCryptoPayments" name="test_create_deposit_sol_uses_platform_wallet_with_memo" time="0.045" /><testcase classname="backend.tests.test_iter_global_vibez_dsg_2026_01.TestCryptoPayments" name="test_create_deposit_btc_uses_placeholder_and_no_memo" time="0.051" /><testcase classname="backend.tests.test_iter_global_vibez_dsg_2026_01.TestRouterRegistrationRegression" name="test_router_path_returns_200[/api/crypto-payments/supported-currencies]" time="0.045" /><testcase classname="backend.tests.test_iter_global_vibez_dsg_2026_01.TestRouterRegistrationRegression" name="test_router_path_returns_200[/api/crypto-payments/platform-receive-wallet]" time="0.045" /><testcase classname="backend.tests.test_iter_global_vibez_dsg_2026_01.TestRouterRegistrationRegression" name="test_router_path_returns_200[/api/subscriptions/tiers]" time="0.048" /><testcase classname="backend.tests.test_iter_global_vibez_dsg_2026_01.TestRideCompleteEdgeCases" name="test_complete_unknown_ride_id_returns_404" time="0.045" /><testcase classname="backend.tests.test_iter_global_vibez_dsg_2026_01.TestRideCompleteEdgeCases" name="test_driver_flips_back_to_available_in_active_drivers_after_complete" time="0.242" /><testcase classname="backend.tests.test_iter_global_vibez_dsg_2026_01.TestRiderHistory" name="test_unauthenticated_returns_401" time="0.118" /><testcase classname="backend.tests.test_iter_global_vibez_dsg_2026_01.TestRiderHistory" name="test_authenticated_returns_completed_ride" time="0.193" /><testcase classname="backend.tests.test_iter_global_vibez_dsg_2026_01.TestUberRemoved" name="test_uber_paths_return_404[/api/uber/health]" time="0.049" /><testcase classname="backend.tests.test_iter_global_vibez_dsg_2026_01.TestUberRemoved" name="test_uber_paths_return_404[/api/uber/quote]" time="0.067" /><testcase classname="backend.tests.test_iter_global_vibez_dsg_2026_01.TestUberRemoved" name="test_uber_paths_return_404[/api/uber/request-ride]" time="0.052" /><testcase classname="backend.tests.test_iter_global_vibez_dsg_2026_01.TestUberRemoved" name="test_uber_paths_return_404[/api/uber/foo]" time="0.048" /><testcase classname="backend.tests.test_iter_global_vibez_dsg_2026_01.TestAgoraVibeCall" name="test_agora_health_public" time="0.047" /><testcase classname="backend.tests.test_iter_global_vibez_dsg_2026_01.TestAgoraVibeCall" name="test_rtc_token_requires_auth" time="0.103" /><testcase classname="backend.tests.test_iter_global_vibez_dsg_2026_01.TestAgoraVibeCall" name="test_rtc_token_validates_channel_pattern" time="0.047" /><testcase classname="backend.tests.test_iter_global_vibez_dsg_2026_01.TestAgoraVibeCall" name="test_rtc_token_authed_returns_token" time="0.094" /><testcase classname="backend.tests.test_iter_global_vibez_dsg_2026_01.TestVibePhone" name="test_me_unauth" time="0.119" /><testcase classname="backend.tests.test_iter_global_vibez_dsg_2026_01.TestVibePhone" name="test_provision_idempotent" time="0.095" /><testcase classname="backend.tests.test_iter_global_vibez_dsg_2026_01.TestVibePhone" name="test_lookup_returns_user_id" time="0.101" /><testcase classname="backend.tests.test_iter_global_vibez_dsg_2026_01.TestVibePhone" name="test_lookup_bad_format_400" time="0.045" /><testcase classname="backend.tests.test_iter_global_vibez_dsg_2026_01.TestVibePhone" name="test_initiate_call_returns_channel" time="0.056" /><testcase classname="backend.tests.test_iter_global_vibez_dsg_2026_01.TestVibePhone" name="test_cannot_call_yourself" time="0.090" /><testcase classname="backend.tests.test_iter_global_vibez_dsg_2026_01.TestVibePhone" name="test_pstn_eligibility_free_user" time="0.056" /><testcase classname="backend.tests.test_iter_global_vibez_dsg_2026_01.TestVibePhone" name="test_pstn_provision_blocks_free_user" time="0.050" /><testcase classname="backend.tests.test_iter_global_vibez_dsg_2026_01.TestSafeVibeStakes" name="test_pool_endpoint_includes_surge" time="0.048" /><testcase classname="backend.tests.test_iter_global_vibez_dsg_2026_01.TestSafeVibeStakes" name="test_surge_endpoint_public" time="0.050" /><testcase classname="backend.tests.test_iter_global_vibez_dsg_2026_01.TestSafeVibeStakes" name="test_treasury_dashboard_shape" time="0.054" /><testcase classname="backend.tests.test_iter_global_vibez_dsg_2026_01.TestSafeVibeStakes" name="test_premium_price_curve" time="0.050" /><testcase classname="backend.tests.test_iter_global_vibez_dsg_2026_01.TestSafeVibeStakes" name="test_premium_subscribe_requires_auth" time="0.149" /><testcase classname="backend.tests.test_iter_global_vibez_dsg_2026_01.TestFoundersPass" name="test_tiers_endpoint_public" time="0.050" /><testcase classname="backend.tests.test_iter_global_vibez_dsg_2026_01.TestFoundersPass" name="test_me_unauthenticated_blocked" time="0.107" /><testcase classname="backend.tests.test_iter_global_vibez_dsg_2026_01.TestFoundersPass" name="test_me_no_pass_default" time="0.046" /><testcase classname="backend.tests.test_iter_global_vibez_dsg_2026_01.TestFoundersPass" name="test_test_activate_grants_multiplier_and_starter_stakes" time="0.056" /><testcase classname="backend.tests.test_iter_global_vibez_dsg_2026_01.TestFoundersPass" name="test_test_activate_is_idempotent" time="0.102" /><testcase classname="backend.tests.test_iter_global_vibez_dsg_2026_01.TestFoundersPass" name="test_unknown_tier_rejected" time="0.062" /><testcase classname="backend.tests.test_iter_global_vibez_dsg_2026_01.TestFoundersPass" name="test_checkout_unauthenticated_blocked" time="0.104" /><testcase classname="backend.tests.test_iter_global_vibez_dsg_2026_01.TestFoundersPass" name="test_admin_stats_requires_admin_cookie" time="0.108" /><testcase classname="backend.tests.test_iter_global_vibez_dsg_2026_01.TestFoundersPass" name="test_real_stripe_checkout_returns_session_url" time="0.050" /><testcase classname="backend.tests.test_iter_global_vibez_dsg_2026_01.TestFoundersPass" name="test_tiers_include_next_pass_number" time="0.048" /><testcase classname="backend.tests.test_iter_global_vibez_dsg_2026_01.TestFoundersPass" name="test_activation_assigns_sequential_pass_number" time="0.049" /><testcase classname="backend.tests.test_iter_global_vibez_dsg_2026_01.TestFoundersPass" name="test_idempotent_replay_keeps_pass_number" time="0.099" /><testcase classname="backend.tests.test_iter_global_vibez_dsg_2026_01.TestFoundersPass" name="test_premium_subscribe_runs_4_3_3_rake" time="0.049" /><testcase classname="backend.tests.test_iter_global_vibez_dsg_2026_01.TestFoundersPass" name="test_premium_subscribe_is_idempotent_on_payment_ref" time="0.103" /><testcase classname="backend.tests.test_iter_global_vibez_dsg_2026_01.TestFoundersPass" name="test_premium_subscribe_rejects_huge_amount" time="0.043" /><testcase classname="backend.tests.test_iter_global_vibez_dsg_2026_01.TestFounderChairs" name="test_phase_endpoint_public" time="0.047" /><testcase classname="backend.tests.test_iter_global_vibez_dsg_2026_01.TestFounderChairs" name="test_chairs_me_unauthenticated_blocked" time="0.104" /><testcase classname="backend.tests.test_iter_global_vibez_dsg_2026_01.TestFounderChairs" name="test_test_buy_grants_chairs_and_records" time="0.049" /><testcase classname="backend.tests.test_iter_global_vibez_dsg_2026_01.TestFounderChairs" name="test_chair_purchase_idempotent" time="0.093" /><testcase classname="backend.tests.test_iter_global_vibez_dsg_2026_01.TestFounderChairs" name="test_quantity_cap_enforced" time="0.043" /><testcase classname="backend.tests.test_iter_global_vibez_dsg_2026_01.TestFounderChairs" name="test_invite_validate_unknown_returns_invalid" time="0.047" /><testcase classname="backend.tests.test_iter_global_vibez_dsg_2026_01.TestFounderChairs" name="test_invite_generate_authed" time="0.050" /><testcase classname="backend.tests.test_iter_global_vibez_dsg_2026_01.TestFounderChairs" name="test_admin_health_requires_admin_cookie" time="0.114" /></testsuite></testsuites>