<?xml version="1.0" encoding="utf-8"?><testsuites name="pytest tests"><testsuite name="pytest" errors="0" failures="0" skipped="0" tests="8" time="11.503" timestamp="2026-04-23T12:56:30.729601+00:00" hostname="agent-env-d18ffc68-6865-4910-bcea-395826c8d1cd"><testcase classname="backend.tests.test_iter115_voice_mirror.TestVoiceMirrorBasics" name="test_voices_list" time="0.212" /><testcase classname="backend.tests.test_iter115_voice_mirror.TestVoiceMirrorBasics" name="test_phrase_packs" time="0.045" /><testcase classname="backend.tests.test_iter115_voice_mirror.TestTranscribeAndTranslate" name="test_real_gtts_mp3_to_spanish" time="4.280" /><testcase classname="backend.tests.test_iter115_voice_mirror.TestTranscribeAndTranslate" name="test_real_gtts_mp3_to_french" time="4.530" /><testcase classname="backend.tests.test_iter115_voice_mirror.TestTranscribeAndTranslate" name="test_invalid_base64_returns_400" time="0.047" /><testcase classname="backend.tests.test_iter115_voice_mirror.TestSpeakPhrase" name="test_speak_phrase_spanish" time="2.169" /><testcase classname="backend.tests.test_iter115_voice_mirror.TestSpeakPhrase" name="test_speak_phrase_empty_text_400" time="0.045" /><testcase classname="backend.tests.test_iter115_voice_mirror.TestPairMode" name="test_pair_router_mounted" time="0.099" /></testsuite></testsuites>