<?xml version="1.0" encoding="utf-8"?><testsuites name="pytest tests"><testsuite name="pytest" errors="0" failures="0" skipped="1" tests="16" time="2.294" timestamp="2026-04-29T13:59:44.241485+00:00" hostname="agent-env-d18ffc68-6865-4910-bcea-395826c8d1cd"><testcase classname="tests.test_iter_jan_2026_token_roadmap_rehearsal.TestPublicTreasuryStatus" name="test_no_auth_required_200" time="0.348" /><testcase classname="tests.test_iter_jan_2026_token_roadmap_rehearsal.TestPublicTreasuryStatus" name="test_payload_values_when_configured" time="0.213" /><testcase classname="tests.test_iter_jan_2026_token_roadmap_rehearsal.TestPublicTreasuryStatus" name="test_no_cosigner_leakage" time="0.201" /><testcase classname="tests.test_iter_jan_2026_token_roadmap_rehearsal.TestAdminSquadsStatus" name="test_requires_admin_cookie" time="0.070" /><testcase classname="tests.test_iter_jan_2026_token_roadmap_rehearsal.TestAdminSquadsStatus" name="test_with_admin_returns_corrected_address" time="0.341" /><testcase classname="tests.test_iter_jan_2026_token_roadmap_rehearsal.TestAdminDashboard" name="test_requires_admin" time="0.060" /><testcase classname="tests.test_iter_jan_2026_token_roadmap_rehearsal.TestAdminDashboard" name="test_dashboard_includes_squads_block" time="0.172" /><testcase classname="tests.test_iter_jan_2026_token_roadmap_rehearsal.TestRegressionEndpoints" name="test_solana_indexer_status" time="0.056"><skipped type="pytest.skip" message="solana-indexer/status now auth-gated; skipping">/app/backend/tests/test_iter_jan_2026_token_roadmap_rehearsal.py:134: solana-indexer/status now auth-gated; skipping</skipped></testcase><testcase classname="tests.test_iter_jan_2026_token_roadmap_rehearsal.TestRegressionEndpoints" name="test_solana_indexer_status_authed" time="0.062" /><testcase classname="tests.test_iter_jan_2026_token_roadmap_rehearsal.TestRegressionEndpoints" name="test_sweep_balance_requires_auth" time="0.060" /><testcase classname="tests.test_iter_jan_2026_token_roadmap_rehearsal.TestRegressionEndpoints" name="test_sweep_balance_authed" time="0.165" /><testcase classname="tests.test_iter_jan_2026_token_roadmap_rehearsal.TestRegressionEndpoints" name="test_sweep_instructions_same_wallet_400" time="0.057" /><testcase classname="tests.test_iter_jan_2026_token_roadmap_rehearsal.TestRegressionEndpoints" name="test_sweep_instructions_valid" time="0.246" /><testcase classname="tests.test_iter_jan_2026_token_roadmap_rehearsal.TestRegressionEndpoints" name="test_perf_snapshot_requires_auth" time="0.054" /><testcase classname="tests.test_iter_jan_2026_token_roadmap_rehearsal.TestRegressionEndpoints" name="test_perf_snapshot_authed_sorted" time="0.051" /><testcase classname="tests.test_iter_jan_2026_token_roadmap_rehearsal.TestRegressionEndpoints" name="test_vault_auth_login_works" time="0.062" /></testsuite></testsuites>