<?xml version="1.0" encoding="utf-8"?><testsuites name="pytest tests"><testsuite name="pytest" errors="0" failures="0" skipped="0" tests="10" time="8.131" timestamp="2026-04-22T14:18:07.963857+00:00" hostname="agent-env-d18ffc68-6865-4910-bcea-395826c8d1cd"><testcase classname="backend.tests.test_iter109_voice_mirror.TestVoicePicker" name="test_get_voices_no_user" time="0.302" /><testcase classname="backend.tests.test_iter109_voice_mirror.TestVoicePicker" name="test_get_voices_with_user_returns_default" time="0.162" /><testcase classname="backend.tests.test_iter109_voice_mirror.TestVoicePicker" name="test_set_voice_invalid" time="0.146" /><testcase classname="backend.tests.test_iter109_voice_mirror.TestVoicePicker" name="test_set_voice_valid_and_persist" time="0.280" /><testcase classname="backend.tests.test_iter109_voice_mirror.TestPhrasePacks" name="test_get_phrase_packs" time="0.142" /><testcase classname="backend.tests.test_iter109_voice_mirror.TestPhrasePacks" name="test_speak_phrase_empty_text" time="0.132" /><testcase classname="backend.tests.test_iter109_voice_mirror.TestPhrasePacks" name="test_speak_phrase_translates_to_spanish" time="1.986" /><testcase classname="backend.tests.test_iter109_voice_mirror.TestHistory" name="test_history_missing_user_id" time="0.138" /><testcase classname="backend.tests.test_iter109_voice_mirror.TestHistory" name="test_history_after_phrase_then_clear" time="4.509" /><testcase classname="backend.tests.test_iter109_voice_mirror.TestHistory" name="test_delete_history_empty_user" time="0.254" /></testsuite></testsuites>