<?xml version="1.0" encoding="utf-8"?><testsuites name="pytest tests"><testsuite name="pytest" errors="0" failures="1" skipped="0" tests="15" time="3.133" timestamp="2026-05-04T05:40:43.156259+00:00" hostname="agent-env-d18ffc68-6865-4910-bcea-395826c8d1cd"><testcase classname="backend.tests.test_iter_feb6_2026_sovereign_v9.TestSovereignEconomy" name="test_economy_status_public" time="1.287" /><testcase classname="backend.tests.test_iter_feb6_2026_sovereign_v9.TestSovereignEconomy" name="test_engine_process_tx_requires_admin" time="0.062" /><testcase classname="backend.tests.test_iter_feb6_2026_sovereign_v9.TestSovereignEconomy" name="test_engine_process_tx_admin_ok" time="0.181" /><testcase classname="backend.tests.test_iter_feb6_2026_sovereign_v9.TestAutoDJ" name="test_auto_dj_seed_requires_auth" time="0.057" /><testcase classname="backend.tests.test_iter_feb6_2026_sovereign_v9.TestAutoDJ" name="test_auto_dj_seed_ok" time="0.328" /><testcase classname="backend.tests.test_iter_feb6_2026_sovereign_v9.TestAutoDJ" name="test_auto_dj_queue_requires_auth" time="0.060" /><testcase classname="backend.tests.test_iter_feb6_2026_sovereign_v9.TestAutoDJ" name="test_auto_dj_queue_ok" time="0.287" /><testcase classname="backend.tests.test_iter_feb6_2026_sovereign_v9.TestTip" name="test_tip_skip_requires_auth" time="0.051" /><testcase classname="backend.tests.test_iter_feb6_2026_sovereign_v9.TestTip" name="test_tip_skip_ok" time="0.154" /><testcase classname="backend.tests.test_iter_feb6_2026_sovereign_v9.TestTip" name="test_tip_add_missing_track_400" time="0.135" /><testcase classname="backend.tests.test_iter_feb6_2026_sovereign_v9.TestTip" name="test_tip_add_ok" time="0.105"><failure message="assert 24 == 25">backend/tests/test_iter_feb6_2026_sovereign_v9.py:168: in test_tip_add_ok
    assert d["driver_credit"] == 25  # 70% of 35 = 24.5 → 25
    ^^^^^^^^^^^^^^^^^^^^^^^^^^^^^^^
E   assert 24 == 25</failure></testcase><testcase classname="backend.tests.test_iter_feb6_2026_sovereign_v9.TestSponsorAdmin" name="test_list_requires_admin" time="0.053" /><testcase classname="backend.tests.test_iter_feb6_2026_sovereign_v9.TestSponsorAdmin" name="test_list_admin_ok" time="0.054" /><testcase classname="backend.tests.test_iter_feb6_2026_sovereign_v9.TestSponsorAdmin" name="test_list_status_filter" time="0.152" /><testcase classname="backend.tests.test_iter_feb6_2026_sovereign_v9.TestSponsorAdmin" name="test_reject_unknown_404" time="0.051" /></testsuite></testsuites>