<?xml version="1.0" encoding="utf-8"?><testsuites name="pytest tests"><testsuite name="pytest" errors="0" failures="0" skipped="0" tests="50" time="24.870" timestamp="2026-05-13T22:06:57.418602+00:00" hostname="agent-env-d18ffc68-6865-4910-bcea-395826c8d1cd"><testcase classname="backend.tests.test_payout_math_round_by_round_may2026" name="test_three_card_poker_round[0]" time="1.503" /><testcase classname="backend.tests.test_payout_math_round_by_round_may2026" name="test_three_card_poker_round[1]" time="0.145" /><testcase classname="backend.tests.test_payout_math_round_by_round_may2026" name="test_three_card_poker_round[2]" time="0.167" /><testcase classname="backend.tests.test_payout_math_round_by_round_may2026" name="test_three_card_poker_round[3]" time="0.151" /><testcase classname="backend.tests.test_payout_math_round_by_round_may2026" name="test_three_card_poker_round[4]" time="0.132" /><testcase classname="backend.tests.test_payout_math_round_by_round_may2026" name="test_casino_war_round[0]" time="0.145" /><testcase classname="backend.tests.test_payout_math_round_by_round_may2026" name="test_casino_war_round[1]" time="0.133" /><testcase classname="backend.tests.test_payout_math_round_by_round_may2026" name="test_casino_war_round[2]" time="0.137" /><testcase classname="backend.tests.test_payout_math_round_by_round_may2026" name="test_casino_war_round[3]" time="0.154" /><testcase classname="backend.tests.test_payout_math_round_by_round_may2026" name="test_casino_war_round[4]" time="0.117" /><testcase classname="backend.tests.test_payout_math_round_by_round_may2026" name="test_european_roulette_multipliers[straight-7]" time="0.118" /><testcase classname="backend.tests.test_payout_math_round_by_round_may2026" name="test_european_roulette_multipliers[color_red-None]" time="0.119" /><testcase classname="backend.tests.test_payout_math_round_by_round_may2026" name="test_european_roulette_multipliers[dozen_1-None]" time="0.133" /><testcase classname="backend.tests.test_payout_math_round_by_round_may2026" name="test_european_roulette_multipliers[even-None]" time="0.115" /><testcase classname="backend.tests.test_payout_math_round_by_round_may2026" name="test_european_roulette_multipliers[low-None]" time="0.117" /><testcase classname="backend.tests.test_payout_math_round_by_round_may2026" name="test_big_six_wheel[0]" time="0.122" /><testcase classname="backend.tests.test_payout_math_round_by_round_may2026" name="test_big_six_wheel[1]" time="0.138" /><testcase classname="backend.tests.test_payout_math_round_by_round_may2026" name="test_big_six_wheel[2]" time="0.115" /><testcase classname="backend.tests.test_payout_math_round_by_round_may2026" name="test_big_six_wheel[3]" time="0.138" /><testcase classname="backend.tests.test_payout_math_round_by_round_may2026" name="test_big_six_wheel[4]" time="0.149" /><testcase classname="backend.tests.test_payout_math_round_by_round_may2026" name="test_jacks_or_better_round[0]" time="0.260" /><testcase classname="backend.tests.test_payout_math_round_by_round_may2026" name="test_jacks_or_better_round[1]" time="0.329" /><testcase classname="backend.tests.test_payout_math_round_by_round_may2026" name="test_jacks_or_better_round[2]" time="0.276" /><testcase classname="backend.tests.test_payout_math_round_by_round_may2026" name="test_jacks_or_better_round[3]" time="0.297" /><testcase classname="backend.tests.test_payout_math_round_by_round_may2026" name="test_jacks_or_better_round[4]" time="0.257" /><testcase classname="backend.tests.test_payout_math_round_by_round_may2026" name="test_pai_gow_round[0]" time="0.111" /><testcase classname="backend.tests.test_payout_math_round_by_round_may2026" name="test_pai_gow_round[1]" time="0.139" /><testcase classname="backend.tests.test_payout_math_round_by_round_may2026" name="test_pai_gow_round[2]" time="0.142" /><testcase classname="backend.tests.test_payout_math_round_by_round_may2026" name="test_50_coin_floor_rejected[/api/games/pai-gow/play-payload0]" time="0.119" /><testcase classname="backend.tests.test_payout_math_round_by_round_may2026" name="test_50_coin_floor_rejected[/api/games/casino-war/play-payload1]" time="0.112" /><testcase classname="backend.tests.test_payout_math_round_by_round_may2026" name="test_50_coin_floor_rejected[/api/games/european-roulette/play-payload2]" time="0.135" /><testcase classname="backend.tests.test_payout_math_round_by_round_may2026" name="test_50_coin_floor_rejected[/api/games/big-six-wheel/play-payload3]" time="0.100" /><testcase classname="backend.tests.test_payout_math_round_by_round_may2026" name="test_vibes_slots_spin[0]" time="0.410" /><testcase classname="backend.tests.test_payout_math_round_by_round_may2026" name="test_vibes_slots_spin[1]" time="0.401" /><testcase classname="backend.tests.test_payout_math_round_by_round_may2026" name="test_vibes_slots_spin[2]" time="10.443" /><testcase classname="backend.tests.test_payout_math_round_by_round_may2026" name="test_vibes_slots_spin[3]" time="0.432" /><testcase classname="backend.tests.test_payout_math_round_by_round_may2026" name="test_vibes_slots_spin[4]" time="0.448" /><testcase classname="backend.tests.test_payout_math_round_by_round_may2026" name="test_blackjack_round_wallet[0]" time="0.535" /><testcase classname="backend.tests.test_payout_math_round_by_round_may2026" name="test_blackjack_round_wallet[1]" time="0.566" /><testcase classname="backend.tests.test_payout_math_round_by_round_may2026" name="test_blackjack_round_wallet[2]" time="0.501" /><testcase classname="backend.tests.test_payout_math_round_by_round_may2026" name="test_blackjack_round_wallet[3]" time="0.617" /><testcase classname="backend.tests.test_payout_math_round_by_round_may2026" name="test_blackjack_round_wallet[4]" time="0.531" /><testcase classname="backend.tests.test_payout_math_round_by_round_may2026" name="test_baccarat_round[player]" time="0.482" /><testcase classname="backend.tests.test_payout_math_round_by_round_may2026" name="test_baccarat_round[banker]" time="0.409" /><testcase classname="backend.tests.test_payout_math_round_by_round_may2026" name="test_baccarat_round[tie]" time="0.398" /><testcase classname="backend.tests.test_payout_math_round_by_round_may2026" name="test_watch_and_wager_active_pools" time="0.112" /><testcase classname="backend.tests.test_payout_math_round_by_round_may2026" name="test_streamer_follow_self_rejection" time="0.129" /><testcase classname="backend.tests.test_payout_math_round_by_round_may2026" name="test_streamer_follow_flow" time="0.864" /><testcase classname="backend.tests.test_payout_math_round_by_round_may2026" name="test_streamer_follow_notify_live_and_cooldown" time="1.025" /><testcase classname="backend.tests.test_payout_math_round_by_round_may2026" name="test_streamer_unfollow" time="0.121" /></testsuite></testsuites>