<?xml version="1.0" encoding="utf-8"?><testsuites name="pytest tests"><testsuite name="pytest" errors="0" failures="0" skipped="0" tests="21" time="2.460" timestamp="2026-04-26T23:52:18.504988+00:00" hostname="agent-env-d18ffc68-6865-4910-bcea-395826c8d1cd"><testcase classname="backend.tests.test_iter_global_vibez_dsg_2026_01.TestRidezDispatchAndAutoPayout" name="test_no_drivers_branch_when_radius_empty" time="0.187" /><testcase classname="backend.tests.test_iter_global_vibez_dsg_2026_01.TestRidezDispatchAndAutoPayout" name="test_escrow_flow_credits_on_complete_only" time="0.389" /><testcase classname="backend.tests.test_iter_global_vibez_dsg_2026_01.TestDriverLocationEndpoint" name="test_unknown_driver_returns_404" time="0.057" /><testcase classname="backend.tests.test_iter_global_vibez_dsg_2026_01.TestDriverLocationEndpoint" name="test_known_driver_returns_location_payload" time="0.105" /><testcase classname="backend.tests.test_iter_global_vibez_dsg_2026_01.TestVibeSuitesMeBalance" name="test_unauthenticated_returns_401" time="0.140" /><testcase classname="backend.tests.test_iter_global_vibez_dsg_2026_01.TestVibeSuitesMeBalance" name="test_bearer_auth_returns_balance" time="0.175" /><testcase classname="backend.tests.test_iter_global_vibez_dsg_2026_01.TestVibeSuitesMeBalance" name="test_cookie_auth_returns_balance" time="0.061" /><testcase classname="backend.tests.test_iter_global_vibez_dsg_2026_01.TestCryptoPayments" name="test_platform_receive_wallet" time="0.072" /><testcase classname="backend.tests.test_iter_global_vibez_dsg_2026_01.TestCryptoPayments" name="test_create_deposit_sol_uses_platform_wallet_with_memo" time="0.060" /><testcase classname="backend.tests.test_iter_global_vibez_dsg_2026_01.TestCryptoPayments" name="test_create_deposit_btc_uses_placeholder_and_no_memo" time="0.051" /><testcase classname="backend.tests.test_iter_global_vibez_dsg_2026_01.TestRouterRegistrationRegression" name="test_router_path_returns_200[/api/crypto-payments/supported-currencies]" time="0.056" /><testcase classname="backend.tests.test_iter_global_vibez_dsg_2026_01.TestRouterRegistrationRegression" name="test_router_path_returns_200[/api/crypto-payments/platform-receive-wallet]" time="0.063" /><testcase classname="backend.tests.test_iter_global_vibez_dsg_2026_01.TestRouterRegistrationRegression" name="test_router_path_returns_200[/api/subscriptions/tiers]" time="0.056" /><testcase classname="backend.tests.test_iter_global_vibez_dsg_2026_01.TestRideCompleteEdgeCases" name="test_complete_unknown_ride_id_returns_404" time="0.055" /><testcase classname="backend.tests.test_iter_global_vibez_dsg_2026_01.TestRideCompleteEdgeCases" name="test_driver_flips_back_to_available_in_active_drivers_after_complete" time="0.282" /><testcase classname="backend.tests.test_iter_global_vibez_dsg_2026_01.TestRiderHistory" name="test_unauthenticated_returns_401" time="0.116" /><testcase classname="backend.tests.test_iter_global_vibez_dsg_2026_01.TestRiderHistory" name="test_authenticated_returns_completed_ride" time="0.235" /><testcase classname="backend.tests.test_iter_global_vibez_dsg_2026_01.TestUberRemoved" name="test_uber_paths_return_404[/api/uber/health]" time="0.054" /><testcase classname="backend.tests.test_iter_global_vibez_dsg_2026_01.TestUberRemoved" name="test_uber_paths_return_404[/api/uber/quote]" time="0.056" /><testcase classname="backend.tests.test_iter_global_vibez_dsg_2026_01.TestUberRemoved" name="test_uber_paths_return_404[/api/uber/request-ride]" time="0.057" /><testcase classname="backend.tests.test_iter_global_vibez_dsg_2026_01.TestUberRemoved" name="test_uber_paths_return_404[/api/uber/foo]" time="0.063" /></testsuite></testsuites>