<?xml version="1.0" encoding="utf-8"?><testsuites name="pytest tests"><testsuite name="pytest" errors="0" failures="0" skipped="0" tests="38" time="7.541" timestamp="2026-05-05T00:47:35.633718+00:00" hostname="agent-env-d18ffc68-6865-4910-bcea-395826c8d1cd"><testcase classname="tests.test_my_vibez_streaming_upload.TestMyVibezStreamingUpload" name="test_multipart_requires_auth" time="3.456" /><testcase classname="tests.test_my_vibez_streaming_upload.TestMyVibezStreamingUpload" name="test_legacy_json_path_still_rejects_no_auth" time="0.003" /><testcase classname="tests.test_my_vibez_streaming_upload" name="test_upload_helpers_importable" time="0.000" /><testcase classname="tests.test_tictactoe_5_in_a_row" name="test_canonical_constants_locked" time="0.000" /><testcase classname="tests.test_tictactoe_5_in_a_row" name="test_initial_board_shape" time="0.000" /><testcase classname="tests.test_tictactoe_5_in_a_row" name="test_horizontal_win_5_in_a_row" time="0.000" /><testcase classname="tests.test_tictactoe_5_in_a_row" name="test_diagonal_win_5_in_a_row" time="0.000" /><testcase classname="tests.test_tictactoe_5_in_a_row" name="test_anti_diagonal_win_5_in_a_row" time="0.000" /><testcase classname="tests.test_tictactoe_5_in_a_row" name="test_4_in_a_row_does_NOT_win" time="0.000" /><testcase classname="tests.test_tictactoe_5_in_a_row" name="test_invalid_position_rejected" time="0.000" /><testcase classname="tests.test_tictactoe_5_in_a_row" name="test_cannot_play_on_taken_cell" time="0.000" /><testcase classname="tests.test_tictactoe_5_in_a_row" name="test_turn_enforcement" time="0.000" /><testcase classname="tests.test_tictactoe_5_in_a_row" name="test_detect_winning_line_lowlevel" time="0.000" /><testcase classname="tests.test_v8_api_endpoints.TestGISA" name="test_thresholds" time="0.204" /><testcase classname="tests.test_v8_api_endpoints.TestGISA" name="test_modules" time="0.131" /><testcase classname="tests.test_v8_api_endpoints.TestGISA" name="test_run_full_audit" time="0.121" /><testcase classname="tests.test_v8_api_endpoints.TestGISA" name="test_report_latest" time="0.123" /><testcase classname="tests.test_v8_api_endpoints.TestLocalization" name="test_countries" time="0.123" /><testcase classname="tests.test_v8_api_endpoints.TestLocalization" name="test_languages" time="0.148" /><testcase classname="tests.test_v8_api_endpoints.TestLocalization" name="test_detect_tokyo" time="0.142" /><testcase classname="tests.test_v8_api_endpoints.TestLocalization" name="test_select_mexico" time="0.174" /><testcase classname="tests.test_v8_api_endpoints.TestLocalization" name="test_select_gb" time="0.120" /><testcase classname="tests.test_v8_api_endpoints.TestLocalization" name="test_persist_round_trip" time="0.256" /><testcase classname="tests.test_v8_api_endpoints.TestCulturalOnboarding" name="test_steps" time="0.121" /><testcase classname="tests.test_v8_api_endpoints.TestCulturalOnboarding" name="test_complete_gate_requires_all_4" time="0.839" /><testcase classname="tests.test_v8_api_endpoints.TestCulturalOnboarding" name="test_get_profile" time="0.139" /><testcase classname="tests.test_vibez_654_5dice" name="test_start_game_gives_5_dice_state_and_3_rolls" time="0.079" /><testcase classname="tests.test_vibez_654_5dice" name="test_roll_returns_exactly_five_dice_on_first_roll" time="0.121" /><testcase classname="tests.test_vibez_654_5dice" name="test_apply_654_pass_logic_unit" time="0.000" /><testcase classname="tests.test_vibez_654_5dice" name="test_rolls_remaining_decrements_and_auto_ends_at_zero" time="0.224" /><testcase classname="tests.test_vibez_654_5dice" name="test_stand_before_qualifying_settles_zero_score" time="0.169" /><testcase classname="tests.test_vibe_654_social" name="test_tip_transfers_funds_and_records_event" time="0.053" /><testcase classname="tests.test_vibe_654_social" name="test_tip_rejects_self_and_insufficient_funds" time="0.079" /><testcase classname="tests.test_vibe_654_social" name="test_hype_charges_one_coin_and_records_event" time="0.038" /><testcase classname="tests.test_vibe_654_social" name="test_sidebet_locks_odds_and_settles_on_winner" time="0.088" /><testcase classname="tests.test_vibe_654_social" name="test_sidebet_rejects_betting_on_self" time="0.033" /><testcase classname="tests.test_vibe_654_social" name="test_detect_six_five_four_hit_in_first_roll" time="0.000" /><testcase classname="tests.test_vibe_654_social" name="test_social_feed_exposes_all_three_buckets" time="0.127" /></testsuite></testsuites>