<?xml version="1.0" encoding="utf-8"?><testsuites name="pytest tests"><testsuite name="pytest" errors="0" failures="0" skipped="0" tests="9" time="0.952" timestamp="2026-05-04T04:10:59.100562+00:00" hostname="agent-env-d18ffc68-6865-4910-bcea-395826c8d1cd"><testcase classname="tests.test_iter_feb6_2026_power_hour_sponsors_e2e.TestP0AuthFix" name="test_vibe_ridez_driver_me_with_bearer" time="0.435" /><testcase classname="tests.test_iter_feb6_2026_power_hour_sponsors_e2e.TestP0AuthFix" name="test_vibe_drive_status_with_bearer" time="0.061" /><testcase classname="tests.test_iter_feb6_2026_power_hour_sponsors_e2e.TestP0AuthFix" name="test_vibe_drive_playlists_no_auth" time="0.050" /><testcase classname="tests.test_iter_feb6_2026_power_hour_sponsors_e2e.TestP1PowerHour" name="test_power_hour_status_shape" time="0.047" /><testcase classname="tests.test_iter_feb6_2026_power_hour_sponsors_e2e.TestP1Sponsors" name="test_sponsor_link_with_bearer" time="0.052" /><testcase classname="tests.test_iter_feb6_2026_power_hour_sponsors_e2e.TestP1Sponsors" name="test_admin_verify_requires_admin" time="0.045" /><testcase classname="tests.test_iter_feb6_2026_power_hour_sponsors_e2e.TestP1Sponsors" name="test_sponsors_me_with_bearer" time="0.048" /><testcase classname="tests.test_iter_feb6_2026_power_hour_sponsors_e2e.TestP1Sponsors" name="test_sponsors_leaderboard_public" time="0.048" /><testcase classname="tests.test_iter_feb6_2026_power_hour_sponsors_e2e.TestP2VoteSkip" name="test_vote_skip_idempotent" time="0.100" /></testsuite></testsuites>