<?xml version="1.0" encoding="utf-8"?><testsuites name="pytest tests"><testsuite name="pytest" errors="0" failures="0" skipped="0" tests="14" time="1.583" timestamp="2026-05-03T20:06:19.310908+00:00" hostname="agent-env-d18ffc68-6865-4910-bcea-395826c8d1cd"><testcase classname="tests.test_card_multiplayer" name="test_create_euchre_room_defaults" time="0.076" /><testcase classname="tests.test_card_multiplayer" name="test_join_room_fills_next_open_seat" time="0.075" /><testcase classname="tests.test_card_multiplayer" name="test_cannot_start_with_empty_seats" time="0.074" /><testcase classname="tests.test_card_multiplayer" name="test_fill_bots_and_start_euchre" time="0.122" /><testcase classname="tests.test_card_multiplayer" name="test_fill_bots_and_start_pinochle" time="0.119" /><testcase classname="tests.test_card_multiplayer" name="test_rooms_listing_filters_by_game_type" time="0.166" /><testcase classname="tests.test_card_multiplayer" name="test_unauthorized_user_cannot_play_card" time="0.164" /><testcase classname="tests.test_vibe_654_social" name="test_tip_transfers_funds_and_records_event" time="0.036" /><testcase classname="tests.test_vibe_654_social" name="test_tip_rejects_self_and_insufficient_funds" time="0.080" /><testcase classname="tests.test_vibe_654_social" name="test_hype_charges_one_coin_and_records_event" time="0.036" /><testcase classname="tests.test_vibe_654_social" name="test_sidebet_locks_odds_and_settles_on_winner" time="0.287" /><testcase classname="tests.test_vibe_654_social" name="test_sidebet_rejects_betting_on_self" time="0.033" /><testcase classname="tests.test_vibe_654_social" name="test_detect_six_five_four_hit_in_first_roll" time="0.000" /><testcase classname="tests.test_vibe_654_social" name="test_social_feed_exposes_all_three_buckets" time="0.124" /></testsuite></testsuites>