<?xml version="1.0" encoding="utf-8"?><testsuites name="pytest tests"><testsuite name="pytest" errors="0" failures="1" skipped="0" tests="14" time="5.022" timestamp="2026-05-05T00:49:38.254268+00:00" hostname="agent-env-d18ffc68-6865-4910-bcea-395826c8d1cd"><testcase classname="tests.test_iter_beta_sweep_live" name="test_health" time="1.177" /><testcase classname="tests.test_iter_beta_sweep_live" name="test_no_3d_poker_in_games_registry" time="0.517" /><testcase classname="tests.test_iter_beta_sweep_live" name="test_my_vibez_upload_requires_auth_multipart" time="0.145" /><testcase classname="tests.test_iter_beta_sweep_live" name="test_my_vibez_upload_legacy_json_accepted_or_rejected_gracefully" time="0.126" /><testcase classname="tests.test_iter_beta_sweep_live" name="test_vibez_654_full_flow" time="0.415"><failure message="AssertionError: roll failed: 404 {&quot;detail&quot;:&quot;Not Found&quot;}&#10;assert 404 == 200&#10; +  where 404 = &lt;Response [404]&gt;.status_code">tests/test_iter_beta_sweep_live.py:57: in test_vibez_654_full_flow
    assert rr.status_code == 200, f"roll failed: {rr.status_code} {rr.text[:200]}"
E   AssertionError: roll failed: 404 {"detail":"Not Found"}
E   assert 404 == 200
E    +  where 404 = &lt;Response [404]&gt;.status_code</failure></testcase><testcase classname="tests.test_iter_beta_sweep_live" name="test_gisa_run_full_audit" time="0.136" /><testcase classname="tests.test_iter_beta_sweep_live" name="test_gisa_report_latest" time="0.140" /><testcase classname="tests.test_iter_beta_sweep_live" name="test_localization_detect_japan" time="0.112" /><testcase classname="tests.test_iter_beta_sweep_live" name="test_localization_save_and_read_roundtrip" time="0.235" /><testcase classname="tests.test_iter_beta_sweep_live" name="test_cultural_onboarding_complete_flow" time="0.848" /><testcase classname="tests.test_iter_beta_sweep_live" name="test_tictactoe_creates_12x12_room" time="0.248" /><testcase classname="tests.test_iter_beta_sweep_live" name="test_vibe_ridez_endpoints_no_500" time="0.277" /><testcase classname="tests.test_iter_beta_sweep_live" name="test_admin_master_stats_no_500" time="0.127" /><testcase classname="tests.test_iter_beta_sweep_live" name="test_treasury_endpoints_no_500" time="0.425" /></testsuite></testsuites>