<?xml version="1.0" encoding="utf-8"?><testsuites name="pytest tests"><testsuite name="pytest" errors="0" failures="0" skipped="0" tests="7" time="2.082" timestamp="2026-05-11T16:44:53.243258+00:00" hostname="agent-env-d18ffc68-6865-4910-bcea-395826c8d1cd"><testcase classname="tests.test_beta_sweep_jan2026_sprint" name="test_vibe_venues_config_refund_policies_present" time="1.133" /><testcase classname="tests.test_beta_sweep_jan2026_sprint" name="test_vibe_venues_list_accepts_gallery_and_refund_policy" time="0.137" /><testcase classname="tests.test_beta_sweep_jan2026_sprint" name="test_nearby_drivers_default_shape" time="0.129" /><testcase classname="tests.test_beta_sweep_jan2026_sprint" name="test_nearby_drivers_ride_type_filter_real_ok" time="0.165" /><testcase classname="tests.test_beta_sweep_jan2026_sprint" name="test_nearby_drivers_invalid_ride_type_400" time="0.121" /><testcase classname="tests.test_beta_sweep_jan2026_sprint" name="test_nearby_drivers_coord_anonymization_3dp" time="0.186" /><testcase classname="tests.test_beta_sweep_jan2026_sprint" name="test_offline_service_worker_served" time="0.139" /></testsuite></testsuites>