<?xml version="1.0" encoding="utf-8"?><testsuites name="pytest tests"><testsuite name="pytest" errors="0" failures="0" skipped="0" tests="25" time="5.657" timestamp="2026-05-11T00:41:46.940084+00:00" hostname="agent-env-d18ffc68-6865-4910-bcea-395826c8d1cd"><testcase classname="backend.tests.test_launch_readiness_2026_05.TestPublicEndpoints" name="test_health" time="0.488" /><testcase classname="backend.tests.test_launch_readiness_2026_05.TestPublicEndpoints" name="test_public_get[/coins/packs]" time="0.124" /><testcase classname="backend.tests.test_launch_readiness_2026_05.TestPublicEndpoints" name="test_public_get[/wallet/packages]" time="0.111" /><testcase classname="backend.tests.test_launch_readiness_2026_05.TestPublicEndpoints" name="test_public_get[/cinema-room/catalog]" time="0.115" /><testcase classname="backend.tests.test_launch_readiness_2026_05.TestPublicEndpoints" name="test_public_get[/vibez-654/leaderboard]" time="0.116" /><testcase classname="backend.tests.test_launch_readiness_2026_05.TestPublicEndpoints" name="test_public_get[/vibez-654/side-bet-types]" time="0.119" /><testcase classname="backend.tests.test_launch_readiness_2026_05.TestPublicEndpoints" name="test_public_get[/vibez-654/hot-side-bet]" time="0.142" /><testcase classname="backend.tests.test_launch_readiness_2026_05.TestAuthFlow" name="test_register_login_me_logout" time="0.720" /><testcase classname="backend.tests.test_launch_readiness_2026_05.TestDSG6" name="test_current_shape" time="0.131" /><testcase classname="backend.tests.test_launch_readiness_2026_05.TestDSG6" name="test_buy_unauth" time="0.112" /><testcase classname="backend.tests.test_launch_readiness_2026_05.TestDSG6" name="test_buy_invalid_core_duplicate" time="0.486" /><testcase classname="backend.tests.test_launch_readiness_2026_05.TestDSG6" name="test_buy_invalid_core_out_of_range" time="0.060" /><testcase classname="backend.tests.test_launch_readiness_2026_05.TestDSG6" name="test_buy_invalid_vibe_ball" time="0.062" /><testcase classname="backend.tests.test_launch_readiness_2026_05.TestDSG6" name="test_buy_invalid_count_pydantic" time="0.059" /><testcase classname="backend.tests.test_launch_readiness_2026_05.TestDSG6" name="test_buy_success_and_persist" time="0.116" /><testcase classname="backend.tests.test_launch_readiness_2026_05.TestDSG6" name="test_last_draw_shape" time="0.107" /><testcase classname="backend.tests.test_launch_readiness_2026_05.TestVibeSpots" name="test_book_unauth" time="0.153" /><testcase classname="backend.tests.test_launch_readiness_2026_05.TestVibeSpots" name="test_full_cancel_flow_65_35" time="0.564" /><testcase classname="backend.tests.test_launch_readiness_2026_05.TestVibeSpots" name="test_complete_non_host_403" time="0.248" /><testcase classname="backend.tests.test_launch_readiness_2026_05.TestVibeSpots" name="test_mine_lists" time="0.067" /><testcase classname="backend.tests.test_launch_readiness_2026_05.TestVibeCore" name="test_unauth" time="0.113" /><testcase classname="backend.tests.test_launch_readiness_2026_05.TestVibeCore" name="test_invalid_type" time="0.060" /><testcase classname="backend.tests.test_launch_readiness_2026_05.TestVibeCore" name="test_generic_event" time="0.341" /><testcase classname="backend.tests.test_launch_readiness_2026_05.TestStripe" name="test_coins_topup_checkout" time="0.532" /><testcase classname="backend.tests.test_launch_readiness_2026_05.TestStripe" name="test_wallet_topup_session" time="0.408" /></testsuite></testsuites>