<?xml version="1.0" encoding="utf-8"?><testsuites name="pytest tests"><testsuite name="pytest" errors="0" failures="0" skipped="0" tests="13" time="4.047" timestamp="2026-05-15T18:31:06.225366+00:00" hostname="agent-env-d18ffc68-6865-4910-bcea-395826c8d1cd"><testcase classname="tests.test_media_master_sprint3_jan2026.TestTvNowPlaying" name="test_now_playing_arena_offline_when_no_program" time="1.493" /><testcase classname="tests.test_media_master_sprint3_jan2026.TestTvNowPlaying" name="test_now_playing_unknown_channel_404" time="0.143" /><testcase classname="tests.test_media_master_sprint3_jan2026.TestTvProgram" name="test_program_unknown_channel_404" time="0.142" /><testcase classname="tests.test_media_master_sprint3_jan2026.TestTvProgram" name="test_program_unknown_input_404" time="0.119" /><testcase classname="tests.test_media_master_sprint3_jan2026.TestTvProgram" name="test_program_valid_input_returns_record_with_4h_window" time="0.416" /><testcase classname="tests.test_media_master_sprint3_jan2026.TestScoutCfInput" name="test_ingest_with_stub_input_returns_stub_status" time="0.215" /><testcase classname="tests.test_media_master_sprint3_jan2026.TestScoutCfInput" name="test_ingest_without_cf_input_metadata_only" time="0.117" /><testcase classname="tests.test_media_master_sprint3_jan2026.TestScoutCfInput" name="test_ingest_with_real_input_id_cf_configured_handles_unknown_input" time="0.496" /><testcase classname="tests.test_media_master_sprint3_jan2026.TestPulseSnapshot" name="test_snapshot_returns_8_keys" time="0.144" /><testcase classname="tests.test_media_master_sprint3_jan2026.TestPulseSnapshot" name="test_snapshot_channel_revenue_5_rows" time="0.132" /><testcase classname="tests.test_media_master_sprint3_jan2026.TestPulseSnapshot" name="test_snapshot_station_pools_3_rows" time="0.158" /><testcase classname="tests.test_media_master_sprint3_jan2026.TestPulseSnapshot" name="test_snapshot_totals_has_3_integer_keys" time="0.113" /><testcase classname="tests.test_media_master_sprint3_jan2026.TestPulseSnapshot" name="test_snapshot_no_mongo_id_leaks" time="0.149" /></testsuite></testsuites>