<?xml version="1.0" encoding="utf-8"?><testsuites name="pytest tests"><testsuite name="pytest" errors="0" failures="2" skipped="0" tests="22" time="0.427" timestamp="2026-04-14T15:26:44.975719+00:00" hostname="agent-env-d18ffc68-6865-4910-bcea-395826c8d1cd"><testcase classname="tests.test_blackjack_multiplayer_bugs.TestDeckManagement" name="test_deck_creation" time="0.001" /><testcase classname="tests.test_blackjack_multiplayer_bugs.TestDeckManagement" name="test_fisher_yates_shuffle" time="0.000" /><testcase classname="tests.test_blackjack_multiplayer_bugs.TestDeckManagement" name="test_double_deck_for_table" time="0.000" /><testcase classname="tests.test_blackjack_multiplayer_bugs.TestHandCalculations" name="test_simple_hand_value" time="0.000" /><testcase classname="tests.test_blackjack_multiplayer_bugs.TestHandCalculations" name="test_face_cards_value" time="0.000" /><testcase classname="tests.test_blackjack_multiplayer_bugs.TestHandCalculations" name="test_ace_as_11" time="0.000" /><testcase classname="tests.test_blackjack_multiplayer_bugs.TestHandCalculations" name="test_ace_as_1" time="0.000" /><testcase classname="tests.test_blackjack_multiplayer_bugs.TestHandCalculations" name="test_blackjack_detection" time="0.000" /><testcase classname="tests.test_blackjack_multiplayer_bugs.TestHandCalculations" name="test_bust_detection" time="0.000" /><testcase classname="tests.test_blackjack_multiplayer_bugs.TestTableCreationAndJoin" name="test_create_table_with_user_id" time="0.000" /><testcase classname="tests.test_blackjack_multiplayer_bugs.TestTableCreationAndJoin" name="test_join_table_with_user_id" time="0.000" /><testcase classname="tests.test_blackjack_multiplayer_bugs.TestBettingPhase" name="test_place_valid_bet" time="0.000" /><testcase classname="tests.test_blackjack_multiplayer_bugs.TestBettingPhase" name="test_bet_below_minimum" time="0.000" /><testcase classname="tests.test_blackjack_multiplayer_bugs.TestBettingPhase" name="test_bet_above_maximum" time="0.000" /><testcase classname="tests.test_blackjack_multiplayer_bugs.TestBettingPhase" name="test_bet_exceeds_balance" time="0.001"><failure message="AssertionError: assert 'Insufficient balance' in 'Maximum bet is $500'">tests/test_blackjack_multiplayer_bugs.py:275: in test_bet_exceeds_balance
    assert 'Insufficient balance' in result['error']
E   AssertionError: assert 'Insufficient balance' in 'Maximum bet is $500'</failure></testcase><testcase classname="tests.test_blackjack_multiplayer_bugs.TestPayoutCalculations" name="test_player_win_payout" time="0.001" /><testcase classname="tests.test_blackjack_multiplayer_bugs.TestPayoutCalculations" name="test_blackjack_payout_3_to_2" time="0.000" /><testcase classname="tests.test_blackjack_multiplayer_bugs.TestPayoutCalculations" name="test_push_returns_bet" time="0.000" /><testcase classname="tests.test_blackjack_multiplayer_bugs.TestDoubleDown" name="test_double_down_doubles_bet" time="0.001"><failure message="Exception: Database not initialized">tests/test_blackjack_multiplayer_bugs.py:400: in test_double_down_doubles_bet
    result = await player_blackjack_action(room_code, "player1", BlackjackAction.DOUBLE)
             ^^^^^^^^^^^^^^^^^^^^^^^^^^^^^^^^^^^^^^^^^^^^^^^^^^^^^^^^^^^^^^^^^^^^^^^^^^^
services/blackjack_multiplayer.py:338: in player_blackjack_action
    await advance_to_next_player(table)
services/blackjack_multiplayer.py:359: in advance_to_next_player
    await play_dealer_hand(table)
services/blackjack_multiplayer.py:377: in play_dealer_hand
    await determine_winners_and_payout(table)
services/blackjack_multiplayer.py:385: in determine_winners_and_payout
    db = get_database()
         ^^^^^^^^^^^^^^
utils/database.py:16: in get_database
    raise Exception("Database not initialized")
E   Exception: Database not initialized</failure></testcase><testcase classname="tests.test_blackjack_multiplayer_bugs.TestDeckReshuffle" name="test_deck_reshuffles_when_low" time="0.001" /><testcase classname="tests.test_blackjack_multiplayer_bugs.TestDeckReshuffle" name="test_multiple_rounds_without_freeze" time="0.004" /><testcase classname="tests.test_blackjack_multiplayer_bugs.TestBalancePersistence" name="test_user_id_required_for_persistence" time="0.000" /></testsuite></testsuites>