<?xml version="1.0" encoding="utf-8"?><testsuites name="pytest tests"><testsuite name="pytest" errors="0" failures="0" skipped="0" tests="20" time="39.616" timestamp="2026-04-27T19:50:44.695071+00:00" hostname="agent-env-d18ffc68-6865-4910-bcea-395826c8d1cd"><testcase classname="backend.tests.test_iter_jan_2026_ruff_cleanup_regression.TestAuth" name="test_demo_login_returns_200_token_and_user" time="6.776" /><testcase classname="backend.tests.test_iter_jan_2026_ruff_cleanup_regression.TestAuth" name="test_auth_me_with_bearer" time="0.217" /><testcase classname="backend.tests.test_iter_jan_2026_ruff_cleanup_regression.TestAdmin" name="test_vault_auth_and_cookie" time="0.114" /><testcase classname="backend.tests.test_iter_jan_2026_ruff_cleanup_regression.TestAdmin" name="test_master_stats" time="0.066" /><testcase classname="backend.tests.test_iter_jan_2026_ruff_cleanup_regression.TestAdmin" name="test_live_seats" time="0.060" /><testcase classname="backend.tests.test_iter_jan_2026_ruff_cleanup_regression.TestAdmin" name="test_milestones_recap" time="0.059" /><testcase classname="backend.tests.test_iter_jan_2026_ruff_cleanup_regression.TestSolana" name="test_tps" time="0.202" /><testcase classname="backend.tests.test_iter_jan_2026_ruff_cleanup_regression.TestSolana" name="test_fees" time="0.249" /><testcase classname="backend.tests.test_iter_jan_2026_ruff_cleanup_regression.TestSpades" name="test_rulesets_returns_classic_and_big_wheel" time="0.123" /><testcase classname="backend.tests.test_iter_jan_2026_ruff_cleanup_regression.TestSpades" name="test_start_big_wheel_returns_big_wheel_ruleset" time="0.257" /><testcase classname="backend.tests.test_iter_jan_2026_ruff_cleanup_regression.TestSpades" name="test_start_classic_returns_classic_ruleset" time="0.056" /><testcase classname="backend.tests.test_iter_jan_2026_ruff_cleanup_regression.TestSpades" name="test_rulesets_metadata_proves_deck_sizes_and_jokers" time="0.116" /><testcase classname="backend.tests.test_iter_jan_2026_ruff_cleanup_regression.TestBigWheelLounge" name="test_stats" time="0.125" /><testcase classname="backend.tests.test_iter_jan_2026_ruff_cleanup_regression.TestBigWheelLounge" name="test_lobbies" time="0.127" /><testcase classname="backend.tests.test_iter_jan_2026_ruff_cleanup_regression.TestBigWheelLounge" name="test_leaderboard" time="0.112" /><testcase classname="backend.tests.test_iter_jan_2026_ruff_cleanup_regression.TestApex" name="test_wishlist_post" time="0.059" /><testcase classname="backend.tests.test_iter_jan_2026_ruff_cleanup_regression.TestApex" name="test_wishlist_count" time="0.124" /><testcase classname="backend.tests.test_iter_jan_2026_ruff_cleanup_regression.TestPreferences" name="test_spades_ruleset_pref_requires_auth" time="0.163" /><testcase classname="backend.tests.test_iter_jan_2026_ruff_cleanup_regression.TestPreferences" name="test_spades_ruleset_pref_authed" time="0.057" /><testcase classname="backend.tests.test_iter_jan_2026_ruff_cleanup_regression.TestBlackjackSocketIO" name="test_blackjack_namespace_connects" time="30.300" /></testsuite></testsuites>