<?xml version="1.0" encoding="utf-8"?><testsuites name="pytest tests"><testsuite name="pytest" errors="0" failures="0" skipped="0" tests="34" time="24.225" timestamp="2026-03-22T03:27:40.415234+00:00" hostname="agent-env-d18ffc68-6865-4910-bcea-395826c8d1cd"><testcase classname="backend.tests.test_games_comprehensive.TestPracticeModeAllGames" name="test_start_game[tictactoe]" time="0.433" /><testcase classname="backend.tests.test_games_comprehensive.TestPracticeModeAllGames" name="test_start_game[connect4]" time="0.168" /><testcase classname="backend.tests.test_games_comprehensive.TestPracticeModeAllGames" name="test_start_game[chess]" time="0.152" /><testcase classname="backend.tests.test_games_comprehensive.TestPracticeModeAllGames" name="test_start_game[checkers]" time="0.120" /><testcase classname="backend.tests.test_games_comprehensive.TestPracticeModeAllGames" name="test_start_game[reversi]" time="0.152" /><testcase classname="backend.tests.test_games_comprehensive.TestPracticeModeAllGames" name="test_start_game[hearts]" time="0.104" /><testcase classname="backend.tests.test_games_comprehensive.TestPracticeModeAllGames" name="test_start_game[uno]" time="0.139" /><testcase classname="backend.tests.test_games_comprehensive.TestPracticeModeAllGames" name="test_start_game[poker]" time="0.142" /><testcase classname="backend.tests.test_games_comprehensive.TestPracticeModeAllGames" name="test_start_game[blackjack]" time="0.107" /><testcase classname="backend.tests.test_games_comprehensive.TestPracticeModeAllGames" name="test_start_game[crazy_eights]" time="0.106" /><testcase classname="backend.tests.test_games_comprehensive.TestPracticeModeAllGames" name="test_start_game[go_fish]" time="0.105" /><testcase classname="backend.tests.test_games_comprehensive.TestPracticeModeAllGames" name="test_difficulty_levels[easy]" time="0.138" /><testcase classname="backend.tests.test_games_comprehensive.TestPracticeModeAllGames" name="test_difficulty_levels[medium]" time="0.116" /><testcase classname="backend.tests.test_games_comprehensive.TestPracticeModeAllGames" name="test_difficulty_levels[hard]" time="0.165" /><testcase classname="backend.tests.test_games_comprehensive.TestAIMoveValidation" name="test_tictactoe_ai_valid_move" time="0.870" /><testcase classname="backend.tests.test_games_comprehensive.TestAIMoveValidation" name="test_connect4_ai_valid_move" time="0.710" /><testcase classname="backend.tests.test_games_comprehensive.TestAIMoveValidation" name="test_checkers_ai_valid_move" time="0.733" /><testcase classname="backend.tests.test_games_comprehensive.TestAIMoveValidation" name="test_reversi_ai_valid_move" time="0.735" /><testcase classname="backend.tests.test_games_comprehensive.TestAIMoveValidation" name="test_blackjack_ai_basic_strategy" time="0.251" /><testcase classname="backend.tests.test_games_comprehensive.TestAIMoveValidation" name="test_poker_ai_hand_evaluation" time="0.743" /><testcase classname="backend.tests.test_games_comprehensive.TestAIMoveValidation" name="test_hearts_trick_taking" time="0.734" /><testcase classname="backend.tests.test_games_comprehensive.TestWinConditions" name="test_tictactoe_win_detection" time="6.841" /><testcase classname="backend.tests.test_games_comprehensive.TestWinConditions" name="test_connect4_win_detection" time="6.492" /><testcase classname="backend.tests.test_games_comprehensive.TestStatisticsEndpoints" name="test_detailed_stats_endpoint" time="0.105" /><testcase classname="backend.tests.test_games_comprehensive.TestStatisticsEndpoints" name="test_detailed_stats_by_game_type" time="0.108" /><testcase classname="backend.tests.test_games_comprehensive.TestStatisticsEndpoints" name="test_achievements_endpoint" time="0.109" /><testcase classname="backend.tests.test_games_comprehensive.TestStatisticsEndpoints" name="test_leaderboard_endpoint" time="0.119" /><testcase classname="backend.tests.test_games_comprehensive.TestStatisticsEndpoints" name="test_global_stats_endpoint" time="0.117" /><testcase classname="backend.tests.test_games_comprehensive.TestCardGames" name="test_uno_card_play" time="0.769" /><testcase classname="backend.tests.test_games_comprehensive.TestCardGames" name="test_crazy_eights_mechanics" time="0.725" /><testcase classname="backend.tests.test_games_comprehensive.TestCardGames" name="test_go_fish_mechanics" time="0.744" /><testcase classname="backend.tests.test_games_comprehensive.TestChess" name="test_chess_initial_state" time="0.108" /><testcase classname="backend.tests.test_games_comprehensive.TestChess" name="test_chess_move" time="0.777" /><testcase classname="backend.tests.test_games_comprehensive.TestPracticeStats" name="test_practice_stats_endpoint" time="0.109" /></testsuite></testsuites>