<?xml version="1.0" encoding="utf-8"?><testsuites name="pytest tests"><testsuite name="pytest" errors="0" failures="0" skipped="1" tests="39" time="3.528" timestamp="2026-04-27T15:38:55.922243+00:00" hostname="agent-env-d18ffc68-6865-4910-bcea-395826c8d1cd"><testcase classname="backend.tests.test_iter_jan_2026_milestone_and_refactor_regression" name="test_health_200" time="0.275" /><testcase classname="backend.tests.test_iter_jan_2026_milestone_and_refactor_regression.TestMilestones" name="test_queue_unauthorized" time="0.069" /><testcase classname="backend.tests.test_iter_jan_2026_milestone_and_refactor_regression.TestMilestones" name="test_check_now_unauthorized" time="0.059" /><testcase classname="backend.tests.test_iter_jan_2026_milestone_and_refactor_regression.TestMilestones" name="test_check_now_admin" time="0.198" /><testcase classname="backend.tests.test_iter_jan_2026_milestone_and_refactor_regression.TestMilestones" name="test_queue_returns_genesis_25" time="0.071" /><testcase classname="backend.tests.test_iter_jan_2026_milestone_and_refactor_regression.TestMilestones" name="test_og_image_public" time="0.207" /><testcase classname="backend.tests.test_iter_jan_2026_milestone_and_refactor_regression.TestMilestones" name="test_og_image_not_found" time="0.060" /><testcase classname="backend.tests.test_iter_jan_2026_milestone_and_refactor_regression.TestMilestones" name="test_mark_posted_unauthorized" time="0.053" /><testcase classname="backend.tests.test_iter_jan_2026_milestone_and_refactor_regression.TestMilestones" name="test_skip_unauthorized" time="0.048" /><testcase classname="backend.tests.test_iter_jan_2026_milestone_and_refactor_regression.TestMilestones" name="test_mark_posted_unknown" time="0.056" /><testcase classname="backend.tests.test_iter_jan_2026_milestone_and_refactor_regression.TestMilestones" name="test_skip_unknown" time="0.061" /><testcase classname="backend.tests.test_iter_jan_2026_milestone_and_refactor_regression.TestMilestones" name="test_mark_posted_and_revert_via_check_now" time="0.400" /><testcase classname="backend.tests.test_iter_jan_2026_milestone_and_refactor_regression.TestRateLimit" name="test_health_whitelisted_no_ratelimit_headers_or_counts_not_enforced" time="0.246" /><testcase classname="backend.tests.test_iter_jan_2026_milestone_and_refactor_regression.TestRateLimit" name="test_ratelimit_headers_present" time="0.050"><skipped type="pytest.xfail" message="rate_limit_middleware defined in middleware/security.py is NOT registered on the FastAPI app (config/middleware.py only adds CORSMiddleware). Refactor extracted helpers but middleware is still not wired via app.middleware('http')." /></testcase><testcase classname="backend.tests.test_iter_jan_2026_milestone_and_refactor_regression.TestAIEndpoints" name="test_dating_coach_returns_fallback_shape" time="0.180" /><testcase classname="backend.tests.test_iter_jan_2026_milestone_and_refactor_regression.TestAIEndpoints" name="test_ai_content_matching_no_500" time="0.051" /><testcase classname="backend.tests.test_iter_jan_2026_milestone_and_refactor_regression.TestCompleteAd" name="test_complete_ad_unauthorized" time="0.052" /><testcase classname="backend.tests.test_iter_jan_2026_milestone_and_refactor_regression.TestCompleteAd" name="test_complete_ad_unknown_impression" time="0.054" /><testcase classname="backend.tests.test_iter_jan_2026_milestone_and_refactor_regression.TestRouteRegistry" name="test_public_endpoints[/health-200]" time="0.055" /><testcase classname="backend.tests.test_iter_jan_2026_milestone_and_refactor_regression.TestRouteRegistry" name="test_public_endpoints[/chairs/phase-200]" time="0.050" /><testcase classname="backend.tests.test_iter_jan_2026_milestone_and_refactor_regression.TestRouteRegistry" name="test_public_endpoints[/economy/health-200]" time="0.058" /><testcase classname="backend.tests.test_iter_jan_2026_milestone_and_refactor_regression.TestRouteRegistry" name="test_public_endpoints[/profit-share/pool-200]" time="0.060" /><testcase classname="backend.tests.test_iter_jan_2026_milestone_and_refactor_regression.TestRouteRegistry" name="test_public_endpoints[/agora/health-200]" time="0.050" /><testcase classname="backend.tests.test_iter_jan_2026_milestone_and_refactor_regression.TestRouteRegistry" name="test_public_endpoints[/founders-pass/tiers-200]" time="0.054" /><testcase classname="backend.tests.test_iter_jan_2026_milestone_and_refactor_regression.TestRouteRegistry" name="test_public_endpoints[/multiplayer/stats-200]" time="0.052" /><testcase classname="backend.tests.test_iter_jan_2026_milestone_and_refactor_regression.TestRouteRegistry" name="test_audit_feed_unauthorized" time="0.051" /><testcase classname="backend.tests.test_iter_jan_2026_milestone_and_refactor_regression.TestRouteRegistry" name="test_audit_feed_authorized" time="0.058" /><testcase classname="backend.tests.test_iter_jan_2026_milestone_and_refactor_regression.TestRouteRegistry" name="test_no_500_across_categories[/auth/me]" time="0.050" /><testcase classname="backend.tests.test_iter_jan_2026_milestone_and_refactor_regression.TestRouteRegistry" name="test_no_500_across_categories[/casino/games]" time="0.053" /><testcase classname="backend.tests.test_iter_jan_2026_milestone_and_refactor_regression.TestRouteRegistry" name="test_no_500_across_categories[/dating/health]" time="0.057" /><testcase classname="backend.tests.test_iter_jan_2026_milestone_and_refactor_regression.TestRouteRegistry" name="test_no_500_across_categories[/vibe-ridez/health]" time="0.053" /><testcase classname="backend.tests.test_iter_jan_2026_milestone_and_refactor_regression.TestRouteRegistry" name="test_no_500_across_categories[/profit-share/pool]" time="0.069" /><testcase classname="backend.tests.test_iter_jan_2026_milestone_and_refactor_regression.TestRouteRegistry" name="test_no_500_across_categories[/chairs/phase]" time="0.048" /><testcase classname="backend.tests.test_iter_jan_2026_milestone_and_refactor_regression.TestRouteRegistry" name="test_no_500_across_categories[/founders-pass/tiers]" time="0.053" /><testcase classname="backend.tests.test_iter_jan_2026_milestone_and_refactor_regression.TestRouteRegistry" name="test_no_500_across_categories[/agora/health]" time="0.049" /><testcase classname="backend.tests.test_iter_jan_2026_milestone_and_refactor_regression.TestRouteRegistry" name="test_no_500_across_categories[/economy/health]" time="0.053" /><testcase classname="backend.tests.test_iter_jan_2026_milestone_and_refactor_regression.TestRouteRegistry" name="test_no_500_across_categories[/multiplayer/stats]" time="0.049" /><testcase classname="backend.tests.test_iter_jan_2026_milestone_and_refactor_regression.TestChairs" name="test_chairs_phase_shape" time="0.056" /><testcase classname="backend.tests.test_iter_jan_2026_milestone_and_refactor_regression.TestChairs" name="test_chairs_test_buy_idempotent" time="0.139" /></testsuite></testsuites>