<?xml version="1.0" encoding="utf-8"?><testsuites name="pytest tests"><testsuite name="pytest" errors="0" failures="0" skipped="0" tests="29" time="11.836" timestamp="2026-03-20T17:36:07.050590+00:00" hostname="agent-env-d18ffc68-6865-4910-bcea-395826c8d1cd"><testcase classname="backend.tests.test_games.TestDemoLogin" name="test_demo_login_returns_200" time="0.188" /><testcase classname="backend.tests.test_games.TestDemoLogin" name="test_demo_login_sets_cookie" time="0.217" /><testcase classname="backend.tests.test_games.TestDemoLogin" name="test_auth_me_after_demo_login" time="0.236" /><testcase classname="backend.tests.test_games.TestPracticeGameStart" name="test_start_chess_game" time="0.285" /><testcase classname="backend.tests.test_games.TestPracticeGameStart" name="test_start_blackjack_game" time="0.232" /><testcase classname="backend.tests.test_games.TestPracticeGameStart" name="test_start_uno_game" time="0.238" /><testcase classname="backend.tests.test_games.TestPracticeGameStart" name="test_start_checkers_game" time="0.290" /><testcase classname="backend.tests.test_games.TestPracticeGameStart" name="test_start_tictactoe_game" time="0.298" /><testcase classname="backend.tests.test_games.TestPracticeGameStart" name="test_start_connect4_game" time="0.209" /><testcase classname="backend.tests.test_games.TestGameMoves" name="test_tictactoe_move_and_ai_response" time="0.856" /><testcase classname="backend.tests.test_games.TestGameMoves" name="test_connect4_move_and_ai_response" time="0.815" /><testcase classname="backend.tests.test_games.TestGameMoves" name="test_chess_move_and_ai_response" time="0.782" /><testcase classname="backend.tests.test_games.TestGameMoves" name="test_blackjack_hit_action" time="0.773" /><testcase classname="backend.tests.test_games.TestGameMoves" name="test_blackjack_stand_action" time="0.439" /><testcase classname="backend.tests.test_games.TestGameMoves" name="test_uno_play_card" time="0.821" /><testcase classname="backend.tests.test_games.TestGameMoves" name="test_checkers_move" time="0.775" /><testcase classname="backend.tests.test_games.TestGameMoves" name="test_reversi_move" time="0.732" /><testcase classname="backend.tests.test_games.TestGameCompletion" name="test_tictactoe_win_detection" time="1.465" /><testcase classname="backend.tests.test_games.TestAllGameTypes" name="test_start_all_games[tictactoe]" time="0.202" /><testcase classname="backend.tests.test_games.TestAllGameTypes" name="test_start_all_games[connect4]" time="0.165" /><testcase classname="backend.tests.test_games.TestAllGameTypes" name="test_start_all_games[chess]" time="0.176" /><testcase classname="backend.tests.test_games.TestAllGameTypes" name="test_start_all_games[checkers]" time="0.191" /><testcase classname="backend.tests.test_games.TestAllGameTypes" name="test_start_all_games[reversi]" time="0.163" /><testcase classname="backend.tests.test_games.TestAllGameTypes" name="test_start_all_games[blackjack]" time="0.219" /><testcase classname="backend.tests.test_games.TestAllGameTypes" name="test_start_all_games[uno]" time="0.208" /><testcase classname="backend.tests.test_games.TestAllGameTypes" name="test_start_all_games[go_fish]" time="0.164" /><testcase classname="backend.tests.test_games.TestAllGameTypes" name="test_start_all_games[crazy_eights]" time="0.186" /><testcase classname="backend.tests.test_games.TestAllGameTypes" name="test_start_all_games[hearts]" time="0.173" /><testcase classname="backend.tests.test_games.TestAllGameTypes" name="test_start_all_games[poker]" time="0.154" /></testsuite></testsuites>