<?xml version="1.0" encoding="utf-8"?><testsuites name="pytest tests"><testsuite name="pytest" errors="0" failures="2" skipped="0" tests="25" time="5.726" timestamp="2026-03-30T02:12:54.698568+00:00" hostname="agent-env-d18ffc68-6865-4910-bcea-395826c8d1cd"><testcase classname="tests.test_comprehensive_final.TestAuthentication" name="test_demo_login" time="0.322" /><testcase classname="tests.test_comprehensive_final.TestAuthentication" name="test_test_user_creation" time="0.135" /><testcase classname="tests.test_comprehensive_final.TestGamesAPI" name="test_games_list" time="0.129" /><testcase classname="tests.test_comprehensive_final.TestGamesAPI" name="test_blackjack_practice_start" time="0.232" /><testcase classname="tests.test_comprehensive_final.TestGamesAPI" name="test_poker_practice_start" time="0.224" /><testcase classname="tests.test_comprehensive_final.TestGamesAPI" name="test_uno_practice_start" time="0.231" /><testcase classname="tests.test_comprehensive_final.TestGamesAPI" name="test_spades_practice_start" time="0.202" /><testcase classname="tests.test_comprehensive_final.TestGamesAPI" name="test_hearts_practice_start" time="0.292" /><testcase classname="tests.test_comprehensive_final.TestGamesAPI" name="test_chess_practice_start" time="0.226" /><testcase classname="tests.test_comprehensive_final.TestGamesAPI" name="test_checkers_practice_start" time="0.238" /><testcase classname="tests.test_comprehensive_final.TestGamesAPI" name="test_reversi_practice_start" time="0.218" /><testcase classname="tests.test_comprehensive_final.TestGamesAPI" name="test_tictactoe_practice_start" time="0.235" /><testcase classname="tests.test_comprehensive_final.TestGamesAPI" name="test_connect4_practice_start" time="0.229" /><testcase classname="tests.test_comprehensive_final.TestGamesAPI" name="test_trivia_categories" time="0.110" /><testcase classname="tests.test_comprehensive_final.TestGamesAPI" name="test_would_you_rather" time="0.172"><failure message="assert 401 == 200&#10; +  where 401 = &lt;Response [401]&gt;.status_code">tests/test_comprehensive_final.py:220: in test_would_you_rather
    assert response.status_code == 200
E   assert 401 == 200
E    +  where 401 = &lt;Response [401]&gt;.status_code</failure></testcase><testcase classname="tests.test_comprehensive_final.TestMyVibezAPI" name="test_my_vibez_feed" time="0.127" /><testcase classname="tests.test_comprehensive_final.TestMyVibezAPI" name="test_my_vibez_feed_types" time="0.498" /><testcase classname="tests.test_comprehensive_final.TestDatingAPI" name="test_discover_endpoint" time="0.220" /><testcase classname="tests.test_comprehensive_final.TestDatingAPI" name="test_matches_endpoint" time="0.236" /><testcase classname="tests.test_comprehensive_final.TestRidesAPI" name="test_my_rides" time="0.244" /><testcase classname="tests.test_comprehensive_final.TestTrustSafetyAPI" name="test_blocked_users" time="0.228" /><testcase classname="tests.test_comprehensive_final.TestTrustSafetyAPI" name="test_verification_status" time="0.214" /><testcase classname="tests.test_comprehensive_final.TestMonetizationAPI" name="test_wallet_balance" time="0.297"><failure message="AssertionError: assert ('balance' in {'credit_balance': 0.0, 'user_id': 'test_bdeb18417ed4'} or 'credits' in {'credit_balance': 0.0, 'user_id': 'test_bdeb18417ed4'})">tests/test_comprehensive_final.py:375: in test_wallet_balance
    assert "balance" in data or "credits" in data
E   AssertionError: assert ('balance' in {'credit_balance': 0.0, 'user_id': 'test_bdeb18417ed4'} or 'credits' in {'credit_balance': 0.0, 'user_id': 'test_bdeb18417ed4'})</failure></testcase><testcase classname="tests.test_comprehensive_final.TestMonetizationAPI" name="test_referral_info" time="0.223" /><testcase classname="tests.test_comprehensive_final.TestMultiplayerAPI" name="test_multiplayer_stats" time="0.131" /></testsuite></testsuites>