<?xml version="1.0" encoding="utf-8"?><testsuites name="pytest tests"><testsuite name="pytest" errors="0" failures="0" skipped="0" tests="29" time="10.583" timestamp="2026-03-20T16:03:58.524792+00:00" hostname="agent-env-d18ffc68-6865-4910-bcea-395826c8d1cd"><testcase classname="tests.test_games.TestDemoLogin" name="test_demo_login_returns_200" time="0.298" /><testcase classname="tests.test_games.TestDemoLogin" name="test_demo_login_sets_cookie" time="0.136" /><testcase classname="tests.test_games.TestDemoLogin" name="test_auth_me_after_demo_login" time="0.174" /><testcase classname="tests.test_games.TestPracticeGameStart" name="test_start_chess_game" time="0.161" /><testcase classname="tests.test_games.TestPracticeGameStart" name="test_start_blackjack_game" time="0.279" /><testcase classname="tests.test_games.TestPracticeGameStart" name="test_start_uno_game" time="0.200" /><testcase classname="tests.test_games.TestPracticeGameStart" name="test_start_checkers_game" time="0.170" /><testcase classname="tests.test_games.TestPracticeGameStart" name="test_start_tictactoe_game" time="0.220" /><testcase classname="tests.test_games.TestPracticeGameStart" name="test_start_connect4_game" time="0.187" /><testcase classname="tests.test_games.TestGameMoves" name="test_tictactoe_move_and_ai_response" time="0.731" /><testcase classname="tests.test_games.TestGameMoves" name="test_connect4_move_and_ai_response" time="0.797" /><testcase classname="tests.test_games.TestGameMoves" name="test_chess_move_and_ai_response" time="0.817" /><testcase classname="tests.test_games.TestGameMoves" name="test_blackjack_hit_action" time="0.304" /><testcase classname="tests.test_games.TestGameMoves" name="test_blackjack_stand_action" time="0.256" /><testcase classname="tests.test_games.TestGameMoves" name="test_uno_play_card" time="0.764" /><testcase classname="tests.test_games.TestGameMoves" name="test_checkers_move" time="0.768" /><testcase classname="tests.test_games.TestGameMoves" name="test_reversi_move" time="0.775" /><testcase classname="tests.test_games.TestGameCompletion" name="test_tictactoe_win_detection" time="1.388" /><testcase classname="tests.test_games.TestAllGameTypes" name="test_start_all_games[tictactoe]" time="0.157" /><testcase classname="tests.test_games.TestAllGameTypes" name="test_start_all_games[connect4]" time="0.177" /><testcase classname="tests.test_games.TestAllGameTypes" name="test_start_all_games[chess]" time="0.187" /><testcase classname="tests.test_games.TestAllGameTypes" name="test_start_all_games[checkers]" time="0.160" /><testcase classname="tests.test_games.TestAllGameTypes" name="test_start_all_games[reversi]" time="0.173" /><testcase classname="tests.test_games.TestAllGameTypes" name="test_start_all_games[blackjack]" time="0.226" /><testcase classname="tests.test_games.TestAllGameTypes" name="test_start_all_games[uno]" time="0.167" /><testcase classname="tests.test_games.TestAllGameTypes" name="test_start_all_games[go_fish]" time="0.185" /><testcase classname="tests.test_games.TestAllGameTypes" name="test_start_all_games[crazy_eights]" time="0.155" /><testcase classname="tests.test_games.TestAllGameTypes" name="test_start_all_games[hearts]" time="0.178" /><testcase classname="tests.test_games.TestAllGameTypes" name="test_start_all_games[poker]" time="0.165" /></testsuite></testsuites>