<?xml version="1.0" encoding="utf-8"?><testsuites name="pytest tests"><testsuite name="pytest" errors="0" failures="0" skipped="0" tests="9" time="84.475" timestamp="2026-04-01T14:20:53.670092+00:00" hostname="agent-env-d18ffc68-6865-4910-bcea-395826c8d1cd"><testcase classname="tests.test_websocket_messages.TestRoundTripLatency" name="test_01_single_message_round_trip" time="5.500" /><testcase classname="tests.test_websocket_messages.TestBroadcastLatency" name="test_02_broadcast_to_10_clients" time="7.371" /><testcase classname="tests.test_websocket_messages.TestMessageOrdering" name="test_03_message_ordering_100_rapid_messages" time="5.471" /><testcase classname="tests.test_websocket_messages.TestThroughput" name="test_04_throughput_low_load" time="6.666" /><testcase classname="tests.test_websocket_messages.TestBurstTraffic" name="test_05_burst_200_messages" time="3.279" /><testcase classname="tests.test_websocket_messages.TestSustainedLoad" name="test_06_sustained_load_15_seconds" time="17.250" /><testcase classname="tests.test_websocket_messages.TestPayloadSizeImpact" name="test_07_payload_size_impact" time="4.841" /><testcase classname="tests.test_websocket_messages.TestConcurrentRooms" name="test_08_concurrent_rooms_messaging" time="33.909" /><testcase classname="tests.test_websocket_messages.TestFinalReport" name="test_09_generate_final_report" time="0.001" /></testsuite></testsuites>