<?xml version="1.0" encoding="utf-8"?><testsuites name="pytest tests"><testsuite name="pytest" errors="0" failures="0" skipped="0" tests="11" time="4.948" timestamp="2026-04-05T02:56:49.284603+00:00" hostname="agent-env-d18ffc68-6865-4910-bcea-395826c8d1cd"><testcase classname="backend.tests.test_vibe_ridez_payment.TestVibeRidezPaymentEndpoints" name="test_01_payment_create_checkout_requires_auth" time="0.238" /><testcase classname="backend.tests.test_vibe_ridez_payment.TestVibeRidezPaymentEndpoints" name="test_02_payment_status_requires_auth" time="0.225" /><testcase classname="backend.tests.test_vibe_ridez_payment.TestVibeRidezPaymentEndpoints" name="test_03_get_available_rides_for_payment_test" time="0.155" /><testcase classname="backend.tests.test_vibe_ridez_payment.TestVibeRidezPaymentEndpoints" name="test_04_create_checkout_session_with_valid_ride" time="0.565" /><testcase classname="backend.tests.test_vibe_ridez_payment.TestVibeRidezPaymentEndpoints" name="test_05_create_checkout_with_invalid_ride" time="0.164" /><testcase classname="backend.tests.test_vibe_ridez_payment.TestVibeRidezPaymentEndpoints" name="test_06_check_payment_status_with_invalid_session" time="0.341" /><testcase classname="backend.tests.test_vibe_ridez_payment.TestVibeRidezPaymentEndpoints" name="test_07_ride_details_endpoint" time="0.297" /><testcase classname="backend.tests.test_vibe_ridez_payment.TestVibeRidezPaymentEndpoints" name="test_08_auth_me_endpoint" time="0.151" /><testcase classname="backend.tests.test_vibe_ridez_payment.TestVibeRidezPaymentFlow" name="test_complete_payment_flow" time="0.860" /><testcase classname="backend.tests.test_vibe_ridez_payment.TestVibeRidezPaymentEdgeCases" name="test_checkout_with_zero_seats" time="0.247" /><testcase classname="backend.tests.test_vibe_ridez_payment.TestVibeRidezPaymentEdgeCases" name="test_checkout_with_excessive_seats" time="1.644" /></testsuite></testsuites>