<?xml version="1.0" encoding="utf-8"?><testsuites name="pytest tests"><testsuite name="pytest" errors="0" failures="0" skipped="0" tests="17" time="54.683" timestamp="2026-03-28T19:29:14.659701+00:00" hostname="agent-env-d18ffc68-6865-4910-bcea-395826c8d1cd"><testcase classname="tests.test_video_call.TestVideoCallSystem" name="test_initiate_video_call_success" time="0.397" /><testcase classname="tests.test_video_call.TestVideoCallSystem" name="test_initiate_audio_call_success" time="0.379" /><testcase classname="tests.test_video_call.TestVideoCallSystem" name="test_initiate_call_invalid_user" time="0.380" /><testcase classname="tests.test_video_call.TestVideoCallSystem" name="test_initiate_call_user_busy" time="0.657" /><testcase classname="tests.test_video_call.TestVideoCallSystem" name="test_accept_call_success" time="0.454" /><testcase classname="tests.test_video_call.TestVideoCallSystem" name="test_accept_call_not_found" time="0.352" /><testcase classname="tests.test_video_call.TestVideoCallSystem" name="test_accept_call_unauthorized" time="0.483" /><testcase classname="tests.test_video_call.TestVideoCallSystem" name="test_reject_call_success" time="0.522" /><testcase classname="tests.test_video_call.TestVideoCallSystem" name="test_reject_call_unauthorized" time="0.439" /><testcase classname="tests.test_video_call.TestVideoCallSystem" name="test_end_call_by_caller" time="0.579" /><testcase classname="tests.test_video_call.TestVideoCallSystem" name="test_end_call_by_callee" time="0.608" /><testcase classname="tests.test_video_call.TestVideoCallSystem" name="test_end_call_unauthorized" time="0.552" /><testcase classname="tests.test_video_call.TestVideoCallSystem" name="test_get_call_history" time="40.315" /><testcase classname="tests.test_video_call.TestVideoCallSystem" name="test_get_call_history_empty" time="0.488" /><testcase classname="tests.test_video_call.TestVideoCallSystem" name="test_get_active_calls" time="0.500" /><testcase classname="tests.test_video_call.TestVideoCallSystem" name="test_complete_call_flow" time="6.859" /><testcase classname="tests.test_video_call.TestVideoCallSystem" name="test_rejected_call_flow" time="0.632" /></testsuite></testsuites>