<?xml version="1.0" encoding="utf-8"?><testsuites name="pytest tests"><testsuite name="pytest" errors="0" failures="0" skipped="0" tests="41" time="21.402" timestamp="2026-03-28T20:31:41.069921+00:00" hostname="agent-env-d18ffc68-6865-4910-bcea-395826c8d1cd"><testcase classname="backend.tests.test_monetization.TestMonetizationSetup" name="test_api_health" time="0.133" /><testcase classname="backend.tests.test_monetization.TestGiftCatalog" name="test_get_gift_catalog" time="0.170" /><testcase classname="backend.tests.test_monetization.TestCoinPurchase" name="test_purchase_coins_100_package" time="0.283" /><testcase classname="backend.tests.test_monetization.TestCoinPurchase" name="test_purchase_coins_500_package_with_bonus" time="0.214" /><testcase classname="backend.tests.test_monetization.TestCoinPurchase" name="test_purchase_coins_1000_package" time="0.247" /><testcase classname="backend.tests.test_monetization.TestCoinPurchase" name="test_purchase_coins_5000_package" time="0.236" /><testcase classname="backend.tests.test_monetization.TestCoinPurchase" name="test_purchase_coins_10000_package" time="0.213" /><testcase classname="backend.tests.test_monetization.TestCoinPurchase" name="test_purchase_coins_invalid_package" time="0.233" /><testcase classname="backend.tests.test_monetization.TestBalance" name="test_get_balance_new_user" time="0.327" /><testcase classname="backend.tests.test_monetization.TestBalance" name="test_get_balance_nonexistent_user" time="0.118" /><testcase classname="backend.tests.test_monetization.TestTipping" name="test_send_tip_success" time="0.681" /><testcase classname="backend.tests.test_monetization.TestTipping" name="test_send_tip_minimum_amount" time="0.586" /><testcase classname="backend.tests.test_monetization.TestTipping" name="test_send_tip_maximum_amount" time="0.564" /><testcase classname="backend.tests.test_monetization.TestTipping" name="test_send_tip_insufficient_balance" time="0.532" /><testcase classname="backend.tests.test_monetization.TestTipping" name="test_send_tip_nonexistent_recipient" time="0.580" /><testcase classname="backend.tests.test_monetization.TestGiftSending" name="test_send_gift_rose" time="0.562" /><testcase classname="backend.tests.test_monetization.TestGiftSending" name="test_send_gift_trophy" time="0.591" /><testcase classname="backend.tests.test_monetization.TestGiftSending" name="test_send_gift_invalid" time="0.541" /><testcase classname="backend.tests.test_monetization.TestGiftSending" name="test_send_gift_insufficient_balance" time="0.570" /><testcase classname="backend.tests.test_monetization.TestPremiumSubscription" name="test_subscribe_pro_tier" time="0.371" /><testcase classname="backend.tests.test_monetization.TestPremiumSubscription" name="test_subscribe_elite_tier" time="0.325" /><testcase classname="backend.tests.test_monetization.TestPremiumSubscription" name="test_subscribe_invalid_tier" time="0.518" /><testcase classname="backend.tests.test_monetization.TestPremiumSubscription" name="test_subscribe_insufficient_balance" time="0.346" /><testcase classname="backend.tests.test_monetization.TestSubscriptionStatus" name="test_get_subscription_status_active" time="0.437" /><testcase classname="backend.tests.test_monetization.TestSubscriptionStatus" name="test_get_subscription_status_no_subscription" time="0.315" /><testcase classname="backend.tests.test_monetization.TestSubscriptionStatus" name="test_get_subscription_status_nonexistent_user" time="0.121" /><testcase classname="backend.tests.test_monetization.TestCreatorEarnings" name="test_get_creator_earnings" time="0.813" /><testcase classname="backend.tests.test_monetization.TestCreatorStats" name="test_get_creator_stats" time="0.331" /><testcase classname="backend.tests.test_monetization.TestCreatorStats" name="test_get_creator_stats_nonexistent" time="0.097" /><testcase classname="backend.tests.test_monetization.TestWithdrawal" name="test_request_withdrawal_success" time="0.321" /><testcase classname="backend.tests.test_monetization.TestWithdrawal" name="test_request_withdrawal_below_minimum" time="3.419" /><testcase classname="backend.tests.test_monetization.TestWithdrawal" name="test_request_withdrawal_insufficient_balance" time="0.311" /><testcase classname="backend.tests.test_monetization.TestWithdrawal" name="test_request_withdrawal_nonexistent_user" time="0.103" /><testcase classname="backend.tests.test_monetization.TestPlatformFeeCalculation" name="test_platform_fee_30_percent_on_tips" time="1.796" /><testcase classname="backend.tests.test_monetization.TestPlatformFeeCalculation" name="test_platform_fee_30_percent_on_gifts" time="1.360" /><testcase classname="backend.tests.test_monetization.TestTransactionRecording" name="test_purchase_creates_transaction" time="0.236" /><testcase classname="backend.tests.test_monetization.TestTransactionRecording" name="test_tip_creates_transaction" time="0.537" /><testcase classname="backend.tests.test_monetization.TestTransactionRecording" name="test_gift_creates_record" time="0.542" /><testcase classname="backend.tests.test_monetization.TestTransactionRecording" name="test_subscription_creates_record" time="0.309" /><testcase classname="backend.tests.test_monetization.TestTransactionRecording" name="test_withdrawal_creates_record" time="0.341" /><testcase classname="backend.tests.test_monetization.TestEndToEndFlow" name="test_complete_creator_monetization_flow" time="0.926" /></testsuite></testsuites>