<?xml version="1.0" encoding="utf-8"?><testsuites name="pytest tests"><testsuite name="pytest" errors="0" failures="0" skipped="0" tests="12" time="369.012" timestamp="2026-04-01T13:50:25.394177+00:00" hostname="agent-env-d18ffc68-6865-4910-bcea-395826c8d1cd"><testcase classname="tests.test_websocket_load.TestWebSocketBasicConnectivity" name="test_01_single_connection" time="0.379" /><testcase classname="tests.test_websocket_load.TestWebSocketBasicConnectivity" name="test_02_ten_concurrent_connections" time="0.791" /><testcase classname="tests.test_websocket_load.TestWebSocketBasicConnectivity" name="test_03_hundred_concurrent_connections" time="5.964" /><testcase classname="tests.test_websocket_load.TestWebSocketRoomOperations" name="test_04_room_creation" time="26.966" /><testcase classname="tests.test_websocket_load.TestWebSocketRoomOperations" name="test_05_room_joining" time="26.694" /><testcase classname="tests.test_websocket_load.TestWebSocketMessageBroadcasting" name="test_06_message_latency" time="63.155" /><testcase classname="tests.test_websocket_load.TestWebSocketScaleTest" name="test_07_scale_500_connections" time="71.076" /><testcase classname="tests.test_websocket_load.TestWebSocketScaleTest" name="test_08_scale_1000_connections" time="64.781" /><testcase classname="tests.test_websocket_load.TestWebSocketStressTest" name="test_09_stress_test_with_rooms" time="107.202" /><testcase classname="tests.test_websocket_load.TestWebSocketFinalReport" name="test_10_generate_report" time="0.002" /><testcase classname="tests.test_websocket_load.TestHTTPMultiplayerFallback" name="test_http_multiplayer_stats" time="1.701" /><testcase classname="tests.test_websocket_load.TestHTTPMultiplayerFallback" name="test_http_multiplayer_join_queue" time="0.115" /></testsuite></testsuites>