<?xml version="1.0" encoding="utf-8"?><testsuites name="pytest tests"><testsuite name="pytest" errors="0" failures="0" skipped="0" tests="24" time="3.254" timestamp="2026-04-11T09:01:10.620857+00:00" hostname="agent-env-d18ffc68-6865-4910-bcea-395826c8d1cd"><testcase classname="tests.test_metahuman_dealer.TestTableManagement" name="test_list_tables_empty" time="0.246" /><testcase classname="tests.test_metahuman_dealer.TestTableManagement" name="test_create_poker_table" time="0.104" /><testcase classname="tests.test_metahuman_dealer.TestTableManagement" name="test_create_bid_whist_table" time="0.103" /><testcase classname="tests.test_metahuman_dealer.TestTableManagement" name="test_create_baccarat_table" time="0.104" /><testcase classname="tests.test_metahuman_dealer.TestTableManagement" name="test_get_table_state" time="0.218" /><testcase classname="tests.test_metahuman_dealer.TestTableManagement" name="test_table_not_found" time="0.098" /><testcase classname="tests.test_metahuman_dealer.TestCurrencySecurity" name="test_get_balance" time="0.120" /><testcase classname="tests.test_metahuman_dealer.TestCurrencySecurity" name="test_verify_bet_approved" time="0.112" /><testcase classname="tests.test_metahuman_dealer.TestCurrencySecurity" name="test_verify_bet_insufficient_funds" time="0.112" /><testcase classname="tests.test_metahuman_dealer.TestCurrencySecurity" name="test_add_balance" time="0.143" /><testcase classname="tests.test_metahuman_dealer.TestCurrencySecurity" name="test_release_bet_return" time="0.203" /><testcase classname="tests.test_metahuman_dealer.TestDealerAnimations" name="test_list_animations" time="0.099" /><testcase classname="tests.test_metahuman_dealer.TestDealerAnimations" name="test_trigger_welcome_animation" time="0.114" /><testcase classname="tests.test_metahuman_dealer.TestDealerAnimations" name="test_trigger_bet_approved_animation" time="0.100" /><testcase classname="tests.test_metahuman_dealer.TestDealerAnimations" name="test_trigger_bid_whist_animation" time="0.104" /><testcase classname="tests.test_metahuman_dealer.TestDealerAnimations" name="test_trigger_unknown_animation" time="0.114" /><testcase classname="tests.test_metahuman_dealer.TestSpectatorBetting" name="test_place_spectator_bet" time="0.101" /><testcase classname="tests.test_metahuman_dealer.TestSpectatorBetting" name="test_get_spectator_pot" time="0.226" /><testcase classname="tests.test_metahuman_dealer.TestSpectatorBetting" name="test_distribute_winnings" time="0.216" /><testcase classname="tests.test_metahuman_dealer.TestMatchmaking" name="test_get_player_elo" time="0.103" /><testcase classname="tests.test_metahuman_dealer.TestMatchmaking" name="test_find_match_queued" time="0.105" /><testcase classname="tests.test_metahuman_dealer.TestMatchmaking" name="test_update_elo_win" time="0.113" /><testcase classname="tests.test_metahuman_dealer.TestMatchmaking" name="test_update_elo_loss" time="0.099" /><testcase classname="tests.test_metahuman_dealer.TestJackpot" name="test_check_jackpot" time="0.101" /></testsuite></testsuites>