<?xml version="1.0" encoding="utf-8"?><testsuites name="pytest tests"><testsuite name="pytest" errors="0" failures="1" skipped="0" tests="20" time="6.381" timestamp="2026-04-13T19:46:48.701855+00:00" hostname="agent-env-d18ffc68-6865-4910-bcea-395826c8d1cd"><testcase classname="tests.test_bid_whist.TestBidWhistAPIs" name="test_start_game_success" time="0.449" /><testcase classname="tests.test_bid_whist.TestBidWhistAPIs" name="test_start_game_with_wager" time="0.280" /><testcase classname="tests.test_bid_whist.TestBidWhistAPIs" name="test_start_game_unauthorized" time="0.345" /><testcase classname="tests.test_bid_whist.TestBidWhistAPIs" name="test_get_game_state" time="0.462" /><testcase classname="tests.test_bid_whist.TestBidWhistAPIs" name="test_get_game_state_not_found" time="0.239" /><testcase classname="tests.test_bid_whist.TestBidWhistAPIs" name="test_place_bid_success" time="0.369" /><testcase classname="tests.test_bid_whist.TestBidWhistAPIs" name="test_place_bid_pass" time="0.374" /><testcase classname="tests.test_bid_whist.TestBidWhistAPIs" name="test_place_bid_downtown" time="0.362" /><testcase classname="tests.test_bid_whist.TestBidWhistAPIs" name="test_place_bid_no_trump" time="0.326" /><testcase classname="tests.test_bid_whist.TestBidWhistAPIs" name="test_place_bid_game_not_found" time="0.228" /><testcase classname="tests.test_bid_whist.TestBidWhistAPIs" name="test_kitty_exchange_not_bid_winner" time="0.408"><failure message="AssertionError: Expected 400/404, got 500&#10;assert 500 in [400, 404]&#10; +  where 500 = &lt;Response [500]&gt;.status_code">tests/test_bid_whist.py:262: in test_kitty_exchange_not_bid_winner
    assert response.status_code in [400, 404], f"Expected 400/404, got {response.status_code}"
E   AssertionError: Expected 400/404, got 500
E   assert 500 in [400, 404]
E    +  where 500 = &lt;Response [500]&gt;.status_code</failure></testcase><testcase classname="tests.test_bid_whist.TestBidWhistAPIs" name="test_play_card_wrong_phase" time="0.370" /><testcase classname="tests.test_bid_whist.TestBidWhistAPIs" name="test_play_card_game_not_found" time="0.225" /><testcase classname="tests.test_bid_whist.TestBidWhistAPIs" name="test_full_bidding_flow" time="0.464" /><testcase classname="tests.test_bid_whist.TestBidWhistAPIs" name="test_card_structure_in_hand" time="0.279" /><testcase classname="tests.test_bid_whist.TestBidWhistAPIs" name="test_joker_support" time="0.748" /><testcase classname="tests.test_bid_whist.TestBidWhistGameLogic" name="test_bid_values" time="0.341" /><testcase classname="tests.test_bid_whist.TestBidWhistGameLogic" name="test_deck_creation" time="0.000" /><testcase classname="tests.test_bid_whist.TestBidWhistGameLogic" name="test_deal_cards" time="0.000" /><testcase classname="tests.test_bid_whist.TestBidWhistGameLogic" name="test_team_assignments" time="0.000" /></testsuite></testsuites>