<?xml version="1.0" encoding="utf-8"?><testsuites name="pytest tests"><testsuite name="pytest" errors="0" failures="1" skipped="0" tests="21" time="4.673" timestamp="2026-04-14T16:09:35.245334+00:00" hostname="agent-env-d18ffc68-6865-4910-bcea-395826c8d1cd"><testcase classname="tests.test_system_audit_comprehensive.TestHealthAndAuth" name="test_health_endpoint" time="0.313" /><testcase classname="tests.test_system_audit_comprehensive.TestHealthAndAuth" name="test_demo_login" time="0.146" /><testcase classname="tests.test_system_audit_comprehensive.TestHealthAndAuth" name="test_auth_me_with_token" time="0.294" /><testcase classname="tests.test_system_audit_comprehensive.TestVibe654DiceGame" name="test_vibe654_play_endpoint" time="0.264" /><testcase classname="tests.test_system_audit_comprehensive.TestVibe654DiceGame" name="test_vibe654_tables_active" time="0.360" /><testcase classname="tests.test_system_audit_comprehensive.TestBaccaratGame" name="test_baccarat_play" time="0.347" /><testcase classname="tests.test_system_audit_comprehensive.TestBaccaratGame" name="test_baccarat_history" time="0.226" /><testcase classname="tests.test_system_audit_comprehensive.TestBaccaratGame" name="test_baccarat_stats" time="0.237" /><testcase classname="tests.test_system_audit_comprehensive.TestBaccaratGame" name="test_baccarat_leaderboard" time="0.253" /><testcase classname="tests.test_system_audit_comprehensive.TestBidWhistGame" name="test_bid_whist_start_game" time="0.229" /><testcase classname="tests.test_system_audit_comprehensive.TestBidWhistGame" name="test_bid_whist_get_game_state" time="0.335" /><testcase classname="tests.test_system_audit_comprehensive.TestBlackjackArena" name="test_blackjack_multiplayer_service_exists" time="0.000" /><testcase classname="tests.test_system_audit_comprehensive.TestWalletAndBalance" name="test_wallet_balance_endpoint" time="0.355" /><testcase classname="tests.test_system_audit_comprehensive.TestWalletAndBalance" name="test_demo_topup" time="0.223" /><testcase classname="tests.test_system_audit_comprehensive.TestPracticeGames" name="test_practice_start" time="0.128"><failure message="assert 401 in [200, 400, 404]&#10; +  where 401 = &lt;Response [401]&gt;.status_code">tests/test_system_audit_comprehensive.py:287: in test_practice_start
    assert response.status_code in [200, 400, 404]
E   assert 401 in [200, 400, 404]
E    +  where 401 = &lt;Response [401]&gt;.status_code</failure></testcase><testcase classname="tests.test_system_audit_comprehensive.TestRoomSystem" name="test_room_manager_exists" time="0.000" /><testcase classname="tests.test_system_audit_comprehensive.TestRoomSystem" name="test_room_socket_events_exists" time="0.000" /><testcase classname="tests.test_system_audit_comprehensive.TestCriticalEndpoints" name="test_leaderboard_endpoint" time="0.296" /><testcase classname="tests.test_system_audit_comprehensive.TestCriticalEndpoints" name="test_tournaments_endpoint" time="0.221" /><testcase classname="tests.test_system_audit_comprehensive.TestCriticalEndpoints" name="test_user_stats_endpoint" time="0.234" /><testcase classname="tests.test_system_audit_comprehensive.TestDatabaseIntegrity" name="test_mongodb_connection_via_health" time="0.115" /></testsuite></testsuites>