<?xml version="1.0" encoding="utf-8"?><testsuites name="pytest tests"><testsuite name="pytest" errors="0" failures="0" skipped="0" tests="23" time="18.539" timestamp="2026-04-04T15:48:20.660501+00:00" hostname="agent-env-d18ffc68-6865-4910-bcea-395826c8d1cd"><testcase classname="tests.test_new_features_iteration49.TestDemoLogin" name="test_demo_login" time="0.191" /><testcase classname="tests.test_new_features_iteration49.TestVibeScore" name="test_get_my_vibe_score" time="0.072" /><testcase classname="tests.test_new_features_iteration49.TestVibeScore" name="test_vibe_leaderboard" time="0.054" /><testcase classname="tests.test_new_features_iteration49.TestVibeScore" name="test_elo_leaderboard" time="0.055" /><testcase classname="tests.test_new_features_iteration49.TestCardStyles" name="test_get_available_styles" time="0.053" /><testcase classname="tests.test_new_features_iteration49.TestCardStyles" name="test_select_classic_style" time="0.054" /><testcase classname="tests.test_new_features_iteration49.TestCardStyles" name="test_select_locked_style_fails" time="0.045" /><testcase classname="tests.test_new_features_iteration49.TestCardStyles" name="test_get_style_stats" time="0.046" /><testcase classname="tests.test_new_features_iteration49.TestCardStyles" name="test_style_preview" time="0.047" /><testcase classname="tests.test_new_features_iteration49.TestTableForTwo" name="test_get_icebreaker_games" time="0.046" /><testcase classname="tests.test_new_features_iteration49.TestTableForTwo" name="test_get_sent_invites" time="0.046" /><testcase classname="tests.test_new_features_iteration49.TestTableForTwo" name="test_get_received_invites" time="0.047" /><testcase classname="tests.test_new_features_iteration49.TestTableForTwo" name="test_get_table_for_two_stats" time="0.049" /><testcase classname="tests.test_new_features_iteration49.TestAIDatePlanner" name="test_get_planner_stats" time="0.047" /><testcase classname="tests.test_new_features_iteration49.TestCreateMatchAndInvite" name="test_send_game_invite_requires_match" time="0.096" /><testcase classname="tests.test_new_features_iteration49.TestCreateMatchAndInvite" name="test_send_game_invite_invalid_match" time="0.091" /><testcase classname="tests.test_new_features_iteration49.TestCreateMatchAndInvite" name="test_send_game_invite_invalid_game_type" time="0.091" /><testcase classname="tests.test_new_features_iteration49.TestCreateMatchAndInvite" name="test_ai_date_planner_requires_match" time="16.672" /><testcase classname="tests.test_new_features_iteration49.TestCreateMatchAndInvite" name="test_ai_date_planner_invalid_match" time="0.194" /><testcase classname="tests.test_new_features_iteration49.TestUnauthenticatedAccess" name="test_vibe_score_requires_auth" time="0.134" /><testcase classname="tests.test_new_features_iteration49.TestUnauthenticatedAccess" name="test_card_styles_requires_auth" time="0.118" /><testcase classname="tests.test_new_features_iteration49.TestUnauthenticatedAccess" name="test_table_for_two_invite_requires_auth" time="0.117" /><testcase classname="tests.test_new_features_iteration49.TestUnauthenticatedAccess" name="test_ai_date_planner_requires_auth" time="0.120" /></testsuite></testsuites>