<?xml version="1.0" encoding="utf-8"?><testsuites name="pytest tests"><testsuite name="pytest" errors="0" failures="0" skipped="0" tests="18" time="69.928" timestamp="2026-04-01T14:53:06.298988+00:00" hostname="agent-env-d18ffc68-6865-4910-bcea-395826c8d1cd"><testcase classname="backend.tests.test_poker_multiplayer.TestPokerRoomCreation" name="test_01_create_poker_room" time="0.879" /><testcase classname="backend.tests.test_poker_multiplayer.TestPokerRoomCreation" name="test_02_join_poker_room" time="2.335" /><testcase classname="backend.tests.test_poker_multiplayer.TestPokerRoomCreation" name="test_03_max_6_players" time="10.180" /><testcase classname="backend.tests.test_poker_multiplayer.TestPokerGameFlow" name="test_04_start_game_deal_cards" time="2.789" /><testcase classname="backend.tests.test_poker_multiplayer.TestPokerGameFlow" name="test_05_card_privacy" time="2.848" /><testcase classname="backend.tests.test_poker_multiplayer.TestPokerActions" name="test_06_fold_action" time="3.631" /><testcase classname="backend.tests.test_poker_multiplayer.TestPokerActions" name="test_07_call_action" time="3.633" /><testcase classname="backend.tests.test_poker_multiplayer.TestPokerActions" name="test_08_raise_action" time="3.608" /><testcase classname="backend.tests.test_poker_multiplayer.TestPokerActions" name="test_09_all_in_action" time="3.579" /><testcase classname="backend.tests.test_poker_multiplayer.TestPokerActions" name="test_10_check_action" time="4.405" /><testcase classname="backend.tests.test_poker_multiplayer.TestPokerBettingRounds" name="test_11_complete_hand_to_showdown" time="5.203" /><testcase classname="backend.tests.test_poker_multiplayer.TestPokerErrorHandling" name="test_12_action_out_of_turn" time="3.615" /><testcase classname="backend.tests.test_poker_multiplayer.TestPokerErrorHandling" name="test_13_invalid_check" time="3.575" /><testcase classname="backend.tests.test_poker_multiplayer.TestPokerMultiplePlayers" name="test_14_four_player_game" time="6.302" /><testcase classname="backend.tests.test_poker_multiplayer.TestPokerRealTimeSync" name="test_15_state_sync_after_action" time="3.619" /><testcase classname="backend.tests.test_poker_multiplayer.TestPokerHandEvaluation" name="test_16_showdown_reveals_cards" time="5.250" /><testcase classname="backend.tests.test_poker_multiplayer.TestPokerLeaveTable" name="test_17_leave_table_mid_game" time="4.282" /><testcase classname="backend.tests.test_poker_multiplayer.TestFinalReport" name="test_99_generate_report" time="0.001" /></testsuite></testsuites>