<?xml version="1.0" encoding="utf-8"?><testsuites name="pytest tests"><testsuite name="pytest" errors="0" failures="0" skipped="0" tests="13" time="11.428" timestamp="2026-03-28T19:50:20.251633+00:00" hostname="agent-env-d18ffc68-6865-4910-bcea-395826c8d1cd"><testcase classname="tests.test_ai_content_matching.TestAIContentMatchingStats" name="test_get_stats" time="0.153" /><testcase classname="tests.test_ai_content_matching.TestAIContentAnalysis" name="test_analyze_content_no_posts" time="0.367" /><testcase classname="tests.test_ai_content_matching.TestAIContentAnalysis" name="test_analyze_content_user_not_found" time="0.348" /><testcase classname="tests.test_ai_content_matching.TestAIContentMatchingWithPosts" name="test_analyze_content_with_posts" time="1.523" /><testcase classname="tests.test_ai_content_matching.TestAIContentMatchingWithPosts" name="test_analyze_content_force_refresh" time="1.545" /><testcase classname="tests.test_ai_content_matching.TestAIContentMatchingWithPosts" name="test_calculate_compatibility" time="1.665" /><testcase classname="tests.test_ai_content_matching.TestAIContentMatchingWithPosts" name="test_calculate_compatibility_user_not_found" time="1.490" /><testcase classname="tests.test_ai_content_matching.TestAIContentMatchingWithPosts" name="test_find_matches" time="1.440" /><testcase classname="tests.test_ai_content_matching.TestAIContentMatchingWithPosts" name="test_find_matches_no_analysis" time="1.509" /><testcase classname="tests.test_ai_content_matching.TestAIContentMatchingEdgeCases" name="test_analyze_content_invalid_request" time="0.126" /><testcase classname="tests.test_ai_content_matching.TestAIContentMatchingEdgeCases" name="test_calculate_compatibility_missing_fields" time="0.104" /><testcase classname="tests.test_ai_content_matching.TestAIContentMatchingEdgeCases" name="test_find_matches_invalid_limit" time="0.221" /><testcase classname="tests.test_ai_content_matching.TestAIContentMatchingIntegration" name="test_full_matching_flow" time="0.875" /></testsuite></testsuites>