<?xml version="1.0" encoding="utf-8"?><testsuites name="pytest tests"><testsuite name="pytest" errors="0" failures="0" skipped="0" tests="28" time="10.286" timestamp="2026-04-04T17:33:28.616347+00:00" hostname="agent-env-d18ffc68-6865-4910-bcea-395826c8d1cd"><testcase classname="backend.tests.test_watch_and_wager.TestCoinEconomy" name="test_get_balance_initializes_2000_coins" time="0.179" /><testcase classname="backend.tests.test_watch_and_wager.TestCoinEconomy" name="test_daily_bonus_awards_100_coins" time="0.206" /><testcase classname="backend.tests.test_watch_and_wager.TestCoinEconomy" name="test_daily_bonus_rejects_duplicate_claim" time="0.256" /><testcase classname="backend.tests.test_watch_and_wager.TestCoinEconomy" name="test_practice_game_win_awards_0_coins" time="0.232" /><testcase classname="backend.tests.test_watch_and_wager.TestCoinEconomy" name="test_multiplayer_game_win_awards_100_coins" time="0.205" /><testcase classname="backend.tests.test_watch_and_wager.TestCoinEconomy" name="test_tournament_win_awards_500_coins" time="0.227" /><testcase classname="backend.tests.test_watch_and_wager.TestCoinEconomy" name="test_get_transactions_returns_history" time="0.269" /><testcase classname="backend.tests.test_watch_and_wager.TestCoinEconomy" name="test_leaderboard_returns_top_earners" time="0.177" /><testcase classname="backend.tests.test_watch_and_wager.TestBettingPools" name="test_create_betting_pool" time="0.152" /><testcase classname="backend.tests.test_watch_and_wager.TestBettingPools" name="test_get_pool_returns_pool_data" time="0.259" /><testcase classname="backend.tests.test_watch_and_wager.TestBettingPools" name="test_get_nonexistent_pool_returns_404" time="0.157" /><testcase classname="backend.tests.test_watch_and_wager.TestBettingPools" name="test_active_pools_returns_open_pools" time="0.204" /><testcase classname="backend.tests.test_watch_and_wager.TestBettingPools" name="test_active_pools_filter_by_game_type" time="0.212" /><testcase classname="backend.tests.test_watch_and_wager.TestPlaceBet" name="test_place_bet_success" time="0.260" /><testcase classname="backend.tests.test_watch_and_wager.TestPlaceBet" name="test_place_bet_validates_min_amount" time="0.208" /><testcase classname="backend.tests.test_watch_and_wager.TestPlaceBet" name="test_place_bet_validates_max_amount" time="0.229" /><testcase classname="backend.tests.test_watch_and_wager.TestPlaceBet" name="test_place_bet_validates_sufficient_balance" time="2.391" /><testcase classname="backend.tests.test_watch_and_wager.TestPlaceBet" name="test_place_bet_rejects_duplicate_bet_on_same_game" time="0.268" /><testcase classname="backend.tests.test_watch_and_wager.TestCommunityOdds" name="test_odds_recalculate_after_bet" time="0.524" /><testcase classname="backend.tests.test_watch_and_wager.TestCommunityOdds" name="test_all_bets_on_one_side_gives_max_odds_to_other" time="0.578" /><testcase classname="backend.tests.test_watch_and_wager.TestBetSettlement" name="test_settle_bets_distributes_winnings" time="0.679" /><testcase classname="backend.tests.test_watch_and_wager.TestBetSettlement" name="test_settle_bets_marks_bet_status" time="0.534" /><testcase classname="backend.tests.test_watch_and_wager.TestBetSettlement" name="test_settle_bets_rejects_already_settled" time="0.478" /><testcase classname="backend.tests.test_watch_and_wager.TestMyBets" name="test_my_bets_returns_history_with_stats" time="0.464" /><testcase classname="backend.tests.test_watch_and_wager.TestMyBets" name="test_my_bets_filter_by_status" time="0.491" /><testcase classname="backend.tests.test_watch_and_wager.TestAuthentication" name="test_balance_requires_auth" time="0.109" /><testcase classname="backend.tests.test_watch_and_wager.TestAuthentication" name="test_place_bet_requires_auth" time="0.117" /><testcase classname="backend.tests.test_watch_and_wager.TestAuthentication" name="test_my_bets_requires_auth" time="0.107" /></testsuite></testsuites>