<?xml version="1.0" encoding="utf-8"?><testsuites name="pytest tests"><testsuite name="pytest" errors="0" failures="0" skipped="0" tests="23" time="8.401" timestamp="2026-04-11T13:56:36.109804+00:00" hostname="agent-env-d18ffc68-6865-4910-bcea-395826c8d1cd"><testcase classname="backend.tests.test_matchmaking.TestMatchmakingProfile" name="test_create_matchmaking_profile" time="0.149" /><testcase classname="backend.tests.test_matchmaking.TestMatchmakingProfile" name="test_get_matchmaking_profile" time="0.231" /><testcase classname="backend.tests.test_matchmaking.TestMatchmakingProfile" name="test_get_nonexistent_profile" time="0.111" /><testcase classname="backend.tests.test_matchmaking.TestMatchmakingProfile" name="test_update_profile" time="0.322" /><testcase classname="backend.tests.test_matchmaking.TestMatchFinding" name="test_find_matches" time="0.448" /><testcase classname="backend.tests.test_matchmaking.TestMatchFinding" name="test_compatibility_algorithm" time="0.452" /><testcase classname="backend.tests.test_matchmaking.TestMatchFinding" name="test_find_matches_nonexistent_user" time="0.437" /><testcase classname="backend.tests.test_matchmaking.TestMatchFinding" name="test_match_limit" time="0.445" /><testcase classname="backend.tests.test_matchmaking.TestMatchRequests" name="test_send_match_request" time="0.336" /><testcase classname="backend.tests.test_matchmaking.TestMatchRequests" name="test_send_match_request_with_message" time="0.319" /><testcase classname="backend.tests.test_matchmaking.TestMatchRequests" name="test_send_request_nonexistent_user" time="0.329" /><testcase classname="backend.tests.test_matchmaking.TestMatchRequests" name="test_accept_match_request" time="0.438" /><testcase classname="backend.tests.test_matchmaking.TestMatchRequests" name="test_decline_match_request" time="0.442" /><testcase classname="backend.tests.test_matchmaking.TestMatchRequests" name="test_respond_nonexistent_request" time="0.332" /><testcase classname="backend.tests.test_matchmaking.TestMatchRequests" name="test_get_pending_requests" time="0.481" /><testcase classname="backend.tests.test_matchmaking.TestMatchRequests" name="test_get_active_matches" time="0.560" /><testcase classname="backend.tests.test_matchmaking.TestELORatingSystem" name="test_update_skill_after_win" time="0.239" /><testcase classname="backend.tests.test_matchmaking.TestELORatingSystem" name="test_update_skill_after_loss" time="0.221" /><testcase classname="backend.tests.test_matchmaking.TestELORatingSystem" name="test_update_skill_new_game" time="0.222" /><testcase classname="backend.tests.test_matchmaking.TestELORatingSystem" name="test_update_skill_nonexistent_user" time="0.237" /><testcase classname="backend.tests.test_matchmaking.TestGameBasedSuggestions" name="test_suggest_from_game" time="0.354" /><testcase classname="backend.tests.test_matchmaking.TestGameBasedSuggestions" name="test_suggest_from_game_nonexistent_user" time="0.326" /><testcase classname="backend.tests.test_matchmaking.TestIntegrationFlow" name="test_full_matchmaking_flow" time="0.901" /></testsuite></testsuites>