<?xml version="1.0" encoding="utf-8"?><testsuites name="pytest tests"><testsuite name="pytest" errors="0" failures="0" skipped="0" tests="16" time="2.306" timestamp="2026-03-16T04:11:08.883373+00:00" hostname="agent-env-d18ffc68-6865-4910-bcea-395826c8d1cd"><testcase classname="tests.test_verification.TestHealthCheck" name="test_api_root" time="0.138" /><testcase classname="tests.test_verification.TestAuthVerification" name="test_auth_me" time="0.112" /><testcase classname="tests.test_verification.TestDocumentUpload" name="test_upload_document_success" time="0.124" /><testcase classname="tests.test_verification.TestDocumentUpload" name="test_upload_document_no_file" time="0.113" /><testcase classname="tests.test_verification.TestDocumentUpload" name="test_upload_document_unauthenticated" time="0.114" /><testcase classname="tests.test_verification.TestSelfieUpload" name="test_upload_selfie_success" time="0.160" /><testcase classname="tests.test_verification.TestVerificationSubmission" name="test_submit_verification_success" time="0.216" /><testcase classname="tests.test_verification.TestVerificationSubmission" name="test_submit_verification_invalid_document_type" time="0.107" /><testcase classname="tests.test_verification.TestVerificationStatus" name="test_get_status" time="0.103" /><testcase classname="tests.test_verification.TestVerificationStatus" name="test_status_unauthenticated" time="0.113" /><testcase classname="tests.test_verification.TestAdminPendingVerifications" name="test_get_pending_verifications" time="0.168" /><testcase classname="tests.test_verification.TestAdminVerificationStats" name="test_get_stats" time="0.113" /><testcase classname="tests.test_verification.TestAdminReview" name="test_review_nonexistent_verification" time="0.102" /><testcase classname="tests.test_verification.TestAdminReview" name="test_review_verification_approve" time="0.209" /><testcase classname="tests.test_verification.TestStaticFileServing" name="test_upload_and_access_document" time="0.231" /><testcase classname="tests.test_verification.TestEndToEndVerificationFlow" name="test_full_verification_flow" time="0.112" /></testsuite></testsuites>