<?xml version="1.0" encoding="utf-8"?><testsuites name="pytest tests"><testsuite name="pytest" errors="0" failures="0" skipped="0" tests="38" time="10.399" timestamp="2026-03-28T20:17:55.223018+00:00" hostname="agent-env-d18ffc68-6865-4910-bcea-395826c8d1cd"><testcase classname="backend.tests.test_ai_practice.TestAIPracticeCalculateMove" name="test_tictactoe_easy_random_move" time="0.147" /><testcase classname="backend.tests.test_ai_practice.TestAIPracticeCalculateMove" name="test_tictactoe_medium_calculated_move" time="0.546" /><testcase classname="backend.tests.test_ai_practice.TestAIPracticeCalculateMove" name="test_tictactoe_hard_minimax" time="0.539" /><testcase classname="backend.tests.test_ai_practice.TestAIPracticeCalculateMove" name="test_tictactoe_blocks_winning_move" time="0.157" /><testcase classname="backend.tests.test_ai_practice.TestAIPracticeCalculateMove" name="test_tictactoe_takes_winning_move" time="0.107" /><testcase classname="backend.tests.test_ai_practice.TestAIPracticeCalculateMove" name="test_connect4_easy_random" time="0.261" /><testcase classname="backend.tests.test_ai_practice.TestAIPracticeCalculateMove" name="test_connect4_medium_positional" time="0.118" /><testcase classname="backend.tests.test_ai_practice.TestAIPracticeCalculateMove" name="test_connect4_hard_advanced" time="0.108" /><testcase classname="backend.tests.test_ai_practice.TestAIPracticeCalculateMove" name="test_chess_easy_random" time="0.103" /><testcase classname="backend.tests.test_ai_practice.TestAIPracticeCalculateMove" name="test_chess_medium_tactical" time="0.104" /><testcase classname="backend.tests.test_ai_practice.TestAIPracticeCalculateMove" name="test_chess_no_moves_resign" time="0.100" /><testcase classname="backend.tests.test_ai_practice.TestAIPracticeCalculateMove" name="test_poker_easy_fold_weak_hand" time="0.158" /><testcase classname="backend.tests.test_ai_practice.TestAIPracticeCalculateMove" name="test_poker_medium_call_decent_hand" time="0.113" /><testcase classname="backend.tests.test_ai_practice.TestAIPracticeCalculateMove" name="test_poker_hard_value_bet" time="0.108" /><testcase classname="backend.tests.test_ai_practice.TestAIPracticeCalculateMove" name="test_rps_easy_random" time="0.104" /><testcase classname="backend.tests.test_ai_practice.TestAIPracticeCalculateMove" name="test_rps_medium_pattern_recognition" time="0.104" /><testcase classname="backend.tests.test_ai_practice.TestAIPracticeCalculateMove" name="test_rps_hard_advanced_pattern" time="0.107" /><testcase classname="backend.tests.test_ai_practice.TestAIPracticeCalculateMove" name="test_checkers_easy_random" time="0.124" /><testcase classname="backend.tests.test_ai_practice.TestAIPracticeCalculateMove" name="test_checkers_hard_prefers_capture" time="0.105" /><testcase classname="backend.tests.test_ai_practice.TestAIPracticeCalculateMove" name="test_checkers_no_moves" time="0.108" /><testcase classname="backend.tests.test_ai_practice.TestAIPracticeCalculateMove" name="test_battleship_easy_random" time="0.092" /><testcase classname="backend.tests.test_ai_practice.TestAIPracticeCalculateMove" name="test_battleship_medium_target_mode" time="0.103" /><testcase classname="backend.tests.test_ai_practice.TestAIPracticeCalculateMove" name="test_battleship_hard_hunt_pattern" time="0.103" /><testcase classname="backend.tests.test_ai_practice.TestAIPracticeCalculateMove" name="test_generic_easy_random" time="0.130" /><testcase classname="backend.tests.test_ai_practice.TestAIPracticeCalculateMove" name="test_generic_hard_optimal" time="0.102" /><testcase classname="backend.tests.test_ai_practice.TestAIPracticeCalculateMove" name="test_generic_no_moves" time="0.121" /><testcase classname="backend.tests.test_ai_practice.TestAIPracticeCalculateMove" name="test_thinking_time_easy" time="0.122" /><testcase classname="backend.tests.test_ai_practice.TestAIPracticeCalculateMove" name="test_thinking_time_hard" time="4.034" /><testcase classname="backend.tests.test_ai_practice.TestAIPracticeSession" name="test_start_session_success" time="0.130" /><testcase classname="backend.tests.test_ai_practice.TestAIPracticeSession" name="test_start_session_different_games" time="0.437" /><testcase classname="backend.tests.test_ai_practice.TestAIPracticeSession" name="test_start_session_all_difficulties" time="0.321" /><testcase classname="backend.tests.test_ai_practice.TestAIPracticeStats" name="test_get_stats_new_user" time="0.102" /><testcase classname="backend.tests.test_ai_practice.TestAIPracticeStats" name="test_get_stats_after_sessions" time="0.588" /><testcase classname="backend.tests.test_ai_practice.TestAIPracticeEdgeCases" name="test_case_insensitive_game_type" time="0.125" /><testcase classname="backend.tests.test_ai_practice.TestAIPracticeEdgeCases" name="test_case_insensitive_difficulty" time="0.104" /><testcase classname="backend.tests.test_ai_practice.TestAIPracticeEdgeCases" name="test_default_difficulty" time="0.108" /><testcase classname="backend.tests.test_ai_practice.TestAIPracticeEdgeCases" name="test_empty_player_history" time="0.109" /><testcase classname="backend.tests.test_ai_practice.TestAIPracticeEdgeCases" name="test_full_tictactoe_board" time="0.123" /></testsuite></testsuites>