<?xml version="1.0" encoding="utf-8"?><testsuites name="pytest tests"><testsuite name="pytest" errors="0" failures="0" skipped="0" tests="349" time="4.759" timestamp="2026-05-15T17:32:23.733776+00:00" hostname="agent-env-d18ffc68-6865-4910-bcea-395826c8d1cd"><testcase classname="tests.regression_shield" name="test_fastapi_imports_cleanly" time="4.147" /><testcase classname="tests.regression_shield" name="test_euchre_engine_boots" time="0.000" /><testcase classname="tests.regression_shield" name="test_pinochle_engine_boots" time="0.000" /><testcase classname="tests.regression_shield" name="test_hearts_engine_boots" time="0.000" /><testcase classname="tests.regression_shield" name="test_gin_rummy_to_view_exposes_meld_groups" time="0.000" /><testcase classname="tests.regression_shield" name="test_rummy_to_view_exposes_meld_groups" time="0.000" /><testcase classname="tests.regression_shield" name="test_dominoes_engine_boots" time="0.000" /><testcase classname="tests.regression_shield" name="test_coming_soon_list_exists_and_is_populated" time="0.001" /><testcase classname="tests.regression_shield" name="test_privy_button_has_self_hide_guard" time="0.001" /><testcase classname="tests.regression_shield" name="test_demo_login_seeds_credits" time="0.000" /><testcase classname="tests.regression_shield" name="test_dockerfile_has_node_heap_bump" time="0.002" /><testcase classname="tests.regression_shield" name="test_hearts_pass_modal_ink_is_dark" time="0.001" /><testcase classname="tests.regression_shield" name="test_euchre_hand_visible_during_bidding" time="0.000" /><testcase classname="tests.regression_shield" name="test_pinochle_hand_visible_during_bidding" time="0.000" /><testcase classname="tests.regression_shield" name="test_baccarat_has_canonical_route" time="0.001" /><testcase classname="tests.regression_shield" name="test_baccarat_uses_vibez_coins_not_usd" time="0.001" /><testcase classname="tests.regression_shield" name="test_chair_orb_component_exists" time="0.001" /><testcase classname="tests.regression_shield" name="test_coming_soon_overlay_component_exists" time="0.000" /><testcase classname="tests.regression_shield" name="test_quick_emoji_button_component_exists" time="0.000" /><testcase classname="tests.regression_shield" name="test_hand_fan_sorts_by_suit" time="0.001" /><testcase classname="tests.regression_shield" name="test_round_modal_auto_advances_5s" time="0.001" /><testcase classname="tests.regression_shield" name="test_euchre_scoring_auto_advances" time="0.000" /><testcase classname="tests.regression_shield" name="test_pinochle_scoring_auto_advances" time="0.000" /><testcase classname="tests.regression_shield" name="test_login_card_not_globally_hoverable" time="0.000" /><testcase classname="tests.regression_shield" name="test_vibe_654_social_routes_mounted" time="0.001" /><testcase classname="tests.regression_shield" name="test_vibe_654_coliseum_component_exists" time="0.001" /><testcase classname="tests.regression_shield" name="test_vibe_654_hype_fee_is_one_coin" time="0.000" /><testcase classname="tests.regression_shield" name="test_vibe_654_sidebet_settlement_hook_wired" time="0.000" /><testcase classname="tests.regression_shield" name="test_vibe_654_solo_high_roller_route_registered" time="0.000" /><testcase classname="tests.regression_shield" name="test_card_multiplayer_routes_mounted" time="0.000" /><testcase classname="tests.regression_shield" name="test_card_mp_room_page_and_routes_exist" time="0.000" /><testcase classname="tests.regression_shield" name="test_euchre_pinochle_have_multiplayer_cta" time="0.000" /><testcase classname="tests.regression_shield" name="test_stale_http_multiplayer_card_games_redirect" time="0.001" /><testcase classname="tests.regression_shield" name="test_vibez_654_solo_accepts_credits_balance_wallet" time="0.001" /><testcase classname="tests.regression_shield" name="test_vibez_654_solo_uses_5_dice_654_rules" time="0.000" /><testcase classname="tests.regression_shield" name="test_vibez_654_prescription_wallet_fallback_works" time="0.000" /><testcase classname="tests.regression_shield" name="test_vibedice_premium_uses_real_user_id_and_table" time="0.001" /><testcase classname="tests.regression_shield" name="test_vibe654_solo_dice_tray_hides_qualifier_tiles" time="0.001" /><testcase classname="tests.regression_shield" name="test_decision_popdown_is_centered_not_top_anchored" time="0.001" /><testcase classname="tests.regression_shield" name="test_socketio_handlers_have_type_hints" time="0.009" /><testcase classname="tests.regression_shield" name="test_vibe654_play_picks_highest_balance_wallet" time="0.000" /><testcase classname="tests.regression_shield" name="test_solo_vault_decision_dock_is_side_mounted" time="0.001" /><testcase classname="tests.regression_shield" name="test_room_menu_bar_component_with_themes" time="0.001" /><testcase classname="tests.regression_shield" name="test_spades_hand_fan_scales_on_mobile" time="0.000" /><testcase classname="tests.regression_shield" name="test_aaa_top_bars_wrap_on_mobile" time="0.003" /><testcase classname="tests.regression_shield" name="test_vibe_rooms_use_compressed_single_viewport_layout" time="0.001" /><testcase classname="tests.regression_shield" name="test_coliseum_center_stage_shows_live_qualifier_chips" time="0.000" /><testcase classname="tests.regression_shield" name="test_vibedice_premium_drawer_toggles_present" time="0.001" /><testcase classname="tests.regression_shield" name="test_universal_2_to_20_player_signaling_endpoint_present" time="0.001" /><testcase classname="tests.regression_shield" name="test_http_room_shell_unifies_legacy_multiplayer_pages" time="0.001" /><testcase classname="tests.regression_shield" name="test_privy_auth_skips_preview_domains" time="0.001" /><testcase classname="tests.regression_shield" name="test_coliseum_e2e_probe_file_present" time="0.001" /><testcase classname="tests.regression_shield" name="test_vibe_room_voice_does_real_webrtc_negotiation" time="0.000" /><testcase classname="tests.regression_shield" name="test_http_multiplayer_pages_drop_redundant_inline_headers" time="0.010" /><testcase classname="tests.regression_shield" name="test_dominoes_chain_uses_master_plan_dynamic_tile_scale" time="0.000" /><testcase classname="tests.regression_shield" name="test_vibe_room_voice_has_turn_fallback_and_ptt" time="0.000" /><testcase classname="tests.regression_shield" name="test_no_jsx_files_remain_in_frontend" time="0.003" /><testcase classname="tests.regression_shield" name="test_auth_dependency_accepts_bearer_header" time="0.001" /><testcase classname="tests.regression_shield" name="test_power_hour_master_plan_v4_endpoint_present" time="0.002" /><testcase classname="tests.regression_shield" name="test_sponsor_achievement_v4_endpoint_present" time="0.000" /><testcase classname="tests.regression_shield" name="test_power_hour_badge_frontend_component_present" time="0.001" /><testcase classname="tests.regression_shield" name="test_vibe_drive_vote_skip_endpoint_present" time="0.000" /><testcase classname="tests.regression_shield" name="test_vibe_drive_auto_dj_endpoints_present" time="0.001" /><testcase classname="tests.regression_shield" name="test_vibe_drive_tip_skip_and_tip_add_endpoints_present" time="0.001" /><testcase classname="tests.regression_shield" name="test_sovereign_engine_economy_status_endpoint_present" time="0.001" /><testcase classname="tests.regression_shield" name="test_v10_solana_bridge_constants_and_endpoint" time="0.000" /><testcase classname="tests.regression_shield" name="test_v12_ai_governor_burn_slide_formula" time="0.000" /><testcase classname="tests.regression_shield" name="test_v12_ambassador_dividend_and_override_and_founder_vault" time="0.000" /><testcase classname="tests.regression_shield" name="test_sovereign_ops_routes_mounted" time="0.002" /><testcase classname="tests.regression_shield" name="test_bridge_request_prefers_funded_wallet_field" time="0.000" /><testcase classname="tests.regression_shield" name="test_wallet_field_helper_adopted_across_routes" time="0.157" /><testcase classname="tests.regression_shield" name="test_inactivity_run_is_race_safe_with_cas_and_rebenchmark" time="0.000" /><testcase classname="tests.regression_shield" name="test_chair_hall_infinity_table_page_present" time="0.001" /><testcase classname="tests.regression_shield" name="test_sponsor_admin_panel_mounted_in_god_mode" time="0.001" /><testcase classname="tests.regression_shield" name="test_sovereign_validator_joker_power_indexing" time="0.000" /><testcase classname="tests.regression_shield" name="test_sovereign_validator_turn_timer_watchdog" time="0.000" /><testcase classname="tests.regression_shield" name="test_sovereign_validator_spades_and_hearts_scoring" time="0.000" /><testcase classname="tests.regression_shield" name="test_sovereign_validator_hand_broadcast_and_tax" time="0.000" /><testcase classname="tests.regression_shield" name="test_bid_whist_routes_delegate_to_sovereign_validator" time="0.000" /><testcase classname="tests.regression_shield" name="test_card_game_payouts_wire_sovereign_tax" time="0.000" /><testcase classname="tests.regression_shield" name="test_turn_timer_route_and_stamp_wired" time="0.000" /><testcase classname="tests.regression_shield" name="test_chair_ladder_is_final_3_tier_shape" time="0.002" /><testcase classname="tests.regression_shield" name="test_sovereign_mining_v1_pure_functions_green" time="0.000" /><testcase classname="tests.regression_shield" name="test_sovereign_mining_routes_mounted" time="0.000" /><testcase classname="tests.regression_shield" name="test_bridge_enforces_30_day_maturity_lock" time="0.001" /><testcase classname="tests.regression_shield" name="test_chair_holder_voting_routes_and_files_renamed" time="0.000" /><testcase classname="tests.regression_shield" name="test_v8_gisa_agent_module_imports" time="0.000" /><testcase classname="tests.regression_shield" name="test_v8_localization_canonical_country_matrix" time="0.000" /><testcase classname="tests.regression_shield" name="test_v8_cultural_onboarding_4_canonical_steps" time="0.000" /><testcase classname="tests.regression_shield" name="test_v8_landing_marketing_onesheet_copy_present" time="0.002" /><testcase classname="tests.regression_shield" name="test_v8_globe_fab_and_cultural_hub_components_exist" time="0.001" /><testcase classname="tests.regression_shield" name="test_v8_locked_spec_files_present" time="0.001" /><testcase classname="tests.regression_shield" name="test_tictactoe_5_in_a_row_locked" time="0.008" /><testcase classname="tests.regression_shield" name="test_ai_dealer_voice_toggle_utility_exists" time="0.001" /><testcase classname="tests.regression_shield" name="test_settings_page_has_ai_dealer_and_language_tabs" time="0.001" /><testcase classname="tests.regression_shield" name="test_vibez_654_uses_canonical_premium_dice" time="0.001" /><testcase classname="tests.regression_shield" name="test_poker_betting_station_pinned" time="0.001" /><testcase classname="tests.regression_shield" name="test_3d_poker_room_deleted" time="0.002" /><testcase classname="tests.regression_shield" name="test_video_upload_accepts_streaming_multipart" time="0.001" /><testcase classname="tests.regression_shield" name="test_dashboard_surfaces_just_for_the_night" time="0.002" /><testcase classname="tests.regression_shield" name="test_dashboard_date_spot_route_fixed" time="0.000" /><testcase classname="tests.regression_shield" name="test_dashboard_surfaces_v8_features" time="0.000" /><testcase classname="tests.regression_shield" name="test_game_voice_dock_globally_mounted" time="0.002" /><testcase classname="tests.regression_shield" name="test_universal_turn_indicator_rolled_out" time="0.000" /><testcase classname="tests.regression_shield" name="test_streaming_pages_have_voice_coverage" time="0.001" /><testcase classname="tests.regression_shield" name="test_dsg_music_group_hub_room_exists" time="0.001" /><testcase classname="tests.regression_shield" name="test_vibe_tv_hub_room_exists" time="0.000" /><testcase classname="tests.regression_shield" name="test_dsg_matchmaking_alias_routed" time="0.000" /><testcase classname="tests.regression_shield" name="test_phase3_cinematic_components_exist" time="0.002" /><testcase classname="tests.regression_shield" name="test_phase2_score_panel_and_special_state_components_exist" time="0.001" /><testcase classname="tests.regression_shield" name="test_phase3_cinematics_wired_into_target_rooms" time="0.001" /><testcase classname="tests.regression_shield" name="test_streaming_voice_route_for_vibe_tv_main" time="0.000" /><testcase classname="tests.regression_shield" name="test_vibe_tv_channel_player_live_room_exists" time="0.001" /><testcase classname="tests.regression_shield" name="test_memory_bank_cinema_room_exists" time="0.001" /><testcase classname="tests.regression_shield" name="test_ball_spin_audio_wired" time="0.001" /><testcase classname="tests.regression_shield" name="test_poker_practice_chip_toss_wired" time="0.001" /><testcase classname="tests.regression_shield" name="test_landing_ctas_resolve" time="0.014" /><testcase classname="tests.regression_shield" name="test_vibe_tv_up_next_backfills_to_three" time="0.000" /><testcase classname="tests.regression_shield" name="test_gisa_visual_parity_deterministically_passes" time="0.001" /><testcase classname="tests.regression_shield" name="test_sovereign_v9_1_test_loads_canonical_dotenv" time="0.001" /><testcase classname="tests.regression_shield" name="test_beta_waitlist_route_and_page_exist" time="0.003" /><testcase classname="tests.regression_shield" name="test_aaa_casino_table_enhancer_present" time="0.003" /><testcase classname="tests.regression_shield" name="test_beta_tester_seeder_wired" time="0.000" /><testcase classname="tests.regression_shield" name="test_landing_language_switcher_in_safe_portal" time="0.001" /><testcase classname="tests.regression_shield" name="test_translation_bridge_wired" time="0.002" /><testcase classname="tests.regression_shield" name="test_landing_has_public_room_shortcuts" time="0.000" /><testcase classname="tests.regression_shield" name="test_nova_dealer_removed_from_vibe_dice_654" time="0.000" /><testcase classname="tests.regression_shield" name="test_chair_counter_circular_import_broken" time="0.001" /><testcase classname="tests.regression_shield" name="test_casino_rng_uses_secure_systemrandom" time="0.000" /><testcase classname="tests.regression_shield" name="test_user_auth_fetch_does_not_use_credentials_include" time="0.001" /><testcase classname="tests.regression_shield" name="test_yellow_pages_router_mounted" time="0.000" /><testcase classname="tests.regression_shield" name="test_yellow_pages_pricing_locked" time="0.000" /><testcase classname="tests.regression_shield" name="test_yellow_pages_adult_category_double_gated" time="0.000" /><testcase classname="tests.regression_shield" name="test_yellow_pages_landing_cta_present" time="0.000" /><testcase classname="tests.regression_shield" name="test_yellow_pages_dashboard_pillar_tile_present" time="0.000" /><testcase classname="tests.regression_shield" name="test_jftn_demo_room_seeder_wired" time="0.001" /><testcase classname="tests.regression_shield" name="test_jftn_wallet_uses_canonical_credits_balance" time="0.000" /><testcase classname="tests.regression_shield" name="test_jftn_demo_seed_videos_publicly_reachable" time="0.000" /><testcase classname="tests.regression_shield" name="test_beta_tester_seeded_with_buy_in_balance" time="0.000" /><testcase classname="tests.regression_shield" name="test_coin_topup_router_mounted_with_locked_packs" time="0.000" /><testcase classname="tests.regression_shield" name="test_jftn_modal_offers_topup_on_insufficient_balance" time="0.001" /><testcase classname="tests.regression_shield" name="test_marketplace_demo_seeder_wired" time="0.001" /><testcase classname="tests.regression_shield" name="test_unified_coin_wallet_helpers" time="0.001" /><testcase classname="tests.regression_shield" name="test_yellow_pages_supports_coin_payment" time="0.001" /><testcase classname="tests.regression_shield" name="test_hungryvibes_and_viberidez_support_coin_payment" time="0.000" /><testcase classname="tests.regression_shield" name="test_burn_counter_widget_pinned_to_landing_page" time="0.001" /><testcase classname="tests.regression_shield" name="test_admin_role_checks_protect_sensitive_endpoints" time="0.002" /><testcase classname="tests.regression_shield" name="test_jftn_and_social_features_are_mongo_backed" time="0.000" /><testcase classname="tests.regression_shield" name="test_staff_management_password_hashing_and_email" time="0.000" /><testcase classname="tests.regression_shield" name="test_my_vibez_uploads_persist_to_disk" time="0.000" /><testcase classname="tests.regression_shield" name="test_burn_counter_endpoint_registered" time="0.001" /><testcase classname="tests.regression_shield" name="test_voice_coach_router_registered" time="0.001" /><testcase classname="tests.regression_shield" name="test_voice_coach_uses_emergent_llm_key" time="0.000" /><testcase classname="tests.regression_shield" name="test_roguelite_chess_router_registered" time="0.001" /><testcase classname="tests.regression_shield" name="test_roguelite_chess_default_lives" time="0.000" /><testcase classname="tests.regression_shield" name="test_roguelite_chess_scoring_locked" time="0.000" /><testcase classname="tests.regression_shield" name="test_holopiece_static_mode_exists" time="0.001" /><testcase classname="tests.regression_shield" name="test_chess_rooms_use_holopiece_static_mode" time="0.001" /><testcase classname="tests.regression_shield" name="test_commhub_inline_inside_room_menu_bar" time="0.001" /><testcase classname="tests.regression_shield" name="test_commhub_button_in_every_aaa_game" time="0.000" /><testcase classname="tests.regression_shield" name="test_battle_mode_primitives_exist" time="0.001" /><testcase classname="tests.regression_shield" name="test_universal_shot_clock_components" time="0.001" /><testcase classname="tests.regression_shield" name="test_aaa_card_shaders_global" time="0.001" /><testcase classname="tests.regression_shield" name="test_landing_language_switcher_sticky" time="0.000" /><testcase classname="tests.regression_shield" name="test_dashboard_route_uses_DashboardNew" time="0.000" /><testcase classname="tests.regression_shield" name="test_18_rooms_present_in_hub" time="0.000" /><testcase classname="tests.regression_shield" name="test_immutable_core_constants_locked" time="0.000" /><testcase classname="tests.regression_shield" name="test_immutable_core_router_registered" time="0.001" /><testcase classname="tests.regression_shield" name="test_immutable_core_verify_at_boot" time="0.000" /><testcase classname="tests.regression_shield" name="test_legacy_vault_page_exists_and_routes" time="0.001" /><testcase classname="tests.regression_shield" name="test_vigilant_design_agent_mounted" time="0.001" /><testcase classname="tests.regression_shield" name="test_landscape_zoom_to_fit_locked" time="0.000" /><testcase classname="tests.regression_shield" name="test_trick_pile_offsets_tight_and_centered" time="0.001" /><testcase classname="tests.regression_shield" name="test_vigilant_agent_audits_pile_centering" time="0.000" /><testcase classname="tests.regression_shield" name="test_dsg_guard_constants_locked" time="0.000" /><testcase classname="tests.regression_shield" name="test_dsg_guard_routes_mounted" time="0.001" /><testcase classname="tests.regression_shield" name="test_dsg_guard_payout_buckets_sum_to_one" time="0.000" /><testcase classname="tests.regression_shield" name="test_orientation_toggle_component_exists" time="0.001" /><testcase classname="tests.regression_shield" name="test_orientation_toggle_in_room_menu_bar" time="0.000" /><testcase classname="tests.regression_shield" name="test_app_mounts_orientation_globals" time="0.000" /><testcase classname="tests.regression_shield" name="test_mobile_foundation_css_loaded" time="0.001" /><testcase classname="tests.regression_shield" name="test_viewport_meta_supports_safe_areas" time="0.000" /><testcase classname="tests.regression_shield" name="test_streamer_actions_constants_locked" time="0.000" /><testcase classname="tests.regression_shield" name="test_streamer_actions_routes_mounted" time="0.000" /><testcase classname="tests.regression_shield" name="test_streamer_actions_payout_buckets_sum_to_one" time="0.000" /><testcase classname="tests.regression_shield" name="test_blackjack_action_endpoint_no_player_cards_keyerror" time="0.000" /><testcase classname="tests.regression_shield" name="test_beat_dlc_routes_mounted" time="0.000" /><testcase classname="tests.regression_shield" name="test_beat_dlc_share_split_locked" time="0.000" /><testcase classname="tests.regression_shield" name="test_may_2026_pdf_rooms_routed" time="0.000" /><testcase classname="tests.regression_shield" name="test_dashboard_surfaces_new_rooms" time="0.000" /><testcase classname="tests.regression_shield" name="test_p1_p2_rooms_routed" time="0.000" /><testcase classname="tests.regression_shield" name="test_tv_survive_scheduler_registered" time="0.000" /><testcase classname="tests.regression_shield" name="test_hideseek_uses_mapbox" time="0.001" /><testcase classname="tests.regression_shield" name="test_totem_pole_constants_locked" time="0.000" /><testcase classname="tests.regression_shield" name="test_totem_pole_routes_mounted" time="0.000" /><testcase classname="tests.regression_shield" name="test_music_tv_rooms_routed" time="0.000" /><testcase classname="tests.regression_shield" name="test_streamer_setup_guide_marketing_page" time="0.001" /><testcase classname="tests.regression_shield" name="test_jftn_discovery_dual_rails" time="0.001" /><testcase classname="tests.regression_shield" name="test_jftn_library_has_18plus_rooms" time="0.000" /><testcase classname="tests.regression_shield" name="test_sound_check_leaderboard_module_exists" time="0.000" /><testcase classname="tests.regression_shield" name="test_sound_check_vote_broadcasts" time="0.000" /><testcase classname="tests.regression_shield" name="test_roadmap_floating_food_menu_globally_mounted" time="0.001" /><testcase classname="tests.regression_shield" name="test_roadmap_ride_home_button_in_dashboard" time="0.000" /><testcase classname="tests.regression_shield" name="test_roadmap_chair_perks_endpoint_and_service" time="0.000" /><testcase classname="tests.regression_shield" name="test_roadmap_chat_broadcast_carries_chair_perks" time="0.002" /><testcase classname="tests.regression_shield" name="test_landing_header_enhanced_is_fixed_and_glassmorphic" time="0.000" /><testcase classname="tests.regression_shield" name="test_landing_uses_enhanced_header_and_room_tint_overlay" time="0.000" /><testcase classname="tests.regression_shield" name="test_landing_feature_accordions_mounted_with_three_cards" time="0.000" /><testcase classname="tests.regression_shield" name="test_landing_vibez_coin_3d_uses_three_fiber" time="0.000" /><testcase classname="tests.regression_shield" name="test_dashboard_hungryvibes_tile_uses_canonical_path" time="0.000" /><testcase classname="tests.regression_shield" name="test_hungryvibes_consumer_route_is_registered" time="0.000" /><testcase classname="tests.regression_shield" name="test_games_menu_chess_route_is_canonical_practice_play_chess" time="0.002" /><testcase classname="tests.regression_shield" name="test_practice_chess_legacy_path_redirects" time="0.000" /><testcase classname="tests.regression_shield" name="test_vigilant_agent_scripts_exist_and_have_required_apis" time="0.002" /><testcase classname="tests.regression_shield" name="test_corner_dock_no_longer_mounted_in_app" time="0.000" /><testcase classname="tests.regression_shield" name="test_legacy_fabs_use_corner_dock_trigger_hook" time="0.002" /><testcase classname="tests.regression_shield" name="test_protected_route_auto_mounts_page_action_strip" time="0.000" /><testcase classname="tests.regression_shield" name="test_unified_chrome_bar_owns_corner_real_estate" time="0.000" /><testcase classname="tests.regression_shield" name="test_bid_whist_cards_land_near_center_table_logo" time="0.000" /><testcase classname="tests.regression_shield" name="test_not_found_page_replaces_wildcard_redirect" time="0.001" /><testcase classname="tests.regression_shield" name="test_mongo_health_check_at_startup" time="0.000" /><testcase classname="tests.regression_shield" name="test_vibez_654_residual_dice_contract" time="0.000" /><testcase classname="tests.regression_shield" name="test_whats_new_banner_hidden_on_card_rooms" time="0.001" /><testcase classname="tests.regression_shield" name="test_protected_route_skips_action_strip_on_fullscreen_games" time="0.000" /><testcase classname="tests.regression_shield" name="test_vibez654_classic_page_speaks_5dice_protocol" time="0.000" /><testcase classname="tests.regression_shield" name="test_photosensitive_safe_card_styles" time="0.000" /><testcase classname="tests.regression_shield" name="test_cinema_room_route_and_backend_wired" time="0.000" /><testcase classname="tests.regression_shield" name="test_cinema_room_date_night_mode" time="0.000" /><testcase classname="tests.regression_shield" name="test_beta_tester_accessibility_chip" time="0.000" /><testcase classname="tests.regression_shield" name="test_in_room_comms_launcher_mounted_on_fullscreen_games" time="0.001" /><testcase classname="tests.regression_shield" name="test_cinema_room_date_night_cross_link_to_dating" time="0.000" /><testcase classname="tests.regression_shield" name="test_landing_tour_supports_multilanguage_manifest" time="0.002" /><testcase classname="tests.regression_shield" name="test_integrity_protocol_routes_and_constants_locked" time="0.001" /><testcase classname="tests.regression_shield" name="test_sovereign_tiers_pricing_math_locked" time="0.001" /><testcase classname="tests.regression_shield" name="test_card_room_geometry_pdf_spec_locked" time="0.000" /><testcase classname="tests.regression_shield" name="test_p2_underground_live_routes_wired" time="0.002" /><testcase classname="tests.regression_shield" name="test_p2_free_spectator_bet_routes_wired" time="0.000" /><testcase classname="tests.regression_shield" name="test_p2_receipt_ocr_routes_and_constants_locked" time="0.001" /><testcase classname="tests.regression_shield" name="test_room_info_cube_globally_mounted" time="0.001" /><testcase classname="tests.regression_shield" name="test_sports_lounge_no_longer_depends_on_rapidapi" time="0.000" /><testcase classname="tests.regression_shield" name="test_volumetric_dashboard_default_and_opt_out" time="0.001" /><testcase classname="tests.regression_shield" name="test_personal_homeworld_wired_end_to_end" time="0.001" /><testcase classname="tests.regression_shield" name="test_wallet_login_removed_phantom_moved_to_wallet_page" time="0.001" /><testcase classname="tests.regression_shield" name="test_jftn_season_pass_password_gift_wired" time="0.000" /><testcase classname="tests.regression_shield" name="test_live_activity_ticker_wired" time="0.001" /><testcase classname="tests.regression_shield" name="test_admin_activity_pulse_wired" time="0.001" /><testcase classname="tests.regression_shield" name="test_profile_setup_white_card_text_visible" time="0.001" /><testcase classname="tests.regression_shield" name="test_dashboard_view_toggle_uses_switch_helper" time="0.000" /><testcase classname="tests.regression_shield" name="test_role_switcher_globally_mounted" time="0.001" /><testcase classname="tests.regression_shield" name="test_hungryvibes_merchant_fulfillment_loop_wired" time="0.001" /><testcase classname="tests.regression_shield" name="test_hungryvibes_test_order_button_wired" time="0.001" /><testcase classname="tests.regression_shield" name="test_streamer_dashboard_wired" time="0.001" /><testcase classname="tests.regression_shield" name="test_vibe_venues_host_dashboard_wired" time="0.001" /><testcase classname="tests.regression_shield" name="test_unified_earnings_widget_wired" time="0.001" /><testcase classname="tests.regression_shield" name="test_hungryvibes_customer_order_tracking_wired" time="0.001" /><testcase classname="tests.regression_shield" name="test_vibe_venues_test_booking_endpoint_wired" time="0.001" /><testcase classname="tests.regression_shield" name="test_dashboard_view_remember_toast_wired" time="0.000" /><testcase classname="tests.regression_shield" name="test_role_aware_deep_link_url_wired" time="0.000" /><testcase classname="tests.regression_shield" name="test_production_smoke_test_card_wired" time="0.001" /><testcase classname="tests.regression_shield" name="test_geo_proximity_ride_matching_already_wired" time="0.000" /><testcase classname="tests.regression_shield" name="test_smartstack_driver_delivery_offer_already_wired" time="0.001" /><testcase classname="tests.regression_shield" name="test_stripe_connect_express_scaffolded" time="0.002" /><testcase classname="tests.regression_shield" name="test_landing_tour_video_clips_extended_keeping_dice_first" time="0.000" /><testcase classname="tests.regression_shield" name="test_volumetric_planet_carousel_nav_wired" time="0.000" /><testcase classname="tests.regression_shield" name="test_volumetric_webgl_unavailable_fallback_wired" time="0.001" /><testcase classname="tests.regression_shield" name="test_volumetric_planet_labels_visible_from_overview" time="0.000" /><testcase classname="tests.regression_shield" name="test_beta_cohort_report_card_wired" time="0.001" /><testcase classname="tests.regression_shield" name="test_volumetric_dashboard_code_split" time="0.000" /><testcase classname="tests.regression_shield" name="test_hungryvibes_delivery_progress_map_mounted" time="0.001" /><testcase classname="tests.regression_shield" name="test_ridez_nearby_drivers_endpoint_and_map" time="0.002" /><testcase classname="tests.regression_shield" name="test_push_notifications_hook_and_prompt_wired" time="0.002" /><testcase classname="tests.regression_shield" name="test_vibe_venues_refund_policies_and_gallery" time="0.001" /><testcase classname="tests.regression_shield" name="test_stripe_connect_wizard_route_and_steps" time="0.001" /><testcase classname="tests.regression_shield" name="test_offline_service_worker_versioned" time="0.000" /><testcase classname="tests.regression_shield" name="test_economic_engine_constants_match_spec" time="0.000" /><testcase classname="tests.regression_shield" name="test_economic_engine_burn_rate_curve_endpoints" time="0.000" /><testcase classname="tests.regression_shield" name="test_economic_engine_credits_conversion_helpers" time="0.000" /><testcase classname="tests.regression_shield" name="test_economic_engine_revenue_split_50_50" time="0.000" /><testcase classname="tests.regression_shield" name="test_economic_engine_dynamic_price_formula" time="0.000" /><testcase classname="tests.regression_shield" name="test_economic_engine_routes_registered" time="0.001" /><testcase classname="tests.regression_shield" name="test_economic_engine_card_and_page_mounted" time="0.001" /><testcase classname="tests.regression_shield" name="test_definitive_economy_positioning_app_wide" time="0.001" /><testcase classname="tests.regression_shield" name="test_definitive_economy_convert_endpoint_round_trips" time="0.000" /><testcase classname="tests.regression_shield" name="test_avp_constants_match_spec" time="0.000" /><testcase classname="tests.regression_shield" name="test_avp_age_calc_and_eligibility" time="0.000" /><testcase classname="tests.regression_shield" name="test_avp_menu_shadow_gate_strips_restricted_items" time="0.000" /><testcase classname="tests.regression_shield" name="test_avp_routes_registered" time="0.000" /><testcase classname="tests.regression_shield" name="test_avp_constants_endpoint_public" time="0.007" /><testcase classname="tests.regression_shield" name="test_avp_frontend_surfaces_wired" time="0.001" /><testcase classname="tests.regression_shield" name="test_avp_restaurant_detail_shadow_gates_restricted" time="0.000" /><testcase classname="tests.regression_shield" name="test_corrected_kyc_decision_matrix" time="0.000" /><testcase classname="tests.regression_shield" name="test_corrected_kyc_stripe_identity_provider" time="0.000" /><testcase classname="tests.regression_shield" name="test_corrected_kyc_delivery_refusal_taxonomy" time="0.000" /><testcase classname="tests.regression_shield" name="test_corrected_kyc_endpoints_registered" time="0.001" /><testcase classname="tests.regression_shield" name="test_corrected_kyc_constants_endpoint_surfaces_vendor_info" time="0.003" /><testcase classname="tests.regression_shield" name="test_corrected_kyc_frontend_surfaces_vendor" time="0.000" /><testcase classname="tests.regression_shield" name="test_stripe_identity_webhook_dual_mode" time="0.000" /><testcase classname="tests.regression_shield" name="test_content_rights_spec_constants_locked" time="0.000" /><testcase classname="tests.regression_shield" name="test_content_rights_signed_download_token_lifecycle" time="0.000" /><testcase classname="tests.regression_shield" name="test_content_rights_metadata_blocklist_detection" time="0.000" /><testcase classname="tests.regression_shield" name="test_content_rights_endpoints_registered" time="0.000" /><testcase classname="tests.regression_shield" name="test_content_rights_policy_endpoint_public" time="0.013" /><testcase classname="tests.regression_shield" name="test_content_rights_frontend_surfaces_wired" time="0.002" /><testcase classname="tests.regression_shield" name="test_dmca_designated_agent_registered" time="0.006" /><testcase classname="tests.regression_shield" name="test_volumetric_dashboard_every_tile_has_a_route" time="0.001" /><testcase classname="tests.regression_shield" name="test_video_vault_endpoints_and_page_wired" time="0.001" /><testcase classname="tests.regression_shield" name="test_beat_vault_content_rights_wiring" time="0.000" /><testcase classname="tests.regression_shield" name="test_cloudflare_stream_ingest_wired" time="0.002" /><testcase classname="tests.regression_shield" name="test_live_now_wall_and_watch_room_wired" time="0.002" /><testcase classname="tests.regression_shield" name="test_stripe_payouts_webhook_wired" time="0.000" /><testcase classname="tests.regression_shield" name="test_stripe_identity_webhook_handles_real_payload_shape" time="0.000" /><testcase classname="tests.regression_shield" name="test_featured_streamers_tier_wired" time="0.000" /><testcase classname="tests.regression_shield" name="test_cloudflare_stream_analytics_wired" time="0.001" /><testcase classname="tests.regression_shield" name="test_streamer_wrap_up_emails_wired" time="0.000" /><testcase classname="tests.regression_shield" name="test_games_have_no_fiat_signs" time="0.055" /><testcase classname="tests.regression_shield" name="test_games_enforce_50_coin_min_bet_floor" time="0.001" /><testcase classname="tests.regression_shield" name="test_blackjack_error_message_uses_coin_glyph_not_dollar" time="0.000" /><testcase classname="tests.regression_shield" name="test_streamer_referral_module_imports_and_routes_mount" time="0.000" /><testcase classname="tests.regression_shield" name="test_cloudflare_webhook_triggers_referral_payout" time="0.000" /><testcase classname="tests.regression_shield" name="test_signup_page_captures_ref_query_param" time="0.000" /><testcase classname="tests.regression_shield" name="test_streamer_studio_renders_referral_card" time="0.000" /><testcase classname="tests.regression_shield" name="test_platform_min_bet_constant_exists_and_is_50" time="0.000" /><testcase classname="tests.regression_shield" name="test_wave2_casino_routes_enforce_50_floor" time="0.000" /><testcase classname="tests.regression_shield" name="test_core_casino_floors_locked_at_50" time="0.000" /><testcase classname="tests.regression_shield" name="test_no_dollar_glyph_in_user_facing_game_strings" time="0.001" /><testcase classname="tests.regression_shield" name="test_streamer_follow_module_mounted" time="0.000" /><testcase classname="tests.regression_shield" name="test_cloudflare_webhook_fires_live_push_fanout" time="0.000" /><testcase classname="tests.regression_shield" name="test_watch_room_has_follow_button" time="0.000" /><testcase classname="tests.regression_shield" name="test_high_roller_economy_constants_locked" time="0.000" /><testcase classname="tests.regression_shield" name="test_high_roller_routes_registered" time="0.001" /><testcase classname="tests.regression_shield" name="test_high_roller_webhook_handles_vip_prefix" time="0.000" /><testcase classname="tests.regression_shield" name="test_high_roller_routes_mounted_in_registry" time="0.000" /><testcase classname="tests.regression_shield" name="test_high_roller_blackjack_isolates_min_bet_from_standard_games" time="0.000" /><testcase classname="tests.regression_shield" name="test_high_roller_frontend_pages_and_routes_wired" time="0.001" /><testcase classname="tests.regression_shield" name="test_scale_cache_helper_exists_and_is_safe_when_redis_disabled" time="0.001" /><testcase classname="tests.regression_shield" name="test_live_now_wall_sort_lambda_does_not_negate_strings" time="0.000" /><testcase classname="tests.regression_shield" name="test_scale_cache_wired_into_live_now_wall" time="0.000" /><testcase classname="tests.regression_shield" name="test_high_roller_indexes_registered_in_lifespan" time="0.000" /><testcase classname="tests.regression_shield" name="test_production_launch_script_exists" time="0.001" /><testcase classname="tests.regression_shield" name="test_master_stress_suite_exists" time="0.001" /><testcase classname="tests.regression_shield" name="test_vip_roulette_endpoints_registered" time="0.001" /><testcase classname="tests.regression_shield" name="test_vip_baccarat_endpoint_registered" time="0.000" /><testcase classname="tests.regression_shield" name="test_vip_roulette_payout_table_locked" time="0.000" /><testcase classname="tests.regression_shield" name="test_vip_roulette_red_number_set_matches_european_wheel" time="0.000" /><testcase classname="tests.regression_shield" name="test_vip_roulette_and_baccarat_frontend_pages_exist" time="0.001" /><testcase classname="tests.regression_shield" name="test_high_roller_lounge_surfaces_all_three_games" time="0.000" /><testcase classname="tests.regression_shield" name="test_vip_crown_badge_globally_mounted" time="0.000" /><testcase classname="tests.regression_shield" name="test_production_gunicorn_matches_master_blueprint" time="0.000" /><testcase classname="tests.regression_shield" name="test_stress_suite_timeout_matches_master_blueprint" time="0.000" /></testsuite></testsuites>