<?xml version="1.0" encoding="utf-8"?><testsuites name="pytest tests"><testsuite name="pytest" errors="0" failures="0" skipped="0" tests="14" time="3.362" timestamp="2026-05-11T12:37:03.767018+00:00" hostname="agent-env-d18ffc68-6865-4910-bcea-395826c8d1cd"><testcase classname="backend.tests.test_role_dashboard_sweep" name="test_season_pass_me_unauth_returns_401" time="1.886" /><testcase classname="backend.tests.test_role_dashboard_sweep" name="test_season_pass_me_auth_returns_200" time="0.384" /><testcase classname="backend.tests.test_role_dashboard_sweep" name="test_ride_endpoints_respond[/ride/driver-online]" time="0.065" /><testcase classname="backend.tests.test_role_dashboard_sweep" name="test_ride_endpoints_respond[/ride/driver/earnings]" time="0.072" /><testcase classname="backend.tests.test_role_dashboard_sweep" name="test_ride_endpoints_respond[/ride/driver/wallet]" time="0.069" /><testcase classname="backend.tests.test_role_dashboard_sweep" name="test_ride_endpoints_respond[/ride/driver/active]" time="0.064" /><testcase classname="backend.tests.test_role_dashboard_sweep" name="test_hungryvibes_endpoints_respond[/hungryvibes/merchant/menu]" time="0.065" /><testcase classname="backend.tests.test_role_dashboard_sweep" name="test_hungryvibes_endpoints_respond[/hungryvibes/merchant/promos]" time="0.065" /><testcase classname="backend.tests.test_role_dashboard_sweep" name="test_hungryvibes_endpoints_respond[/hungryvibes/merchant/orders]" time="0.063" /><testcase classname="backend.tests.test_role_dashboard_sweep" name="test_hungryvibes_endpoints_respond[/hungryvibes/restaurants]" time="0.062" /><testcase classname="backend.tests.test_role_dashboard_sweep" name="test_streamflow_endpoints_respond[/streamflow/driver/payouts]" time="0.074" /><testcase classname="backend.tests.test_role_dashboard_sweep" name="test_streamflow_endpoints_respond[/streamflow/streamer/payouts]" time="0.067" /><testcase classname="backend.tests.test_role_dashboard_sweep" name="test_streamflow_endpoints_respond[/streamflow/streamer/stats]" time="0.063" /><testcase classname="backend.tests.test_role_dashboard_sweep" name="test_login_betatester" time="0.284" /></testsuite></testsuites>