<?xml version="1.0" encoding="utf-8"?><testsuites name="pytest tests"><testsuite name="pytest" errors="0" failures="0" skipped="0" tests="49" time="4.431" timestamp="2026-04-27T04:54:24.959270+00:00" hostname="agent-env-d18ffc68-6865-4910-bcea-395826c8d1cd"><testcase classname="tests.test_iter_global_vibez_dsg_2026_01.TestRidezDispatchAndAutoPayout" name="test_no_drivers_branch_when_radius_empty" time="0.219" /><testcase classname="tests.test_iter_global_vibez_dsg_2026_01.TestRidezDispatchAndAutoPayout" name="test_escrow_flow_credits_on_complete_only" time="0.355" /><testcase classname="tests.test_iter_global_vibez_dsg_2026_01.TestDriverLocationEndpoint" name="test_unknown_driver_returns_404" time="0.049" /><testcase classname="tests.test_iter_global_vibez_dsg_2026_01.TestDriverLocationEndpoint" name="test_known_driver_returns_location_payload" time="0.100" /><testcase classname="tests.test_iter_global_vibez_dsg_2026_01.TestVibeSuitesMeBalance" name="test_unauthenticated_returns_401" time="0.106" /><testcase classname="tests.test_iter_global_vibez_dsg_2026_01.TestVibeSuitesMeBalance" name="test_bearer_auth_returns_balance" time="0.155" /><testcase classname="tests.test_iter_global_vibez_dsg_2026_01.TestVibeSuitesMeBalance" name="test_cookie_auth_returns_balance" time="0.052" /><testcase classname="tests.test_iter_global_vibez_dsg_2026_01.TestCryptoPayments" name="test_platform_receive_wallet" time="0.049" /><testcase classname="tests.test_iter_global_vibez_dsg_2026_01.TestCryptoPayments" name="test_create_deposit_sol_uses_platform_wallet_with_memo" time="0.051" /><testcase classname="tests.test_iter_global_vibez_dsg_2026_01.TestCryptoPayments" name="test_create_deposit_btc_uses_placeholder_and_no_memo" time="0.053" /><testcase classname="tests.test_iter_global_vibez_dsg_2026_01.TestRouterRegistrationRegression" name="test_router_path_returns_200[/api/crypto-payments/supported-currencies]" time="0.050" /><testcase classname="tests.test_iter_global_vibez_dsg_2026_01.TestRouterRegistrationRegression" name="test_router_path_returns_200[/api/crypto-payments/platform-receive-wallet]" time="0.060" /><testcase classname="tests.test_iter_global_vibez_dsg_2026_01.TestRouterRegistrationRegression" name="test_router_path_returns_200[/api/subscriptions/tiers]" time="0.047" /><testcase classname="tests.test_iter_global_vibez_dsg_2026_01.TestRideCompleteEdgeCases" name="test_complete_unknown_ride_id_returns_404" time="0.048" /><testcase classname="tests.test_iter_global_vibez_dsg_2026_01.TestRideCompleteEdgeCases" name="test_driver_flips_back_to_available_in_active_drivers_after_complete" time="0.258" /><testcase classname="tests.test_iter_global_vibez_dsg_2026_01.TestRiderHistory" name="test_unauthenticated_returns_401" time="0.113" /><testcase classname="tests.test_iter_global_vibez_dsg_2026_01.TestRiderHistory" name="test_authenticated_returns_completed_ride" time="0.203" /><testcase classname="tests.test_iter_global_vibez_dsg_2026_01.TestUberRemoved" name="test_uber_paths_return_404[/api/uber/health]" time="0.051" /><testcase classname="tests.test_iter_global_vibez_dsg_2026_01.TestUberRemoved" name="test_uber_paths_return_404[/api/uber/quote]" time="0.049" /><testcase classname="tests.test_iter_global_vibez_dsg_2026_01.TestUberRemoved" name="test_uber_paths_return_404[/api/uber/request-ride]" time="0.051" /><testcase classname="tests.test_iter_global_vibez_dsg_2026_01.TestUberRemoved" name="test_uber_paths_return_404[/api/uber/foo]" time="0.049" /><testcase classname="tests.test_iter_global_vibez_dsg_2026_01.TestAgoraVibeCall" name="test_agora_health_public" time="0.051" /><testcase classname="tests.test_iter_global_vibez_dsg_2026_01.TestAgoraVibeCall" name="test_rtc_token_requires_auth" time="0.144" /><testcase classname="tests.test_iter_global_vibez_dsg_2026_01.TestAgoraVibeCall" name="test_rtc_token_validates_channel_pattern" time="0.048" /><testcase classname="tests.test_iter_global_vibez_dsg_2026_01.TestAgoraVibeCall" name="test_rtc_token_authed_returns_token" time="0.098" /><testcase classname="tests.test_iter_global_vibez_dsg_2026_01.TestVibePhone" name="test_me_unauth" time="0.107" /><testcase classname="tests.test_iter_global_vibez_dsg_2026_01.TestVibePhone" name="test_provision_idempotent" time="0.103" /><testcase classname="tests.test_iter_global_vibez_dsg_2026_01.TestVibePhone" name="test_lookup_returns_user_id" time="0.105" /><testcase classname="tests.test_iter_global_vibez_dsg_2026_01.TestVibePhone" name="test_lookup_bad_format_400" time="0.055" /><testcase classname="tests.test_iter_global_vibez_dsg_2026_01.TestVibePhone" name="test_initiate_call_returns_channel" time="0.053" /><testcase classname="tests.test_iter_global_vibez_dsg_2026_01.TestVibePhone" name="test_cannot_call_yourself" time="0.096" /><testcase classname="tests.test_iter_global_vibez_dsg_2026_01.TestVibePhone" name="test_pstn_eligibility_free_user" time="0.056" /><testcase classname="tests.test_iter_global_vibez_dsg_2026_01.TestVibePhone" name="test_pstn_provision_blocks_free_user" time="0.049" /><testcase classname="tests.test_iter_global_vibez_dsg_2026_01.TestSafeVibeStakes" name="test_pool_endpoint_includes_surge" time="0.050" /><testcase classname="tests.test_iter_global_vibez_dsg_2026_01.TestSafeVibeStakes" name="test_surge_endpoint_public" time="0.051" /><testcase classname="tests.test_iter_global_vibez_dsg_2026_01.TestSafeVibeStakes" name="test_treasury_dashboard_shape" time="0.052" /><testcase classname="tests.test_iter_global_vibez_dsg_2026_01.TestSafeVibeStakes" name="test_premium_price_curve" time="0.051" /><testcase classname="tests.test_iter_global_vibez_dsg_2026_01.TestSafeVibeStakes" name="test_premium_subscribe_requires_auth" time="0.109" /><testcase classname="tests.test_iter_global_vibez_dsg_2026_01.TestSafeVibeStakes" name="test_premium_subscribe_runs_4_3_3_rake" time="0.063" /><testcase classname="tests.test_iter_global_vibez_dsg_2026_01_safestakes_extra.TestTreasuryAnonymization" name="test_no_raw_user_id_in_leaderboard" time="0.123" /><testcase classname="tests.test_iter_global_vibez_dsg_2026_01_safestakes_extra.TestTreasuryAnonymization" name="test_treasury_surge_shape" time="0.055" /><testcase classname="tests.test_iter_global_vibez_dsg_2026_01_safestakes_extra.TestProfitShareMe" name="test_unauth_returns_401" time="0.057" /><testcase classname="tests.test_iter_global_vibez_dsg_2026_01_safestakes_extra.TestProfitShareMe" name="test_auth_returns_expected_keys" time="0.168" /><testcase classname="tests.test_iter_global_vibez_dsg_2026_01_safestakes_extra.TestPremiumPriceMath" name="test_current_plus_step_equals_next" time="0.088" /><testcase classname="tests.test_iter_global_vibez_dsg_2026_01_safestakes_extra.TestPremiumPriceMath" name="test_grandfathered_null_for_anon" time="0.105" /><testcase classname="tests.test_iter_global_vibez_dsg_2026_01_safestakes_extra.TestRakeMathPrecision" name="test_subscribe_with_decimal_amount" time="0.054" /><testcase classname="tests.test_iter_global_vibez_dsg_2026_01_safestakes_extra.TestRakeMathPrecision" name="test_subscribe_rejects_zero_or_negative" time="0.070" /><testcase classname="tests.test_iter_global_vibez_dsg_2026_01_safestakes_extra.TestRakeMathPrecision" name="test_grandfathered_price_persisted_after_subscribe" time="0.051" /><testcase classname="tests.test_iter_global_vibez_dsg_2026_01_safestakes_extra.TestAdminReserveGate" name="test_no_cookie_returns_401_or_403" time="0.055" /></testsuite></testsuites>