<?xml version="1.0" encoding="utf-8"?><testsuites name="pytest tests"><testsuite name="pytest" errors="0" failures="0" skipped="0" tests="10" time="2.027" timestamp="2026-04-21T00:40:04.010606+00:00" hostname="agent-env-d18ffc68-6865-4910-bcea-395826c8d1cd"><testcase classname="backend.tests.test_session108_handover.TestBondsUnlockRules" name="test_returns_four_stats" time="0.297" /><testcase classname="backend.tests.test_session108_handover.TestBondsUnlockRules" name="test_date_count_first_rule" time="0.115" /><testcase classname="backend.tests.test_session108_handover.TestBondsList" name="test_empty_user_returns_structure" time="0.120" /><testcase classname="backend.tests.test_session108_handover.TestTeleportUnlockRules" name="test_returns_rules_table" time="0.144" /><testcase classname="backend.tests.test_session108_handover.TestTeleportMyVfx" name="test_auto_init_new_user" time="0.121" /><testcase classname="backend.tests.test_session108_handover.TestBondMilestoneRegression" name="test_milestone_unlocks_twin_flame_at_3" time="0.386" /><testcase classname="backend.tests.test_session108_handover.TestEndVrDate" name="test_end_vr_date_triggers_bond_and_teleport" time="0.260" /><testcase classname="backend.tests.test_session108_handover.TestVibe654Regression" name="test_list_tables" time="0.116" /><testcase classname="backend.tests.test_session108_handover.TestVibe654Regression" name="test_create_table_100k" time="0.213" /><testcase classname="backend.tests.test_session108_handover.TestWsRideStatus" name="test_ride_status_ws_streams_frame" time="0.183" /></testsuite></testsuites>