<?xml version="1.0" encoding="utf-8"?><testsuites name="pytest tests"><testsuite name="pytest" errors="0" failures="0" skipped="0" tests="14" time="1.944" timestamp="2026-05-04T06:59:15.116598+00:00" hostname="agent-env-d18ffc68-6865-4910-bcea-395826c8d1cd"><testcase classname="tests.test_sovereign_ops_v11_v12.TestBurnSchedule" name="test_public_schedule_returns_v12_values" time="0.230" /><testcase classname="tests.test_sovereign_ops_v11_v12.TestBurnExecute" name="test_no_cookie_returns_401_or_403" time="0.109" /><testcase classname="tests.test_sovereign_ops_v11_v12.TestBurnExecute" name="test_dry_run_true_success" time="0.180" /><testcase classname="tests.test_sovereign_ops_v11_v12.TestBurnExecute" name="test_live_burn_is_blocked" time="0.047" /><testcase classname="tests.test_sovereign_ops_v11_v12.TestBridgeRequest" name="test_unauth_returns_401" time="0.110" /><testcase classname="tests.test_sovereign_ops_v11_v12.TestBridgeRequest" name="test_request_debits_and_stages" time="0.406" /><testcase classname="tests.test_sovereign_ops_v11_v12.TestBridgeRequest" name="test_insufficient_balance_returns_402" time="0.104" /><testcase classname="tests.test_sovereign_ops_v11_v12.TestBridgeAdminLifecycle" name="test_queue_lists_rows_and_counts" time="0.069" /><testcase classname="tests.test_sovereign_ops_v11_v12.TestBridgeAdminLifecycle" name="test_approve_then_broadcast_dry" time="0.094" /><testcase classname="tests.test_sovereign_ops_v11_v12.TestBridgeAdminLifecycle" name="test_broadcast_live_is_blocked" time="0.202" /><testcase classname="tests.test_sovereign_ops_v11_v12.TestBridgeAdminLifecycle" name="test_reject_refunds_coins" time="0.193" /><testcase classname="tests.test_sovereign_ops_v11_v12.TestInactivityReap" name="test_candidates_returns_shape" time="0.049" /><testcase classname="tests.test_sovereign_ops_v11_v12.TestInactivityReap" name="test_run_dry_logs_no_coin_movement" time="0.047" /><testcase classname="tests.test_sovereign_ops_v11_v12.TestInactivityReap" name="test_run_live_allowed_off_chain" time="0.047" /></testsuite></testsuites>