<?xml version="1.0" encoding="utf-8"?><testsuites name="pytest tests"><testsuite name="pytest" errors="0" failures="0" skipped="0" tests="21" time="1.124" timestamp="2026-05-04T07:40:38.292344+00:00" hostname="agent-env-d18ffc68-6865-4910-bcea-395826c8d1cd"><testcase classname="tests.test_sovereign_v9_1_validator_and_payouts.TestSovereignValidator" name="test_apply_sovereign_tax_135_pct" time="0.001" /><testcase classname="tests.test_sovereign_v9_1_validator_and_payouts.TestSovereignValidator" name="test_apply_sovereign_tax_zero_and_negative" time="0.000" /><testcase classname="tests.test_sovereign_v9_1_validator_and_payouts.TestSovereignValidator" name="test_big_joker_beats_ace_under_downtown_spades_trump" time="0.000" /><testcase classname="tests.test_sovereign_v9_1_validator_and_payouts.TestSovereignValidator" name="test_little_joker_beats_ace_uptown" time="0.000" /><testcase classname="tests.test_sovereign_v9_1_validator_and_payouts.TestSovereignValidator" name="test_big_beats_little_joker" time="0.000" /><testcase classname="tests.test_sovereign_v9_1_validator_and_payouts.TestSovereignValidator" name="test_jokers_inert_under_no_trump" time="0.000" /><testcase classname="tests.test_sovereign_v9_1_validator_and_payouts.TestSovereignValidator" name="test_downtown_two_beats_ace_when_no_jokers" time="0.000" /><testcase classname="tests.test_sovereign_v9_1_validator_and_payouts.TestSovereignValidator" name="test_validate_turn_time" time="0.000" /><testcase classname="tests.test_sovereign_v9_1_validator_and_payouts.TestTurnTimerEndpoint" name="test_burn_schedule_smoke" time="0.134" /><testcase classname="tests.test_sovereign_v9_1_validator_and_payouts.TestTurnTimerEndpoint" name="test_unknown_game_type_400" time="0.155" /><testcase classname="tests.test_sovereign_v9_1_validator_and_payouts.TestTurnTimerEndpoint" name="test_missing_game_404" time="0.167" /><testcase classname="tests.test_sovereign_v9_1_validator_and_payouts.TestTurnTimerEndpoint" name="test_validation_error_short_id" time="0.104" /><testcase classname="tests.test_sovereign_v9_1_validator_and_payouts.TestBidWhistTurnStamp" name="test_stamp_writes_field" time="0.341" /><testcase classname="tests.test_sovereign_v9_1_validator_and_payouts.TestBidWhistTurnStamp" name="test_check_endpoint_returns_time_ok_for_fresh_stamp" time="0.137" /><testcase classname="tests.test_sovereign_v9_1_validator_and_payouts.TestSourceCodeWiring" name="test_spades_uses_settle_taxable_payout" time="0.000" /><testcase classname="tests.test_sovereign_v9_1_validator_and_payouts.TestSourceCodeWiring" name="test_bid_whist_uses_settle_taxable_payout" time="0.000" /><testcase classname="tests.test_sovereign_v9_1_validator_and_payouts.TestSourceCodeWiring" name="test_vibez_654_uses_apply_sovereign_tax" time="0.000" /><testcase classname="tests.test_sovereign_v9_1_validator_and_payouts.TestSourceCodeWiring" name="test_turn_timer_router_registered" time="0.000" /><testcase classname="tests.test_sovereign_v9_1_validator_and_payouts.TestSourceCodeWiring" name="test_card_game_payouts_helper_inserts_gross_tax_net" time="0.000" /><testcase classname="tests.test_sovereign_v9_1_validator_and_payouts.TestSourceCodeWiring" name="test_bid_whist_grand_master_no_inversion_bug" time="0.000" /><testcase classname="tests.test_sovereign_v9_1_validator_and_payouts.TestVibez654Wiring" name="test_payout_response_includes_net_payout_and_sovereign_tax" time="0.000" /></testsuite></testsuites>