<?xml version="1.0" encoding="utf-8"?><testsuites name="pytest tests"><testsuite name="pytest" errors="0" failures="0" skipped="0" tests="10" time="3.579" timestamp="2026-05-02T00:34:11.753073+00:00" hostname="agent-env-d18ffc68-6865-4910-bcea-395826c8d1cd"><testcase classname="backend.tests.test_spades_aaa" name="test_rulesets_endpoint" time="0.247" /><testcase classname="backend.tests.test_spades_aaa" name="test_start_classic_returns_13_cards" time="0.259" /><testcase classname="backend.tests.test_spades_aaa" name="test_start_big_wheel_includes_promoted_trumps_in_deck" time="0.339" /><testcase classname="backend.tests.test_spades_aaa" name="test_start_rejects_unknown_ruleset" time="0.243" /><testcase classname="backend.tests.test_spades_aaa" name="test_state_returns_same_game" time="0.381" /><testcase classname="backend.tests.test_spades_aaa" name="test_user_bid_advances_phase_to_playing" time="0.346" /><testcase classname="backend.tests.test_spades_aaa" name="test_bid_rejects_out_of_range" time="0.355" /><testcase classname="backend.tests.test_spades_aaa" name="test_full_trick_advances_state" time="0.539" /><testcase classname="backend.tests.test_spades_aaa" name="test_play_invalid_card_rejected" time="0.444" /><testcase classname="backend.tests.test_spades_aaa" name="test_new_hand_redeals" time="0.361" /></testsuite></testsuites>