<?xml version="1.0" encoding="utf-8"?><testsuites name="pytest tests"><testsuite name="pytest" errors="0" failures="0" skipped="0" tests="8" time="2.939" timestamp="2026-05-10T02:23:53.115397+00:00" hostname="agent-env-d18ffc68-6865-4910-bcea-395826c8d1cd"><testcase classname="backend.tests.test_v654_sidebets_iter_2026_05.TestSideBetTypes" name="test_returns_11_types" time="1.050" /><testcase classname="backend.tests.test_v654_sidebets_iter_2026_05.TestStartWithSideBets" name="test_start_with_mixed_side_bets_200" time="0.529" /><testcase classname="backend.tests.test_v654_sidebets_iter_2026_05.TestStartWithSideBets" name="test_start_unknown_side_bet_type_400" time="0.128" /><testcase classname="backend.tests.test_v654_sidebets_iter_2026_05.TestStartWithSideBets" name="test_start_insufficient_balance_402" time="0.109" /><testcase classname="backend.tests.test_v654_sidebets_iter_2026_05.TestSideBetEvaluation" name="test_full_flow_side_bets_evaluated_on_roll_1" time="0.364" /><testcase classname="backend.tests.test_v654_sidebets_iter_2026_05.TestHistory" name="test_history_returns_recent_rows" time="0.424" /><testcase classname="backend.tests.test_v654_sidebets_iter_2026_05.TestHistory" name="test_history_limit_clamps" time="0.106" /><testcase classname="backend.tests.test_v654_sidebets_iter_2026_05.TestHistory" name="test_history_unauthenticated_401" time="0.144" /></testsuite></testsuites>